ARM GAS  /tmp/ccgX7xlB.s 			page 1


   1              		.syntax unified
   2              		.cpu cortex-m4
   3              		.eabi_attribute 27, 3
   4              		.fpu fpv4-sp-d16
   5              		.eabi_attribute 20, 1
   6              		.eabi_attribute 21, 1
   7              		.eabi_attribute 23, 3
   8              		.eabi_attribute 24, 1
   9              		.eabi_attribute 25, 1
  10              		.eabi_attribute 26, 1
  11              		.eabi_attribute 30, 6
  12              		.eabi_attribute 34, 1
  13              		.eabi_attribute 18, 4
  14              		.thumb
  15              		.file	"stm32f3xx_it.c"
  16              		.text
  17              	.Ltext0:
  18              		.cfi_sections	.debug_frame
  19              		.section	.text.SysTick_Handler,"ax",%progbits
  20              		.align	2
  21              		.global	SysTick_Handler
  22              		.thumb
  23              		.thumb_func
  25              	SysTick_Handler:
  26              	.LFB125:
  27              		.file 1 "Src/stm32f3xx_it.c"
   1:Src/stm32f3xx_it.c **** /**
   2:Src/stm32f3xx_it.c ****   ******************************************************************************
   3:Src/stm32f3xx_it.c ****   * @file    stm32f3xx_it.c
   4:Src/stm32f3xx_it.c ****   * @brief   Interrupt Service Routines.
   5:Src/stm32f3xx_it.c ****   ******************************************************************************
   6:Src/stm32f3xx_it.c ****   *
   7:Src/stm32f3xx_it.c ****   * COPYRIGHT(c) 2016 STMicroelectronics
   8:Src/stm32f3xx_it.c ****   *
   9:Src/stm32f3xx_it.c ****   * Redistribution and use in source and binary forms, with or without modification,
  10:Src/stm32f3xx_it.c ****   * are permitted provided that the following conditions are met:
  11:Src/stm32f3xx_it.c ****   *   1. Redistributions of source code must retain the above copyright notice,
  12:Src/stm32f3xx_it.c ****   *      this list of conditions and the following disclaimer.
  13:Src/stm32f3xx_it.c ****   *   2. Redistributions in binary form must reproduce the above copyright notice,
  14:Src/stm32f3xx_it.c ****   *      this list of conditions and the following disclaimer in the documentation
  15:Src/stm32f3xx_it.c ****   *      and/or other materials provided with the distribution.
  16:Src/stm32f3xx_it.c ****   *   3. Neither the name of STMicroelectronics nor the names of its contributors
  17:Src/stm32f3xx_it.c ****   *      may be used to endorse or promote products derived from this software
  18:Src/stm32f3xx_it.c ****   *      without specific prior written permission.
  19:Src/stm32f3xx_it.c ****   *
  20:Src/stm32f3xx_it.c ****   * THIS SOFTWARE IS PROVIDED BY THE COPYRIGHT HOLDERS AND CONTRIBUTORS "AS IS"
  21:Src/stm32f3xx_it.c ****   * AND ANY EXPRESS OR IMPLIED WARRANTIES, INCLUDING, BUT NOT LIMITED TO, THE
  22:Src/stm32f3xx_it.c ****   * IMPLIED WARRANTIES OF MERCHANTABILITY AND FITNESS FOR A PARTICULAR PURPOSE ARE
  23:Src/stm32f3xx_it.c ****   * DISCLAIMED. IN NO EVENT SHALL THE COPYRIGHT HOLDER OR CONTRIBUTORS BE LIABLE
  24:Src/stm32f3xx_it.c ****   * FOR ANY DIRECT, INDIRECT, INCIDENTAL, SPECIAL, EXEMPLARY, OR CONSEQUENTIAL
  25:Src/stm32f3xx_it.c ****   * DAMAGES (INCLUDING, BUT NOT LIMITED TO, PROCUREMENT OF SUBSTITUTE GOODS OR
  26:Src/stm32f3xx_it.c ****   * SERVICES; LOSS OF USE, DATA, OR PROFITS; OR BUSINESS INTERRUPTION) HOWEVER
  27:Src/stm32f3xx_it.c ****   * CAUSED AND ON ANY THEORY OF LIABILITY, WHETHER IN CONTRACT, STRICT LIABILITY,
  28:Src/stm32f3xx_it.c ****   * OR TORT (INCLUDING NEGLIGENCE OR OTHERWISE) ARISING IN ANY WAY OUT OF THE USE
  29:Src/stm32f3xx_it.c ****   * OF THIS SOFTWARE, EVEN IF ADVISED OF THE POSSIBILITY OF SUCH DAMAGE.
  30:Src/stm32f3xx_it.c ****   *
  31:Src/stm32f3xx_it.c ****   ******************************************************************************
ARM GAS  /tmp/ccgX7xlB.s 			page 2


  32:Src/stm32f3xx_it.c ****   */
  33:Src/stm32f3xx_it.c **** /* Includes ------------------------------------------------------------------*/
  34:Src/stm32f3xx_it.c **** #include "stm32f3xx_hal.h"
  35:Src/stm32f3xx_it.c **** #include "stm32f3xx.h"
  36:Src/stm32f3xx_it.c **** #include "stm32f3xx_it.h"
  37:Src/stm32f3xx_it.c **** 
  38:Src/stm32f3xx_it.c **** /* USER CODE BEGIN 0 */
  39:Src/stm32f3xx_it.c **** 
  40:Src/stm32f3xx_it.c **** /* USER CODE END 0 */
  41:Src/stm32f3xx_it.c **** 
  42:Src/stm32f3xx_it.c **** /* External variables --------------------------------------------------------*/
  43:Src/stm32f3xx_it.c **** 
  44:Src/stm32f3xx_it.c **** /******************************************************************************/
  45:Src/stm32f3xx_it.c **** /*            Cortex-M4 Processor Interruption and Exception Handlers         */ 
  46:Src/stm32f3xx_it.c **** /******************************************************************************/
  47:Src/stm32f3xx_it.c **** 
  48:Src/stm32f3xx_it.c **** /**
  49:Src/stm32f3xx_it.c **** * @brief This function handles System tick timer.
  50:Src/stm32f3xx_it.c **** */
  51:Src/stm32f3xx_it.c **** void SysTick_Handler(void)
  52:Src/stm32f3xx_it.c **** {
  28              		.loc 1 52 0
  29              		.cfi_startproc
  30              		@ args = 0, pretend = 0, frame = 0
  31              		@ frame_needed = 1, uses_anonymous_args = 0
  32 0000 80B5     		push	{r7, lr}
  33              	.LCFI0:
  34              		.cfi_def_cfa_offset 8
  35              		.cfi_offset 7, -8
  36              		.cfi_offset 14, -4
  37 0002 00AF     		add	r7, sp, #0
  38              	.LCFI1:
  39              		.cfi_def_cfa_register 7
  53:Src/stm32f3xx_it.c ****   /* USER CODE BEGIN SysTick_IRQn 0 */
  54:Src/stm32f3xx_it.c **** 
  55:Src/stm32f3xx_it.c ****   /* USER CODE END SysTick_IRQn 0 */
  56:Src/stm32f3xx_it.c ****   HAL_IncTick();
  40              		.loc 1 56 0
  41 0004 FFF7FEFF 		bl	HAL_IncTick
  57:Src/stm32f3xx_it.c ****   HAL_SYSTICK_IRQHandler();
  42              		.loc 1 57 0
  43 0008 FFF7FEFF 		bl	HAL_SYSTICK_IRQHandler
  58:Src/stm32f3xx_it.c ****   /* USER CODE BEGIN SysTick_IRQn 1 */
  59:Src/stm32f3xx_it.c **** 
  60:Src/stm32f3xx_it.c ****   /* USER CODE END SysTick_IRQn 1 */
  61:Src/stm32f3xx_it.c **** }
  44              		.loc 1 61 0
  45 000c 80BD     		pop	{r7, pc}
  46              		.cfi_endproc
  47              	.LFE125:
  49 000e 00BF     		.text
  50              	.Letext0:
  51              		.file 2 "/usr/include/newlib/machine/_default_types.h"
  52              		.file 3 "/usr/include/newlib/stdint.h"
  53              		.file 4 "Drivers/CMSIS/Include/core_cm4.h"
ARM GAS  /tmp/ccgX7xlB.s 			page 3


DEFINED SYMBOLS
                            *ABS*:0000000000000000 stm32f3xx_it.c
     /tmp/ccgX7xlB.s:20     .text.SysTick_Handler:0000000000000000 $t
     /tmp/ccgX7xlB.s:25     .text.SysTick_Handler:0000000000000000 SysTick_Handler
                     .debug_frame:0000000000000010 $d

UNDEFINED SYMBOLS
HAL_IncTick
HAL_SYSTICK_IRQHandler
