ARM GAS  /tmp/ccGIgcxw.s 			page 1


   1              		.syntax unified
   2              		.cpu cortex-m4
   3              		.eabi_attribute 27, 3
   4              		.fpu fpv4-sp-d16
   5              		.eabi_attribute 20, 1
   6              		.eabi_attribute 21, 1
   7              		.eabi_attribute 23, 3
   8              		.eabi_attribute 24, 1
   9              		.eabi_attribute 25, 1
  10              		.eabi_attribute 26, 1
  11              		.eabi_attribute 30, 6
  12              		.eabi_attribute 34, 1
  13              		.eabi_attribute 18, 4
  14              		.thumb
  15              		.file	"stm32f3xx_hal_msp.c"
  16              		.text
  17              	.Ltext0:
  18              		.cfi_sections	.debug_frame
  19              		.section	.text.HAL_MspInit,"ax",%progbits
  20              		.align	2
  21              		.global	HAL_MspInit
  22              		.thumb
  23              		.thumb_func
  25              	HAL_MspInit:
  26              	.LFB125:
  27              		.file 1 "Src/stm32f3xx_hal_msp.c"
   1:Src/stm32f3xx_hal_msp.c **** /**
   2:Src/stm32f3xx_hal_msp.c ****   ******************************************************************************
   3:Src/stm32f3xx_hal_msp.c ****   * File Name          : stm32f3xx_hal_msp.c
   4:Src/stm32f3xx_hal_msp.c ****   * Description        : This file provides code for the MSP Initialization 
   5:Src/stm32f3xx_hal_msp.c ****   *                      and de-Initialization codes.
   6:Src/stm32f3xx_hal_msp.c ****   ******************************************************************************
   7:Src/stm32f3xx_hal_msp.c ****   *
   8:Src/stm32f3xx_hal_msp.c ****   * COPYRIGHT(c) 2016 STMicroelectronics
   9:Src/stm32f3xx_hal_msp.c ****   *
  10:Src/stm32f3xx_hal_msp.c ****   * Redistribution and use in source and binary forms, with or without modification,
  11:Src/stm32f3xx_hal_msp.c ****   * are permitted provided that the following conditions are met:
  12:Src/stm32f3xx_hal_msp.c ****   *   1. Redistributions of source code must retain the above copyright notice,
  13:Src/stm32f3xx_hal_msp.c ****   *      this list of conditions and the following disclaimer.
  14:Src/stm32f3xx_hal_msp.c ****   *   2. Redistributions in binary form must reproduce the above copyright notice,
  15:Src/stm32f3xx_hal_msp.c ****   *      this list of conditions and the following disclaimer in the documentation
  16:Src/stm32f3xx_hal_msp.c ****   *      and/or other materials provided with the distribution.
  17:Src/stm32f3xx_hal_msp.c ****   *   3. Neither the name of STMicroelectronics nor the names of its contributors
  18:Src/stm32f3xx_hal_msp.c ****   *      may be used to endorse or promote products derived from this software
  19:Src/stm32f3xx_hal_msp.c ****   *      without specific prior written permission.
  20:Src/stm32f3xx_hal_msp.c ****   *
  21:Src/stm32f3xx_hal_msp.c ****   * THIS SOFTWARE IS PROVIDED BY THE COPYRIGHT HOLDERS AND CONTRIBUTORS "AS IS"
  22:Src/stm32f3xx_hal_msp.c ****   * AND ANY EXPRESS OR IMPLIED WARRANTIES, INCLUDING, BUT NOT LIMITED TO, THE
  23:Src/stm32f3xx_hal_msp.c ****   * IMPLIED WARRANTIES OF MERCHANTABILITY AND FITNESS FOR A PARTICULAR PURPOSE ARE
  24:Src/stm32f3xx_hal_msp.c ****   * DISCLAIMED. IN NO EVENT SHALL THE COPYRIGHT HOLDER OR CONTRIBUTORS BE LIABLE
  25:Src/stm32f3xx_hal_msp.c ****   * FOR ANY DIRECT, INDIRECT, INCIDENTAL, SPECIAL, EXEMPLARY, OR CONSEQUENTIAL
  26:Src/stm32f3xx_hal_msp.c ****   * DAMAGES (INCLUDING, BUT NOT LIMITED TO, PROCUREMENT OF SUBSTITUTE GOODS OR
  27:Src/stm32f3xx_hal_msp.c ****   * SERVICES; LOSS OF USE, DATA, OR PROFITS; OR BUSINESS INTERRUPTION) HOWEVER
  28:Src/stm32f3xx_hal_msp.c ****   * CAUSED AND ON ANY THEORY OF LIABILITY, WHETHER IN CONTRACT, STRICT LIABILITY,
  29:Src/stm32f3xx_hal_msp.c ****   * OR TORT (INCLUDING NEGLIGENCE OR OTHERWISE) ARISING IN ANY WAY OUT OF THE USE
  30:Src/stm32f3xx_hal_msp.c ****   * OF THIS SOFTWARE, EVEN IF ADVISED OF THE POSSIBILITY OF SUCH DAMAGE.
  31:Src/stm32f3xx_hal_msp.c ****   *
ARM GAS  /tmp/ccGIgcxw.s 			page 2


  32:Src/stm32f3xx_hal_msp.c ****   ******************************************************************************
  33:Src/stm32f3xx_hal_msp.c ****   */
  34:Src/stm32f3xx_hal_msp.c **** /* Includes ------------------------------------------------------------------*/
  35:Src/stm32f3xx_hal_msp.c **** #include "stm32f3xx_hal.h"
  36:Src/stm32f3xx_hal_msp.c **** 
  37:Src/stm32f3xx_hal_msp.c **** extern void Error_Handler(void);
  38:Src/stm32f3xx_hal_msp.c **** /* USER CODE BEGIN 0 */
  39:Src/stm32f3xx_hal_msp.c **** 
  40:Src/stm32f3xx_hal_msp.c **** /* USER CODE END 0 */
  41:Src/stm32f3xx_hal_msp.c **** 
  42:Src/stm32f3xx_hal_msp.c **** /**
  43:Src/stm32f3xx_hal_msp.c ****   * Initializes the Global MSP.
  44:Src/stm32f3xx_hal_msp.c ****   */
  45:Src/stm32f3xx_hal_msp.c **** void HAL_MspInit(void)
  46:Src/stm32f3xx_hal_msp.c **** {
  28              		.loc 1 46 0
  29              		.cfi_startproc
  30              		@ args = 0, pretend = 0, frame = 8
  31              		@ frame_needed = 1, uses_anonymous_args = 0
  32 0000 80B5     		push	{r7, lr}
  33              	.LCFI0:
  34              		.cfi_def_cfa_offset 8
  35              		.cfi_offset 7, -8
  36              		.cfi_offset 14, -4
  37 0002 82B0     		sub	sp, sp, #8
  38              	.LCFI1:
  39              		.cfi_def_cfa_offset 16
  40 0004 00AF     		add	r7, sp, #0
  41              	.LCFI2:
  42              		.cfi_def_cfa_register 7
  43              	.LBB2:
  47:Src/stm32f3xx_hal_msp.c ****   /* USER CODE BEGIN MspInit 0 */
  48:Src/stm32f3xx_hal_msp.c **** 
  49:Src/stm32f3xx_hal_msp.c ****   /* USER CODE END MspInit 0 */
  50:Src/stm32f3xx_hal_msp.c **** 
  51:Src/stm32f3xx_hal_msp.c ****   __HAL_RCC_SYSCFG_CLK_ENABLE();
  44              		.loc 1 51 0
  45 0006 1E4B     		ldr	r3, .L2
  46 0008 1D4A     		ldr	r2, .L2
  47 000a 9269     		ldr	r2, [r2, #24]
  48 000c 42F00102 		orr	r2, r2, #1
  49 0010 9A61     		str	r2, [r3, #24]
  50 0012 1B4B     		ldr	r3, .L2
  51 0014 9B69     		ldr	r3, [r3, #24]
  52 0016 03F00103 		and	r3, r3, #1
  53 001a 7B60     		str	r3, [r7, #4]
  54 001c 7B68     		ldr	r3, [r7, #4]
  55              	.LBE2:
  52:Src/stm32f3xx_hal_msp.c **** 
  53:Src/stm32f3xx_hal_msp.c ****   HAL_NVIC_SetPriorityGrouping(NVIC_PRIORITYGROUP_0);
  56              		.loc 1 53 0
  57 001e 0720     		movs	r0, #7
  58 0020 FFF7FEFF 		bl	HAL_NVIC_SetPriorityGrouping
  54:Src/stm32f3xx_hal_msp.c **** 
  55:Src/stm32f3xx_hal_msp.c ****   /* System interrupt init*/
  56:Src/stm32f3xx_hal_msp.c ****   /* MemoryManagement_IRQn interrupt configuration */
  57:Src/stm32f3xx_hal_msp.c ****   HAL_NVIC_SetPriority(MemoryManagement_IRQn, 0, 0);
ARM GAS  /tmp/ccGIgcxw.s 			page 3


  59              		.loc 1 57 0
  60 0024 6FF00B00 		mvn	r0, #11
  61 0028 0021     		movs	r1, #0
  62 002a 0022     		movs	r2, #0
  63 002c FFF7FEFF 		bl	HAL_NVIC_SetPriority
  58:Src/stm32f3xx_hal_msp.c ****   /* BusFault_IRQn interrupt configuration */
  59:Src/stm32f3xx_hal_msp.c ****   HAL_NVIC_SetPriority(BusFault_IRQn, 0, 0);
  64              		.loc 1 59 0
  65 0030 6FF00A00 		mvn	r0, #10
  66 0034 0021     		movs	r1, #0
  67 0036 0022     		movs	r2, #0
  68 0038 FFF7FEFF 		bl	HAL_NVIC_SetPriority
  60:Src/stm32f3xx_hal_msp.c ****   /* UsageFault_IRQn interrupt configuration */
  61:Src/stm32f3xx_hal_msp.c ****   HAL_NVIC_SetPriority(UsageFault_IRQn, 0, 0);
  69              		.loc 1 61 0
  70 003c 6FF00900 		mvn	r0, #9
  71 0040 0021     		movs	r1, #0
  72 0042 0022     		movs	r2, #0
  73 0044 FFF7FEFF 		bl	HAL_NVIC_SetPriority
  62:Src/stm32f3xx_hal_msp.c ****   /* SVCall_IRQn interrupt configuration */
  63:Src/stm32f3xx_hal_msp.c ****   HAL_NVIC_SetPriority(SVCall_IRQn, 0, 0);
  74              		.loc 1 63 0
  75 0048 6FF00400 		mvn	r0, #4
  76 004c 0021     		movs	r1, #0
  77 004e 0022     		movs	r2, #0
  78 0050 FFF7FEFF 		bl	HAL_NVIC_SetPriority
  64:Src/stm32f3xx_hal_msp.c ****   /* DebugMonitor_IRQn interrupt configuration */
  65:Src/stm32f3xx_hal_msp.c ****   HAL_NVIC_SetPriority(DebugMonitor_IRQn, 0, 0);
  79              		.loc 1 65 0
  80 0054 6FF00300 		mvn	r0, #3
  81 0058 0021     		movs	r1, #0
  82 005a 0022     		movs	r2, #0
  83 005c FFF7FEFF 		bl	HAL_NVIC_SetPriority
  66:Src/stm32f3xx_hal_msp.c ****   /* PendSV_IRQn interrupt configuration */
  67:Src/stm32f3xx_hal_msp.c ****   HAL_NVIC_SetPriority(PendSV_IRQn, 0, 0);
  84              		.loc 1 67 0
  85 0060 6FF00100 		mvn	r0, #1
  86 0064 0021     		movs	r1, #0
  87 0066 0022     		movs	r2, #0
  88 0068 FFF7FEFF 		bl	HAL_NVIC_SetPriority
  68:Src/stm32f3xx_hal_msp.c ****   /* SysTick_IRQn interrupt configuration */
  69:Src/stm32f3xx_hal_msp.c ****   HAL_NVIC_SetPriority(SysTick_IRQn, 0, 0);
  89              		.loc 1 69 0
  90 006c 4FF0FF30 		mov	r0, #-1
  91 0070 0021     		movs	r1, #0
  92 0072 0022     		movs	r2, #0
  93 0074 FFF7FEFF 		bl	HAL_NVIC_SetPriority
  70:Src/stm32f3xx_hal_msp.c **** 
  71:Src/stm32f3xx_hal_msp.c ****   /* USER CODE BEGIN MspInit 1 */
  72:Src/stm32f3xx_hal_msp.c **** 
  73:Src/stm32f3xx_hal_msp.c ****   /* USER CODE END MspInit 1 */
  74:Src/stm32f3xx_hal_msp.c **** }
  94              		.loc 1 74 0
  95 0078 0837     		adds	r7, r7, #8
  96 007a BD46     		mov	sp, r7
  97              		@ sp needed
  98 007c 80BD     		pop	{r7, pc}
ARM GAS  /tmp/ccGIgcxw.s 			page 4


  99              	.L3:
 100 007e 00BF     		.align	2
 101              	.L2:
 102 0080 00100240 		.word	1073876992
 103              		.cfi_endproc
 104              	.LFE125:
 106              		.section	.text.HAL_CAN_MspInit,"ax",%progbits
 107              		.align	2
 108              		.global	HAL_CAN_MspInit
 109              		.thumb
 110              		.thumb_func
 112              	HAL_CAN_MspInit:
 113              	.LFB126:
  75:Src/stm32f3xx_hal_msp.c **** 
  76:Src/stm32f3xx_hal_msp.c **** void HAL_CAN_MspInit(CAN_HandleTypeDef* hcan)
  77:Src/stm32f3xx_hal_msp.c **** {
 114              		.loc 1 77 0
 115              		.cfi_startproc
 116              		@ args = 0, pretend = 0, frame = 32
 117              		@ frame_needed = 1, uses_anonymous_args = 0
 118 0000 80B5     		push	{r7, lr}
 119              	.LCFI3:
 120              		.cfi_def_cfa_offset 8
 121              		.cfi_offset 7, -8
 122              		.cfi_offset 14, -4
 123 0002 88B0     		sub	sp, sp, #32
 124              	.LCFI4:
 125              		.cfi_def_cfa_offset 40
 126 0004 00AF     		add	r7, sp, #0
 127              	.LCFI5:
 128              		.cfi_def_cfa_register 7
 129 0006 7860     		str	r0, [r7, #4]
  78:Src/stm32f3xx_hal_msp.c **** 
  79:Src/stm32f3xx_hal_msp.c ****   GPIO_InitTypeDef GPIO_InitStruct;
  80:Src/stm32f3xx_hal_msp.c ****   if(hcan->Instance==CAN)
 130              		.loc 1 80 0
 131 0008 7B68     		ldr	r3, [r7, #4]
 132 000a 1A68     		ldr	r2, [r3]
 133 000c 104B     		ldr	r3, .L6
 134 000e 9A42     		cmp	r2, r3
 135 0010 1BD1     		bne	.L4
 136              	.LBB3:
  81:Src/stm32f3xx_hal_msp.c ****   {
  82:Src/stm32f3xx_hal_msp.c ****   /* USER CODE BEGIN CAN_MspInit 0 */
  83:Src/stm32f3xx_hal_msp.c **** 
  84:Src/stm32f3xx_hal_msp.c ****   /* USER CODE END CAN_MspInit 0 */
  85:Src/stm32f3xx_hal_msp.c ****     /* Peripheral clock enable */
  86:Src/stm32f3xx_hal_msp.c ****     __HAL_RCC_CAN1_CLK_ENABLE();
 137              		.loc 1 86 0
 138 0012 104B     		ldr	r3, .L6+4
 139 0014 0F4A     		ldr	r2, .L6+4
 140 0016 D269     		ldr	r2, [r2, #28]
 141 0018 42F00072 		orr	r2, r2, #33554432
 142 001c DA61     		str	r2, [r3, #28]
 143 001e 0D4B     		ldr	r3, .L6+4
 144 0020 DB69     		ldr	r3, [r3, #28]
 145 0022 03F00073 		and	r3, r3, #33554432
ARM GAS  /tmp/ccGIgcxw.s 			page 5


 146 0026 BB60     		str	r3, [r7, #8]
 147 0028 BB68     		ldr	r3, [r7, #8]
 148              	.LBE3:
  87:Src/stm32f3xx_hal_msp.c ****   
  88:Src/stm32f3xx_hal_msp.c ****     /**CAN GPIO Configuration    
  89:Src/stm32f3xx_hal_msp.c ****     PD0     ------> CAN_RX
  90:Src/stm32f3xx_hal_msp.c ****     PD1     ------> CAN_TX 
  91:Src/stm32f3xx_hal_msp.c ****     */
  92:Src/stm32f3xx_hal_msp.c ****     GPIO_InitStruct.Pin = GPIO_PIN_0|GPIO_PIN_1;
 149              		.loc 1 92 0
 150 002a 0323     		movs	r3, #3
 151 002c FB60     		str	r3, [r7, #12]
  93:Src/stm32f3xx_hal_msp.c ****     GPIO_InitStruct.Mode = GPIO_MODE_AF_PP;
 152              		.loc 1 93 0
 153 002e 0223     		movs	r3, #2
 154 0030 3B61     		str	r3, [r7, #16]
  94:Src/stm32f3xx_hal_msp.c ****     GPIO_InitStruct.Pull = GPIO_NOPULL;
 155              		.loc 1 94 0
 156 0032 0023     		movs	r3, #0
 157 0034 7B61     		str	r3, [r7, #20]
  95:Src/stm32f3xx_hal_msp.c ****     GPIO_InitStruct.Speed = GPIO_SPEED_FREQ_HIGH;
 158              		.loc 1 95 0
 159 0036 0323     		movs	r3, #3
 160 0038 BB61     		str	r3, [r7, #24]
  96:Src/stm32f3xx_hal_msp.c ****     GPIO_InitStruct.Alternate = GPIO_AF7_CAN;
 161              		.loc 1 96 0
 162 003a 0723     		movs	r3, #7
 163 003c FB61     		str	r3, [r7, #28]
  97:Src/stm32f3xx_hal_msp.c ****     HAL_GPIO_Init(GPIOD, &GPIO_InitStruct);
 164              		.loc 1 97 0
 165 003e 07F10C03 		add	r3, r7, #12
 166 0042 0548     		ldr	r0, .L6+8
 167 0044 1946     		mov	r1, r3
 168 0046 FFF7FEFF 		bl	HAL_GPIO_Init
 169              	.L4:
  98:Src/stm32f3xx_hal_msp.c **** 
  99:Src/stm32f3xx_hal_msp.c ****   /* USER CODE BEGIN CAN_MspInit 1 */
 100:Src/stm32f3xx_hal_msp.c **** 
 101:Src/stm32f3xx_hal_msp.c ****   /* USER CODE END CAN_MspInit 1 */
 102:Src/stm32f3xx_hal_msp.c ****   }
 103:Src/stm32f3xx_hal_msp.c **** 
 104:Src/stm32f3xx_hal_msp.c **** }
 170              		.loc 1 104 0
 171 004a 2037     		adds	r7, r7, #32
 172 004c BD46     		mov	sp, r7
 173              		@ sp needed
 174 004e 80BD     		pop	{r7, pc}
 175              	.L7:
 176              		.align	2
 177              	.L6:
 178 0050 00640040 		.word	1073767424
 179 0054 00100240 		.word	1073876992
 180 0058 000C0048 		.word	1207962624
 181              		.cfi_endproc
 182              	.LFE126:
 184              		.section	.text.HAL_CAN_MspDeInit,"ax",%progbits
 185              		.align	2
ARM GAS  /tmp/ccGIgcxw.s 			page 6


 186              		.global	HAL_CAN_MspDeInit
 187              		.thumb
 188              		.thumb_func
 190              	HAL_CAN_MspDeInit:
 191              	.LFB127:
 105:Src/stm32f3xx_hal_msp.c **** 
 106:Src/stm32f3xx_hal_msp.c **** void HAL_CAN_MspDeInit(CAN_HandleTypeDef* hcan)
 107:Src/stm32f3xx_hal_msp.c **** {
 192              		.loc 1 107 0
 193              		.cfi_startproc
 194              		@ args = 0, pretend = 0, frame = 8
 195              		@ frame_needed = 1, uses_anonymous_args = 0
 196 0000 80B5     		push	{r7, lr}
 197              	.LCFI6:
 198              		.cfi_def_cfa_offset 8
 199              		.cfi_offset 7, -8
 200              		.cfi_offset 14, -4
 201 0002 82B0     		sub	sp, sp, #8
 202              	.LCFI7:
 203              		.cfi_def_cfa_offset 16
 204 0004 00AF     		add	r7, sp, #0
 205              	.LCFI8:
 206              		.cfi_def_cfa_register 7
 207 0006 7860     		str	r0, [r7, #4]
 108:Src/stm32f3xx_hal_msp.c **** 
 109:Src/stm32f3xx_hal_msp.c ****   if(hcan->Instance==CAN)
 208              		.loc 1 109 0
 209 0008 7B68     		ldr	r3, [r7, #4]
 210 000a 1A68     		ldr	r2, [r3]
 211 000c 074B     		ldr	r3, .L10
 212 000e 9A42     		cmp	r2, r3
 213 0010 09D1     		bne	.L8
 110:Src/stm32f3xx_hal_msp.c ****   {
 111:Src/stm32f3xx_hal_msp.c ****   /* USER CODE BEGIN CAN_MspDeInit 0 */
 112:Src/stm32f3xx_hal_msp.c **** 
 113:Src/stm32f3xx_hal_msp.c ****   /* USER CODE END CAN_MspDeInit 0 */
 114:Src/stm32f3xx_hal_msp.c ****     /* Peripheral clock disable */
 115:Src/stm32f3xx_hal_msp.c ****     __HAL_RCC_CAN1_CLK_DISABLE();
 214              		.loc 1 115 0
 215 0012 074B     		ldr	r3, .L10+4
 216 0014 064A     		ldr	r2, .L10+4
 217 0016 D269     		ldr	r2, [r2, #28]
 218 0018 22F00072 		bic	r2, r2, #33554432
 219 001c DA61     		str	r2, [r3, #28]
 116:Src/stm32f3xx_hal_msp.c ****   
 117:Src/stm32f3xx_hal_msp.c ****     /**CAN GPIO Configuration    
 118:Src/stm32f3xx_hal_msp.c ****     PD0     ------> CAN_RX
 119:Src/stm32f3xx_hal_msp.c ****     PD1     ------> CAN_TX 
 120:Src/stm32f3xx_hal_msp.c ****     */
 121:Src/stm32f3xx_hal_msp.c ****     HAL_GPIO_DeInit(GPIOD, GPIO_PIN_0|GPIO_PIN_1);
 220              		.loc 1 121 0
 221 001e 0548     		ldr	r0, .L10+8
 222 0020 0321     		movs	r1, #3
 223 0022 FFF7FEFF 		bl	HAL_GPIO_DeInit
 224              	.L8:
 122:Src/stm32f3xx_hal_msp.c **** 
 123:Src/stm32f3xx_hal_msp.c ****   }
ARM GAS  /tmp/ccGIgcxw.s 			page 7


 124:Src/stm32f3xx_hal_msp.c ****   /* USER CODE BEGIN CAN_MspDeInit 1 */
 125:Src/stm32f3xx_hal_msp.c **** 
 126:Src/stm32f3xx_hal_msp.c ****   /* USER CODE END CAN_MspDeInit 1 */
 127:Src/stm32f3xx_hal_msp.c **** 
 128:Src/stm32f3xx_hal_msp.c **** }
 225              		.loc 1 128 0
 226 0026 0837     		adds	r7, r7, #8
 227 0028 BD46     		mov	sp, r7
 228              		@ sp needed
 229 002a 80BD     		pop	{r7, pc}
 230              	.L11:
 231              		.align	2
 232              	.L10:
 233 002c 00640040 		.word	1073767424
 234 0030 00100240 		.word	1073876992
 235 0034 000C0048 		.word	1207962624
 236              		.cfi_endproc
 237              	.LFE127:
 239              		.text
 240              	.Letext0:
 241              		.file 2 "/usr/include/newlib/machine/_default_types.h"
 242              		.file 3 "/usr/include/newlib/stdint.h"
 243              		.file 4 "Drivers/CMSIS/Device/ST/STM32F3xx/Include/stm32f303xc.h"
 244              		.file 5 "Drivers/STM32F3xx_HAL_Driver/Inc/stm32f3xx_hal_def.h"
 245              		.file 6 "Drivers/STM32F3xx_HAL_Driver/Inc/stm32f3xx_hal_gpio.h"
 246              		.file 7 "Drivers/STM32F3xx_HAL_Driver/Inc/stm32f3xx_hal_can.h"
 247              		.file 8 "Drivers/CMSIS/Include/core_cm4.h"
ARM GAS  /tmp/ccGIgcxw.s 			page 8


DEFINED SYMBOLS
                            *ABS*:0000000000000000 stm32f3xx_hal_msp.c
     /tmp/ccGIgcxw.s:20     .text.HAL_MspInit:0000000000000000 $t
     /tmp/ccGIgcxw.s:25     .text.HAL_MspInit:0000000000000000 HAL_MspInit
     /tmp/ccGIgcxw.s:102    .text.HAL_MspInit:0000000000000080 $d
     /tmp/ccGIgcxw.s:107    .text.HAL_CAN_MspInit:0000000000000000 $t
     /tmp/ccGIgcxw.s:112    .text.HAL_CAN_MspInit:0000000000000000 HAL_CAN_MspInit
     /tmp/ccGIgcxw.s:178    .text.HAL_CAN_MspInit:0000000000000050 $d
     /tmp/ccGIgcxw.s:185    .text.HAL_CAN_MspDeInit:0000000000000000 $t
     /tmp/ccGIgcxw.s:190    .text.HAL_CAN_MspDeInit:0000000000000000 HAL_CAN_MspDeInit
     /tmp/ccGIgcxw.s:233    .text.HAL_CAN_MspDeInit:000000000000002c $d
                     .debug_frame:0000000000000010 $d

UNDEFINED SYMBOLS
HAL_NVIC_SetPriorityGrouping
HAL_NVIC_SetPriority
HAL_GPIO_Init
HAL_GPIO_DeInit
