ARM GAS  /tmp/cc4WdBfF.s 			page 1


   1              		.syntax unified
   2              		.cpu cortex-m4
   3              		.eabi_attribute 27, 3
   4              		.fpu fpv4-sp-d16
   5              		.eabi_attribute 20, 1
   6              		.eabi_attribute 21, 1
   7              		.eabi_attribute 23, 3
   8              		.eabi_attribute 24, 1
   9              		.eabi_attribute 25, 1
  10              		.eabi_attribute 26, 1
  11              		.eabi_attribute 30, 6
  12              		.eabi_attribute 34, 1
  13              		.eabi_attribute 18, 4
  14              		.thumb
  15              		.file	"stm32f3xx_hal_i2c_ex.c"
  16              		.text
  17              	.Ltext0:
  18              		.cfi_sections	.debug_frame
  19              		.section	.text.HAL_I2CEx_ConfigAnalogFilter,"ax",%progbits
  20              		.align	2
  21              		.global	HAL_I2CEx_ConfigAnalogFilter
  22              		.thumb
  23              		.thumb_func
  25              	HAL_I2CEx_ConfigAnalogFilter:
  26              	.LFB125:
  27              		.file 1 "Drivers/STM32F3xx_HAL_Driver/Src/stm32f3xx_hal_i2c_ex.c"
   1:Drivers/STM32F3xx_HAL_Driver/Src/stm32f3xx_hal_i2c_ex.c **** /**
   2:Drivers/STM32F3xx_HAL_Driver/Src/stm32f3xx_hal_i2c_ex.c ****   ******************************************************************************
   3:Drivers/STM32F3xx_HAL_Driver/Src/stm32f3xx_hal_i2c_ex.c ****   * @file    stm32f3xx_hal_i2c_ex.c
   4:Drivers/STM32F3xx_HAL_Driver/Src/stm32f3xx_hal_i2c_ex.c ****   * @author  MCD Application Team
   5:Drivers/STM32F3xx_HAL_Driver/Src/stm32f3xx_hal_i2c_ex.c ****   * @version V1.2.1
   6:Drivers/STM32F3xx_HAL_Driver/Src/stm32f3xx_hal_i2c_ex.c ****   * @date    29-April-2015
   7:Drivers/STM32F3xx_HAL_Driver/Src/stm32f3xx_hal_i2c_ex.c ****   * @brief   I2C Extended HAL module driver.
   8:Drivers/STM32F3xx_HAL_Driver/Src/stm32f3xx_hal_i2c_ex.c ****   *          This file provides firmware functions to manage the following 
   9:Drivers/STM32F3xx_HAL_Driver/Src/stm32f3xx_hal_i2c_ex.c ****   *          functionalities of I2C Extended peripheral:
  10:Drivers/STM32F3xx_HAL_Driver/Src/stm32f3xx_hal_i2c_ex.c ****   *           + Extended features functions
  11:Drivers/STM32F3xx_HAL_Driver/Src/stm32f3xx_hal_i2c_ex.c ****   *         
  12:Drivers/STM32F3xx_HAL_Driver/Src/stm32f3xx_hal_i2c_ex.c ****   @verbatim
  13:Drivers/STM32F3xx_HAL_Driver/Src/stm32f3xx_hal_i2c_ex.c ****   ==============================================================================
  14:Drivers/STM32F3xx_HAL_Driver/Src/stm32f3xx_hal_i2c_ex.c ****                ##### I2C peripheral Extended features  #####
  15:Drivers/STM32F3xx_HAL_Driver/Src/stm32f3xx_hal_i2c_ex.c ****   ==============================================================================
  16:Drivers/STM32F3xx_HAL_Driver/Src/stm32f3xx_hal_i2c_ex.c ****            
  17:Drivers/STM32F3xx_HAL_Driver/Src/stm32f3xx_hal_i2c_ex.c ****   [..] Comparing to other previous devices, the I2C interface for STM32F3xx
  18:Drivers/STM32F3xx_HAL_Driver/Src/stm32f3xx_hal_i2c_ex.c ****        devices contains the following additional features
  19:Drivers/STM32F3xx_HAL_Driver/Src/stm32f3xx_hal_i2c_ex.c ****        
  20:Drivers/STM32F3xx_HAL_Driver/Src/stm32f3xx_hal_i2c_ex.c ****        (+) Possibility to disable or enable Analog Noise Filter
  21:Drivers/STM32F3xx_HAL_Driver/Src/stm32f3xx_hal_i2c_ex.c ****        (+) Use of a configured Digital Noise Filter
  22:Drivers/STM32F3xx_HAL_Driver/Src/stm32f3xx_hal_i2c_ex.c ****        (+) Disable or enable wakeup from Stop mode
  23:Drivers/STM32F3xx_HAL_Driver/Src/stm32f3xx_hal_i2c_ex.c ****    
  24:Drivers/STM32F3xx_HAL_Driver/Src/stm32f3xx_hal_i2c_ex.c ****                      ##### How to use this driver #####
  25:Drivers/STM32F3xx_HAL_Driver/Src/stm32f3xx_hal_i2c_ex.c ****   ==============================================================================
  26:Drivers/STM32F3xx_HAL_Driver/Src/stm32f3xx_hal_i2c_ex.c ****   [..] This driver provides functions to configure Noise Filter and Wake Up Feature
  27:Drivers/STM32F3xx_HAL_Driver/Src/stm32f3xx_hal_i2c_ex.c ****     (#) Configure I2C Analog noise filter using the function HAL_I2CEx_ConfigAnalogFilter()
  28:Drivers/STM32F3xx_HAL_Driver/Src/stm32f3xx_hal_i2c_ex.c ****     (#) Configure I2C Digital noise filter using the function HAL_I2CEx_ConfigDigitalFilter()
  29:Drivers/STM32F3xx_HAL_Driver/Src/stm32f3xx_hal_i2c_ex.c ****     (#) Configure the enable or disable of I2C Wake Up Mode using the functions :
  30:Drivers/STM32F3xx_HAL_Driver/Src/stm32f3xx_hal_i2c_ex.c ****           (++) HAL_I2CEx_EnableWakeUp()
  31:Drivers/STM32F3xx_HAL_Driver/Src/stm32f3xx_hal_i2c_ex.c ****           (++) HAL_I2CEx_DisableWakeUp()
ARM GAS  /tmp/cc4WdBfF.s 			page 2


  32:Drivers/STM32F3xx_HAL_Driver/Src/stm32f3xx_hal_i2c_ex.c ****     (#) Configure the enable or disable of fast mode plus driving capability using the functions :
  33:Drivers/STM32F3xx_HAL_Driver/Src/stm32f3xx_hal_i2c_ex.c ****           (++) HAL_I2CEx_EnableFastModePlus()
  34:Drivers/STM32F3xx_HAL_Driver/Src/stm32f3xx_hal_i2c_ex.c ****           (++) HAL_I2CEx_DisbleFastModePlus()
  35:Drivers/STM32F3xx_HAL_Driver/Src/stm32f3xx_hal_i2c_ex.c ****   @endverbatim
  36:Drivers/STM32F3xx_HAL_Driver/Src/stm32f3xx_hal_i2c_ex.c ****   ******************************************************************************
  37:Drivers/STM32F3xx_HAL_Driver/Src/stm32f3xx_hal_i2c_ex.c ****   * @attention
  38:Drivers/STM32F3xx_HAL_Driver/Src/stm32f3xx_hal_i2c_ex.c ****   *
  39:Drivers/STM32F3xx_HAL_Driver/Src/stm32f3xx_hal_i2c_ex.c ****   * <h2><center>&copy; COPYRIGHT(c) 2016 STMicroelectronics</center></h2>
  40:Drivers/STM32F3xx_HAL_Driver/Src/stm32f3xx_hal_i2c_ex.c ****   *
  41:Drivers/STM32F3xx_HAL_Driver/Src/stm32f3xx_hal_i2c_ex.c ****   * Redistribution and use in source and binary forms, with or without modification,
  42:Drivers/STM32F3xx_HAL_Driver/Src/stm32f3xx_hal_i2c_ex.c ****   * are permitted provided that the following conditions are met:
  43:Drivers/STM32F3xx_HAL_Driver/Src/stm32f3xx_hal_i2c_ex.c ****   *   1. Redistributions of source code must retain the above copyright notice,
  44:Drivers/STM32F3xx_HAL_Driver/Src/stm32f3xx_hal_i2c_ex.c ****   *      this list of conditions and the following disclaimer.
  45:Drivers/STM32F3xx_HAL_Driver/Src/stm32f3xx_hal_i2c_ex.c ****   *   2. Redistributions in binary form must reproduce the above copyright notice,
  46:Drivers/STM32F3xx_HAL_Driver/Src/stm32f3xx_hal_i2c_ex.c ****   *      this list of conditions and the following disclaimer in the documentation
  47:Drivers/STM32F3xx_HAL_Driver/Src/stm32f3xx_hal_i2c_ex.c ****   *      and/or other materials provided with the distribution.
  48:Drivers/STM32F3xx_HAL_Driver/Src/stm32f3xx_hal_i2c_ex.c ****   *   3. Neither the name of STMicroelectronics nor the names of its contributors
  49:Drivers/STM32F3xx_HAL_Driver/Src/stm32f3xx_hal_i2c_ex.c ****   *      may be used to endorse or promote products derived from this software
  50:Drivers/STM32F3xx_HAL_Driver/Src/stm32f3xx_hal_i2c_ex.c ****   *      without specific prior written permission.
  51:Drivers/STM32F3xx_HAL_Driver/Src/stm32f3xx_hal_i2c_ex.c ****   *
  52:Drivers/STM32F3xx_HAL_Driver/Src/stm32f3xx_hal_i2c_ex.c ****   * THIS SOFTWARE IS PROVIDED BY THE COPYRIGHT HOLDERS AND CONTRIBUTORS "AS IS"
  53:Drivers/STM32F3xx_HAL_Driver/Src/stm32f3xx_hal_i2c_ex.c ****   * AND ANY EXPRESS OR IMPLIED WARRANTIES, INCLUDING, BUT NOT LIMITED TO, THE
  54:Drivers/STM32F3xx_HAL_Driver/Src/stm32f3xx_hal_i2c_ex.c ****   * IMPLIED WARRANTIES OF MERCHANTABILITY AND FITNESS FOR A PARTICULAR PURPOSE ARE
  55:Drivers/STM32F3xx_HAL_Driver/Src/stm32f3xx_hal_i2c_ex.c ****   * DISCLAIMED. IN NO EVENT SHALL THE COPYRIGHT HOLDER OR CONTRIBUTORS BE LIABLE
  56:Drivers/STM32F3xx_HAL_Driver/Src/stm32f3xx_hal_i2c_ex.c ****   * FOR ANY DIRECT, INDIRECT, INCIDENTAL, SPECIAL, EXEMPLARY, OR CONSEQUENTIAL
  57:Drivers/STM32F3xx_HAL_Driver/Src/stm32f3xx_hal_i2c_ex.c ****   * DAMAGES (INCLUDING, BUT NOT LIMITED TO, PROCUREMENT OF SUBSTITUTE GOODS OR
  58:Drivers/STM32F3xx_HAL_Driver/Src/stm32f3xx_hal_i2c_ex.c ****   * SERVICES; LOSS OF USE, DATA, OR PROFITS; OR BUSINESS INTERRUPTION) HOWEVER
  59:Drivers/STM32F3xx_HAL_Driver/Src/stm32f3xx_hal_i2c_ex.c ****   * CAUSED AND ON ANY THEORY OF LIABILITY, WHETHER IN CONTRACT, STRICT LIABILITY,
  60:Drivers/STM32F3xx_HAL_Driver/Src/stm32f3xx_hal_i2c_ex.c ****   * OR TORT (INCLUDING NEGLIGENCE OR OTHERWISE) ARISING IN ANY WAY OUT OF THE USE
  61:Drivers/STM32F3xx_HAL_Driver/Src/stm32f3xx_hal_i2c_ex.c ****   * OF THIS SOFTWARE, EVEN IF ADVISED OF THE POSSIBILITY OF SUCH DAMAGE.
  62:Drivers/STM32F3xx_HAL_Driver/Src/stm32f3xx_hal_i2c_ex.c ****   *
  63:Drivers/STM32F3xx_HAL_Driver/Src/stm32f3xx_hal_i2c_ex.c ****   ******************************************************************************  
  64:Drivers/STM32F3xx_HAL_Driver/Src/stm32f3xx_hal_i2c_ex.c ****   */
  65:Drivers/STM32F3xx_HAL_Driver/Src/stm32f3xx_hal_i2c_ex.c **** 
  66:Drivers/STM32F3xx_HAL_Driver/Src/stm32f3xx_hal_i2c_ex.c **** /* Includes ------------------------------------------------------------------*/
  67:Drivers/STM32F3xx_HAL_Driver/Src/stm32f3xx_hal_i2c_ex.c **** #include "stm32f3xx_hal.h"
  68:Drivers/STM32F3xx_HAL_Driver/Src/stm32f3xx_hal_i2c_ex.c **** 
  69:Drivers/STM32F3xx_HAL_Driver/Src/stm32f3xx_hal_i2c_ex.c **** /** @addtogroup STM32F3xx_HAL_Driver
  70:Drivers/STM32F3xx_HAL_Driver/Src/stm32f3xx_hal_i2c_ex.c ****   * @{
  71:Drivers/STM32F3xx_HAL_Driver/Src/stm32f3xx_hal_i2c_ex.c ****   */
  72:Drivers/STM32F3xx_HAL_Driver/Src/stm32f3xx_hal_i2c_ex.c **** 
  73:Drivers/STM32F3xx_HAL_Driver/Src/stm32f3xx_hal_i2c_ex.c **** /** @defgroup I2CEx I2CEx
  74:Drivers/STM32F3xx_HAL_Driver/Src/stm32f3xx_hal_i2c_ex.c ****   * @brief I2C Extended HAL module driver
  75:Drivers/STM32F3xx_HAL_Driver/Src/stm32f3xx_hal_i2c_ex.c ****   * @{
  76:Drivers/STM32F3xx_HAL_Driver/Src/stm32f3xx_hal_i2c_ex.c ****   */
  77:Drivers/STM32F3xx_HAL_Driver/Src/stm32f3xx_hal_i2c_ex.c **** 
  78:Drivers/STM32F3xx_HAL_Driver/Src/stm32f3xx_hal_i2c_ex.c **** #ifdef HAL_I2C_MODULE_ENABLED
  79:Drivers/STM32F3xx_HAL_Driver/Src/stm32f3xx_hal_i2c_ex.c **** 
  80:Drivers/STM32F3xx_HAL_Driver/Src/stm32f3xx_hal_i2c_ex.c **** /* Private typedef -----------------------------------------------------------*/
  81:Drivers/STM32F3xx_HAL_Driver/Src/stm32f3xx_hal_i2c_ex.c **** /* Private define ------------------------------------------------------------*/
  82:Drivers/STM32F3xx_HAL_Driver/Src/stm32f3xx_hal_i2c_ex.c **** /* Private macro -------------------------------------------------------------*/
  83:Drivers/STM32F3xx_HAL_Driver/Src/stm32f3xx_hal_i2c_ex.c **** /* Private variables ---------------------------------------------------------*/
  84:Drivers/STM32F3xx_HAL_Driver/Src/stm32f3xx_hal_i2c_ex.c **** /* Private function prototypes -----------------------------------------------*/
  85:Drivers/STM32F3xx_HAL_Driver/Src/stm32f3xx_hal_i2c_ex.c **** /* Private functions ---------------------------------------------------------*/
  86:Drivers/STM32F3xx_HAL_Driver/Src/stm32f3xx_hal_i2c_ex.c **** 
  87:Drivers/STM32F3xx_HAL_Driver/Src/stm32f3xx_hal_i2c_ex.c **** /** @defgroup I2CEx_Exported_Functions I2C Extended Exported Functions
  88:Drivers/STM32F3xx_HAL_Driver/Src/stm32f3xx_hal_i2c_ex.c ****   * @{
ARM GAS  /tmp/cc4WdBfF.s 			page 3


  89:Drivers/STM32F3xx_HAL_Driver/Src/stm32f3xx_hal_i2c_ex.c ****   */
  90:Drivers/STM32F3xx_HAL_Driver/Src/stm32f3xx_hal_i2c_ex.c **** 
  91:Drivers/STM32F3xx_HAL_Driver/Src/stm32f3xx_hal_i2c_ex.c **** /** @defgroup I2CEx_Exported_Functions_Group1 Extended features functions
  92:Drivers/STM32F3xx_HAL_Driver/Src/stm32f3xx_hal_i2c_ex.c ****   * @brief    Extended features functions
  93:Drivers/STM32F3xx_HAL_Driver/Src/stm32f3xx_hal_i2c_ex.c ****   *
  94:Drivers/STM32F3xx_HAL_Driver/Src/stm32f3xx_hal_i2c_ex.c **** @verbatim   
  95:Drivers/STM32F3xx_HAL_Driver/Src/stm32f3xx_hal_i2c_ex.c ****  ===============================================================================
  96:Drivers/STM32F3xx_HAL_Driver/Src/stm32f3xx_hal_i2c_ex.c ****                       ##### Extended features functions #####
  97:Drivers/STM32F3xx_HAL_Driver/Src/stm32f3xx_hal_i2c_ex.c ****  ===============================================================================  
  98:Drivers/STM32F3xx_HAL_Driver/Src/stm32f3xx_hal_i2c_ex.c ****     [..] This section provides functions allowing to:
  99:Drivers/STM32F3xx_HAL_Driver/Src/stm32f3xx_hal_i2c_ex.c ****       (+) Configure Noise Filters 
 100:Drivers/STM32F3xx_HAL_Driver/Src/stm32f3xx_hal_i2c_ex.c ****       (+) Configure Wake Up Feature
 101:Drivers/STM32F3xx_HAL_Driver/Src/stm32f3xx_hal_i2c_ex.c **** 
 102:Drivers/STM32F3xx_HAL_Driver/Src/stm32f3xx_hal_i2c_ex.c **** @endverbatim
 103:Drivers/STM32F3xx_HAL_Driver/Src/stm32f3xx_hal_i2c_ex.c ****   * @{
 104:Drivers/STM32F3xx_HAL_Driver/Src/stm32f3xx_hal_i2c_ex.c ****   */
 105:Drivers/STM32F3xx_HAL_Driver/Src/stm32f3xx_hal_i2c_ex.c ****   
 106:Drivers/STM32F3xx_HAL_Driver/Src/stm32f3xx_hal_i2c_ex.c **** /**
 107:Drivers/STM32F3xx_HAL_Driver/Src/stm32f3xx_hal_i2c_ex.c ****   * @brief  Configure I2C Analog noise filter. 
 108:Drivers/STM32F3xx_HAL_Driver/Src/stm32f3xx_hal_i2c_ex.c ****   * @param  hi2c Pointer to a I2C_HandleTypeDef structure that contains
 109:Drivers/STM32F3xx_HAL_Driver/Src/stm32f3xx_hal_i2c_ex.c ****   *                the configuration information for the specified I2Cx peripheral.
 110:Drivers/STM32F3xx_HAL_Driver/Src/stm32f3xx_hal_i2c_ex.c ****   * @param  AnalogFilter New state of the Analog filter.
 111:Drivers/STM32F3xx_HAL_Driver/Src/stm32f3xx_hal_i2c_ex.c ****   * @retval HAL status
 112:Drivers/STM32F3xx_HAL_Driver/Src/stm32f3xx_hal_i2c_ex.c ****   */
 113:Drivers/STM32F3xx_HAL_Driver/Src/stm32f3xx_hal_i2c_ex.c **** HAL_StatusTypeDef HAL_I2CEx_ConfigAnalogFilter(I2C_HandleTypeDef *hi2c, uint32_t AnalogFilter)
 114:Drivers/STM32F3xx_HAL_Driver/Src/stm32f3xx_hal_i2c_ex.c **** {
  28              		.loc 1 114 0
  29              		.cfi_startproc
  30              		@ args = 0, pretend = 0, frame = 8
  31              		@ frame_needed = 1, uses_anonymous_args = 0
  32              		@ link register save eliminated.
  33 0000 80B4     		push	{r7}
  34              	.LCFI0:
  35              		.cfi_def_cfa_offset 4
  36              		.cfi_offset 7, -4
  37 0002 83B0     		sub	sp, sp, #12
  38              	.LCFI1:
  39              		.cfi_def_cfa_offset 16
  40 0004 00AF     		add	r7, sp, #0
  41              	.LCFI2:
  42              		.cfi_def_cfa_register 7
  43 0006 7860     		str	r0, [r7, #4]
  44 0008 3960     		str	r1, [r7]
 115:Drivers/STM32F3xx_HAL_Driver/Src/stm32f3xx_hal_i2c_ex.c ****   /* Check the parameters */
 116:Drivers/STM32F3xx_HAL_Driver/Src/stm32f3xx_hal_i2c_ex.c ****   assert_param(IS_I2C_ALL_INSTANCE(hi2c->Instance));
 117:Drivers/STM32F3xx_HAL_Driver/Src/stm32f3xx_hal_i2c_ex.c ****   assert_param(IS_I2C_ANALOG_FILTER(AnalogFilter));
 118:Drivers/STM32F3xx_HAL_Driver/Src/stm32f3xx_hal_i2c_ex.c ****   
 119:Drivers/STM32F3xx_HAL_Driver/Src/stm32f3xx_hal_i2c_ex.c ****   if(hi2c->State == HAL_I2C_STATE_READY)
  45              		.loc 1 119 0
  46 000a 7B68     		ldr	r3, [r7, #4]
  47 000c 93F84130 		ldrb	r3, [r3, #65]
  48 0010 DBB2     		uxtb	r3, r3
  49 0012 202B     		cmp	r3, #32
  50 0014 38D1     		bne	.L2
 120:Drivers/STM32F3xx_HAL_Driver/Src/stm32f3xx_hal_i2c_ex.c ****   { 
 121:Drivers/STM32F3xx_HAL_Driver/Src/stm32f3xx_hal_i2c_ex.c ****     /* Process Locked */
 122:Drivers/STM32F3xx_HAL_Driver/Src/stm32f3xx_hal_i2c_ex.c ****     __HAL_LOCK(hi2c);
ARM GAS  /tmp/cc4WdBfF.s 			page 4


  51              		.loc 1 122 0
  52 0016 7B68     		ldr	r3, [r7, #4]
  53 0018 93F84030 		ldrb	r3, [r3, #64]	@ zero_extendqisi2
  54 001c 012B     		cmp	r3, #1
  55 001e 01D1     		bne	.L3
  56              		.loc 1 122 0 is_stmt 0 discriminator 1
  57 0020 0223     		movs	r3, #2
  58 0022 32E0     		b	.L4
  59              	.L3:
  60              		.loc 1 122 0 discriminator 2
  61 0024 7B68     		ldr	r3, [r7, #4]
  62 0026 0122     		movs	r2, #1
  63 0028 83F84020 		strb	r2, [r3, #64]
 123:Drivers/STM32F3xx_HAL_Driver/Src/stm32f3xx_hal_i2c_ex.c ****     
 124:Drivers/STM32F3xx_HAL_Driver/Src/stm32f3xx_hal_i2c_ex.c ****     hi2c->State = HAL_I2C_STATE_BUSY;
  64              		.loc 1 124 0 is_stmt 1 discriminator 2
  65 002c 7B68     		ldr	r3, [r7, #4]
  66 002e 2422     		movs	r2, #36
  67 0030 83F84120 		strb	r2, [r3, #65]
 125:Drivers/STM32F3xx_HAL_Driver/Src/stm32f3xx_hal_i2c_ex.c ****     
 126:Drivers/STM32F3xx_HAL_Driver/Src/stm32f3xx_hal_i2c_ex.c ****     /* Disable the selected I2C peripheral */
 127:Drivers/STM32F3xx_HAL_Driver/Src/stm32f3xx_hal_i2c_ex.c ****     __HAL_I2C_DISABLE(hi2c);    
  68              		.loc 1 127 0 discriminator 2
  69 0034 7B68     		ldr	r3, [r7, #4]
  70 0036 1B68     		ldr	r3, [r3]
  71 0038 7A68     		ldr	r2, [r7, #4]
  72 003a 1268     		ldr	r2, [r2]
  73 003c 1268     		ldr	r2, [r2]
  74 003e 22F00102 		bic	r2, r2, #1
  75 0042 1A60     		str	r2, [r3]
 128:Drivers/STM32F3xx_HAL_Driver/Src/stm32f3xx_hal_i2c_ex.c ****     
 129:Drivers/STM32F3xx_HAL_Driver/Src/stm32f3xx_hal_i2c_ex.c ****     /* Reset I2Cx ANOFF bit */
 130:Drivers/STM32F3xx_HAL_Driver/Src/stm32f3xx_hal_i2c_ex.c ****     hi2c->Instance->CR1 &= ~(I2C_CR1_ANFOFF);    
  76              		.loc 1 130 0 discriminator 2
  77 0044 7B68     		ldr	r3, [r7, #4]
  78 0046 1B68     		ldr	r3, [r3]
  79 0048 7A68     		ldr	r2, [r7, #4]
  80 004a 1268     		ldr	r2, [r2]
  81 004c 1268     		ldr	r2, [r2]
  82 004e 22F48052 		bic	r2, r2, #4096
  83 0052 1A60     		str	r2, [r3]
 131:Drivers/STM32F3xx_HAL_Driver/Src/stm32f3xx_hal_i2c_ex.c ****     
 132:Drivers/STM32F3xx_HAL_Driver/Src/stm32f3xx_hal_i2c_ex.c ****     /* Set analog filter bit*/
 133:Drivers/STM32F3xx_HAL_Driver/Src/stm32f3xx_hal_i2c_ex.c ****     hi2c->Instance->CR1 |= AnalogFilter;
  84              		.loc 1 133 0 discriminator 2
  85 0054 7B68     		ldr	r3, [r7, #4]
  86 0056 1B68     		ldr	r3, [r3]
  87 0058 7A68     		ldr	r2, [r7, #4]
  88 005a 1268     		ldr	r2, [r2]
  89 005c 1168     		ldr	r1, [r2]
  90 005e 3A68     		ldr	r2, [r7]
  91 0060 0A43     		orrs	r2, r2, r1
  92 0062 1A60     		str	r2, [r3]
 134:Drivers/STM32F3xx_HAL_Driver/Src/stm32f3xx_hal_i2c_ex.c ****     
 135:Drivers/STM32F3xx_HAL_Driver/Src/stm32f3xx_hal_i2c_ex.c ****     __HAL_I2C_ENABLE(hi2c); 
  93              		.loc 1 135 0 discriminator 2
  94 0064 7B68     		ldr	r3, [r7, #4]
ARM GAS  /tmp/cc4WdBfF.s 			page 5


  95 0066 1B68     		ldr	r3, [r3]
  96 0068 7A68     		ldr	r2, [r7, #4]
  97 006a 1268     		ldr	r2, [r2]
  98 006c 1268     		ldr	r2, [r2]
  99 006e 42F00102 		orr	r2, r2, #1
 100 0072 1A60     		str	r2, [r3]
 136:Drivers/STM32F3xx_HAL_Driver/Src/stm32f3xx_hal_i2c_ex.c ****     
 137:Drivers/STM32F3xx_HAL_Driver/Src/stm32f3xx_hal_i2c_ex.c ****     hi2c->State = HAL_I2C_STATE_READY;
 101              		.loc 1 137 0 discriminator 2
 102 0074 7B68     		ldr	r3, [r7, #4]
 103 0076 2022     		movs	r2, #32
 104 0078 83F84120 		strb	r2, [r3, #65]
 138:Drivers/STM32F3xx_HAL_Driver/Src/stm32f3xx_hal_i2c_ex.c ****     
 139:Drivers/STM32F3xx_HAL_Driver/Src/stm32f3xx_hal_i2c_ex.c ****     /* Process Unlocked */
 140:Drivers/STM32F3xx_HAL_Driver/Src/stm32f3xx_hal_i2c_ex.c ****     __HAL_UNLOCK(hi2c);
 105              		.loc 1 140 0 discriminator 2
 106 007c 7B68     		ldr	r3, [r7, #4]
 107 007e 0022     		movs	r2, #0
 108 0080 83F84020 		strb	r2, [r3, #64]
 141:Drivers/STM32F3xx_HAL_Driver/Src/stm32f3xx_hal_i2c_ex.c ****     
 142:Drivers/STM32F3xx_HAL_Driver/Src/stm32f3xx_hal_i2c_ex.c ****     return HAL_OK; 
 109              		.loc 1 142 0 discriminator 2
 110 0084 0023     		movs	r3, #0
 111 0086 00E0     		b	.L4
 112              	.L2:
 143:Drivers/STM32F3xx_HAL_Driver/Src/stm32f3xx_hal_i2c_ex.c ****   }
 144:Drivers/STM32F3xx_HAL_Driver/Src/stm32f3xx_hal_i2c_ex.c ****   else
 145:Drivers/STM32F3xx_HAL_Driver/Src/stm32f3xx_hal_i2c_ex.c ****   {
 146:Drivers/STM32F3xx_HAL_Driver/Src/stm32f3xx_hal_i2c_ex.c ****     return HAL_BUSY;
 113              		.loc 1 146 0
 114 0088 0223     		movs	r3, #2
 115              	.L4:
 147:Drivers/STM32F3xx_HAL_Driver/Src/stm32f3xx_hal_i2c_ex.c ****   }
 148:Drivers/STM32F3xx_HAL_Driver/Src/stm32f3xx_hal_i2c_ex.c **** }
 116              		.loc 1 148 0
 117 008a 1846     		mov	r0, r3
 118 008c 0C37     		adds	r7, r7, #12
 119 008e BD46     		mov	sp, r7
 120              		@ sp needed
 121 0090 5DF8047B 		ldr	r7, [sp], #4
 122 0094 7047     		bx	lr
 123              		.cfi_endproc
 124              	.LFE125:
 126 0096 00BF     		.section	.text.HAL_I2CEx_ConfigDigitalFilter,"ax",%progbits
 127              		.align	2
 128              		.global	HAL_I2CEx_ConfigDigitalFilter
 129              		.thumb
 130              		.thumb_func
 132              	HAL_I2CEx_ConfigDigitalFilter:
 133              	.LFB126:
 149:Drivers/STM32F3xx_HAL_Driver/Src/stm32f3xx_hal_i2c_ex.c **** 
 150:Drivers/STM32F3xx_HAL_Driver/Src/stm32f3xx_hal_i2c_ex.c **** /**
 151:Drivers/STM32F3xx_HAL_Driver/Src/stm32f3xx_hal_i2c_ex.c ****   * @brief  Configure I2C Digital noise filter. 
 152:Drivers/STM32F3xx_HAL_Driver/Src/stm32f3xx_hal_i2c_ex.c ****   * @param  hi2c Pointer to a I2C_HandleTypeDef structure that contains
 153:Drivers/STM32F3xx_HAL_Driver/Src/stm32f3xx_hal_i2c_ex.c ****   *                the configuration information for the specified I2Cx peripheral.
 154:Drivers/STM32F3xx_HAL_Driver/Src/stm32f3xx_hal_i2c_ex.c ****   * @param  DigitalFilter Coefficient of digital noise filter between 0x00 and 0x0F.
 155:Drivers/STM32F3xx_HAL_Driver/Src/stm32f3xx_hal_i2c_ex.c ****   * @retval HAL status
ARM GAS  /tmp/cc4WdBfF.s 			page 6


 156:Drivers/STM32F3xx_HAL_Driver/Src/stm32f3xx_hal_i2c_ex.c ****   */
 157:Drivers/STM32F3xx_HAL_Driver/Src/stm32f3xx_hal_i2c_ex.c **** HAL_StatusTypeDef HAL_I2CEx_ConfigDigitalFilter(I2C_HandleTypeDef *hi2c, uint32_t DigitalFilter)
 158:Drivers/STM32F3xx_HAL_Driver/Src/stm32f3xx_hal_i2c_ex.c **** {
 134              		.loc 1 158 0
 135              		.cfi_startproc
 136              		@ args = 0, pretend = 0, frame = 16
 137              		@ frame_needed = 1, uses_anonymous_args = 0
 138              		@ link register save eliminated.
 139 0000 80B4     		push	{r7}
 140              	.LCFI3:
 141              		.cfi_def_cfa_offset 4
 142              		.cfi_offset 7, -4
 143 0002 85B0     		sub	sp, sp, #20
 144              	.LCFI4:
 145              		.cfi_def_cfa_offset 24
 146 0004 00AF     		add	r7, sp, #0
 147              	.LCFI5:
 148              		.cfi_def_cfa_register 7
 149 0006 7860     		str	r0, [r7, #4]
 150 0008 3960     		str	r1, [r7]
 159:Drivers/STM32F3xx_HAL_Driver/Src/stm32f3xx_hal_i2c_ex.c ****   uint32_t tmpreg = 0U;
 151              		.loc 1 159 0
 152 000a 0023     		movs	r3, #0
 153 000c FB60     		str	r3, [r7, #12]
 160:Drivers/STM32F3xx_HAL_Driver/Src/stm32f3xx_hal_i2c_ex.c ****   
 161:Drivers/STM32F3xx_HAL_Driver/Src/stm32f3xx_hal_i2c_ex.c ****   /* Check the parameters */
 162:Drivers/STM32F3xx_HAL_Driver/Src/stm32f3xx_hal_i2c_ex.c ****   assert_param(IS_I2C_ALL_INSTANCE(hi2c->Instance));
 163:Drivers/STM32F3xx_HAL_Driver/Src/stm32f3xx_hal_i2c_ex.c ****   assert_param(IS_I2C_DIGITAL_FILTER(DigitalFilter));
 164:Drivers/STM32F3xx_HAL_Driver/Src/stm32f3xx_hal_i2c_ex.c ****   
 165:Drivers/STM32F3xx_HAL_Driver/Src/stm32f3xx_hal_i2c_ex.c ****   if(hi2c->State == HAL_I2C_STATE_READY)
 154              		.loc 1 165 0
 155 000e 7B68     		ldr	r3, [r7, #4]
 156 0010 93F84130 		ldrb	r3, [r3, #65]
 157 0014 DBB2     		uxtb	r3, r3
 158 0016 202B     		cmp	r3, #32
 159 0018 39D1     		bne	.L6
 166:Drivers/STM32F3xx_HAL_Driver/Src/stm32f3xx_hal_i2c_ex.c ****   { 
 167:Drivers/STM32F3xx_HAL_Driver/Src/stm32f3xx_hal_i2c_ex.c ****     /* Process Locked */
 168:Drivers/STM32F3xx_HAL_Driver/Src/stm32f3xx_hal_i2c_ex.c ****     __HAL_LOCK(hi2c);
 160              		.loc 1 168 0
 161 001a 7B68     		ldr	r3, [r7, #4]
 162 001c 93F84030 		ldrb	r3, [r3, #64]	@ zero_extendqisi2
 163 0020 012B     		cmp	r3, #1
 164 0022 01D1     		bne	.L7
 165              		.loc 1 168 0 is_stmt 0 discriminator 1
 166 0024 0223     		movs	r3, #2
 167 0026 33E0     		b	.L8
 168              	.L7:
 169              		.loc 1 168 0 discriminator 2
 170 0028 7B68     		ldr	r3, [r7, #4]
 171 002a 0122     		movs	r2, #1
 172 002c 83F84020 		strb	r2, [r3, #64]
 169:Drivers/STM32F3xx_HAL_Driver/Src/stm32f3xx_hal_i2c_ex.c ****     
 170:Drivers/STM32F3xx_HAL_Driver/Src/stm32f3xx_hal_i2c_ex.c ****     hi2c->State = HAL_I2C_STATE_BUSY;
 173              		.loc 1 170 0 is_stmt 1 discriminator 2
 174 0030 7B68     		ldr	r3, [r7, #4]
 175 0032 2422     		movs	r2, #36
ARM GAS  /tmp/cc4WdBfF.s 			page 7


 176 0034 83F84120 		strb	r2, [r3, #65]
 171:Drivers/STM32F3xx_HAL_Driver/Src/stm32f3xx_hal_i2c_ex.c ****     
 172:Drivers/STM32F3xx_HAL_Driver/Src/stm32f3xx_hal_i2c_ex.c ****     /* Disable the selected I2C peripheral */
 173:Drivers/STM32F3xx_HAL_Driver/Src/stm32f3xx_hal_i2c_ex.c ****     __HAL_I2C_DISABLE(hi2c);  
 177              		.loc 1 173 0 discriminator 2
 178 0038 7B68     		ldr	r3, [r7, #4]
 179 003a 1B68     		ldr	r3, [r3]
 180 003c 7A68     		ldr	r2, [r7, #4]
 181 003e 1268     		ldr	r2, [r2]
 182 0040 1268     		ldr	r2, [r2]
 183 0042 22F00102 		bic	r2, r2, #1
 184 0046 1A60     		str	r2, [r3]
 174:Drivers/STM32F3xx_HAL_Driver/Src/stm32f3xx_hal_i2c_ex.c ****     
 175:Drivers/STM32F3xx_HAL_Driver/Src/stm32f3xx_hal_i2c_ex.c ****     /* Get the old register value */
 176:Drivers/STM32F3xx_HAL_Driver/Src/stm32f3xx_hal_i2c_ex.c ****     tmpreg = hi2c->Instance->CR1;
 185              		.loc 1 176 0 discriminator 2
 186 0048 7B68     		ldr	r3, [r7, #4]
 187 004a 1B68     		ldr	r3, [r3]
 188 004c 1B68     		ldr	r3, [r3]
 189 004e FB60     		str	r3, [r7, #12]
 177:Drivers/STM32F3xx_HAL_Driver/Src/stm32f3xx_hal_i2c_ex.c ****     
 178:Drivers/STM32F3xx_HAL_Driver/Src/stm32f3xx_hal_i2c_ex.c ****     /* Reset I2Cx DNF bits [11:8] */
 179:Drivers/STM32F3xx_HAL_Driver/Src/stm32f3xx_hal_i2c_ex.c ****     tmpreg &= ~(I2C_CR1_DNF);
 190              		.loc 1 179 0 discriminator 2
 191 0050 FB68     		ldr	r3, [r7, #12]
 192 0052 23F47063 		bic	r3, r3, #3840
 193 0056 FB60     		str	r3, [r7, #12]
 180:Drivers/STM32F3xx_HAL_Driver/Src/stm32f3xx_hal_i2c_ex.c ****     
 181:Drivers/STM32F3xx_HAL_Driver/Src/stm32f3xx_hal_i2c_ex.c ****     /* Set I2Cx DNF coefficient */
 182:Drivers/STM32F3xx_HAL_Driver/Src/stm32f3xx_hal_i2c_ex.c ****     tmpreg |= DigitalFilter << 8U;
 194              		.loc 1 182 0 discriminator 2
 195 0058 3B68     		ldr	r3, [r7]
 196 005a 1B02     		lsls	r3, r3, #8
 197 005c FA68     		ldr	r2, [r7, #12]
 198 005e 1343     		orrs	r3, r3, r2
 199 0060 FB60     		str	r3, [r7, #12]
 183:Drivers/STM32F3xx_HAL_Driver/Src/stm32f3xx_hal_i2c_ex.c ****     
 184:Drivers/STM32F3xx_HAL_Driver/Src/stm32f3xx_hal_i2c_ex.c ****     /* Store the new register value */
 185:Drivers/STM32F3xx_HAL_Driver/Src/stm32f3xx_hal_i2c_ex.c ****     hi2c->Instance->CR1 = tmpreg;
 200              		.loc 1 185 0 discriminator 2
 201 0062 7B68     		ldr	r3, [r7, #4]
 202 0064 1B68     		ldr	r3, [r3]
 203 0066 FA68     		ldr	r2, [r7, #12]
 204 0068 1A60     		str	r2, [r3]
 186:Drivers/STM32F3xx_HAL_Driver/Src/stm32f3xx_hal_i2c_ex.c ****     
 187:Drivers/STM32F3xx_HAL_Driver/Src/stm32f3xx_hal_i2c_ex.c ****     __HAL_I2C_ENABLE(hi2c); 
 205              		.loc 1 187 0 discriminator 2
 206 006a 7B68     		ldr	r3, [r7, #4]
 207 006c 1B68     		ldr	r3, [r3]
 208 006e 7A68     		ldr	r2, [r7, #4]
 209 0070 1268     		ldr	r2, [r2]
 210 0072 1268     		ldr	r2, [r2]
 211 0074 42F00102 		orr	r2, r2, #1
 212 0078 1A60     		str	r2, [r3]
 188:Drivers/STM32F3xx_HAL_Driver/Src/stm32f3xx_hal_i2c_ex.c ****     
 189:Drivers/STM32F3xx_HAL_Driver/Src/stm32f3xx_hal_i2c_ex.c ****     hi2c->State = HAL_I2C_STATE_READY;
 213              		.loc 1 189 0 discriminator 2
ARM GAS  /tmp/cc4WdBfF.s 			page 8


 214 007a 7B68     		ldr	r3, [r7, #4]
 215 007c 2022     		movs	r2, #32
 216 007e 83F84120 		strb	r2, [r3, #65]
 190:Drivers/STM32F3xx_HAL_Driver/Src/stm32f3xx_hal_i2c_ex.c ****     
 191:Drivers/STM32F3xx_HAL_Driver/Src/stm32f3xx_hal_i2c_ex.c ****     /* Process Unlocked */
 192:Drivers/STM32F3xx_HAL_Driver/Src/stm32f3xx_hal_i2c_ex.c ****     __HAL_UNLOCK(hi2c);
 217              		.loc 1 192 0 discriminator 2
 218 0082 7B68     		ldr	r3, [r7, #4]
 219 0084 0022     		movs	r2, #0
 220 0086 83F84020 		strb	r2, [r3, #64]
 193:Drivers/STM32F3xx_HAL_Driver/Src/stm32f3xx_hal_i2c_ex.c ****     
 194:Drivers/STM32F3xx_HAL_Driver/Src/stm32f3xx_hal_i2c_ex.c ****     return HAL_OK;
 221              		.loc 1 194 0 discriminator 2
 222 008a 0023     		movs	r3, #0
 223 008c 00E0     		b	.L8
 224              	.L6:
 195:Drivers/STM32F3xx_HAL_Driver/Src/stm32f3xx_hal_i2c_ex.c ****   }
 196:Drivers/STM32F3xx_HAL_Driver/Src/stm32f3xx_hal_i2c_ex.c ****   else
 197:Drivers/STM32F3xx_HAL_Driver/Src/stm32f3xx_hal_i2c_ex.c ****   {
 198:Drivers/STM32F3xx_HAL_Driver/Src/stm32f3xx_hal_i2c_ex.c ****     return HAL_BUSY;
 225              		.loc 1 198 0
 226 008e 0223     		movs	r3, #2
 227              	.L8:
 199:Drivers/STM32F3xx_HAL_Driver/Src/stm32f3xx_hal_i2c_ex.c ****   }
 200:Drivers/STM32F3xx_HAL_Driver/Src/stm32f3xx_hal_i2c_ex.c **** }  
 228              		.loc 1 200 0
 229 0090 1846     		mov	r0, r3
 230 0092 1437     		adds	r7, r7, #20
 231 0094 BD46     		mov	sp, r7
 232              		@ sp needed
 233 0096 5DF8047B 		ldr	r7, [sp], #4
 234 009a 7047     		bx	lr
 235              		.cfi_endproc
 236              	.LFE126:
 238              		.section	.text.HAL_I2CEx_EnableWakeUp,"ax",%progbits
 239              		.align	2
 240              		.global	HAL_I2CEx_EnableWakeUp
 241              		.thumb
 242              		.thumb_func
 244              	HAL_I2CEx_EnableWakeUp:
 245              	.LFB127:
 201:Drivers/STM32F3xx_HAL_Driver/Src/stm32f3xx_hal_i2c_ex.c **** 
 202:Drivers/STM32F3xx_HAL_Driver/Src/stm32f3xx_hal_i2c_ex.c **** /**
 203:Drivers/STM32F3xx_HAL_Driver/Src/stm32f3xx_hal_i2c_ex.c ****   * @brief  Enable I2C wakeup from stop mode.
 204:Drivers/STM32F3xx_HAL_Driver/Src/stm32f3xx_hal_i2c_ex.c ****   * @param  hi2c Pointer to a I2C_HandleTypeDef structure that contains
 205:Drivers/STM32F3xx_HAL_Driver/Src/stm32f3xx_hal_i2c_ex.c ****   *                the configuration information for the specified I2Cx peripheral.
 206:Drivers/STM32F3xx_HAL_Driver/Src/stm32f3xx_hal_i2c_ex.c ****   * @retval HAL status
 207:Drivers/STM32F3xx_HAL_Driver/Src/stm32f3xx_hal_i2c_ex.c ****   */
 208:Drivers/STM32F3xx_HAL_Driver/Src/stm32f3xx_hal_i2c_ex.c **** HAL_StatusTypeDef HAL_I2CEx_EnableWakeUp (I2C_HandleTypeDef *hi2c)
 209:Drivers/STM32F3xx_HAL_Driver/Src/stm32f3xx_hal_i2c_ex.c **** {
 246              		.loc 1 209 0
 247              		.cfi_startproc
 248              		@ args = 0, pretend = 0, frame = 8
 249              		@ frame_needed = 1, uses_anonymous_args = 0
 250              		@ link register save eliminated.
 251 0000 80B4     		push	{r7}
 252              	.LCFI6:
ARM GAS  /tmp/cc4WdBfF.s 			page 9


 253              		.cfi_def_cfa_offset 4
 254              		.cfi_offset 7, -4
 255 0002 83B0     		sub	sp, sp, #12
 256              	.LCFI7:
 257              		.cfi_def_cfa_offset 16
 258 0004 00AF     		add	r7, sp, #0
 259              	.LCFI8:
 260              		.cfi_def_cfa_register 7
 261 0006 7860     		str	r0, [r7, #4]
 210:Drivers/STM32F3xx_HAL_Driver/Src/stm32f3xx_hal_i2c_ex.c ****   /* Check the parameters */
 211:Drivers/STM32F3xx_HAL_Driver/Src/stm32f3xx_hal_i2c_ex.c ****   assert_param(IS_I2C_WAKEUP_FROMSTOP_INSTANCE(hi2c->Instance));
 212:Drivers/STM32F3xx_HAL_Driver/Src/stm32f3xx_hal_i2c_ex.c ****   
 213:Drivers/STM32F3xx_HAL_Driver/Src/stm32f3xx_hal_i2c_ex.c ****   if(hi2c->State == HAL_I2C_STATE_READY)
 262              		.loc 1 213 0
 263 0008 7B68     		ldr	r3, [r7, #4]
 264 000a 93F84130 		ldrb	r3, [r3, #65]
 265 000e DBB2     		uxtb	r3, r3
 266 0010 202B     		cmp	r3, #32
 267 0012 30D1     		bne	.L10
 214:Drivers/STM32F3xx_HAL_Driver/Src/stm32f3xx_hal_i2c_ex.c ****   { 
 215:Drivers/STM32F3xx_HAL_Driver/Src/stm32f3xx_hal_i2c_ex.c ****     /* Process Locked */
 216:Drivers/STM32F3xx_HAL_Driver/Src/stm32f3xx_hal_i2c_ex.c ****     __HAL_LOCK(hi2c);
 268              		.loc 1 216 0
 269 0014 7B68     		ldr	r3, [r7, #4]
 270 0016 93F84030 		ldrb	r3, [r3, #64]	@ zero_extendqisi2
 271 001a 012B     		cmp	r3, #1
 272 001c 01D1     		bne	.L11
 273              		.loc 1 216 0 is_stmt 0 discriminator 1
 274 001e 0223     		movs	r3, #2
 275 0020 2AE0     		b	.L12
 276              	.L11:
 277              		.loc 1 216 0 discriminator 2
 278 0022 7B68     		ldr	r3, [r7, #4]
 279 0024 0122     		movs	r2, #1
 280 0026 83F84020 		strb	r2, [r3, #64]
 217:Drivers/STM32F3xx_HAL_Driver/Src/stm32f3xx_hal_i2c_ex.c ****     
 218:Drivers/STM32F3xx_HAL_Driver/Src/stm32f3xx_hal_i2c_ex.c ****     hi2c->State = HAL_I2C_STATE_BUSY;
 281              		.loc 1 218 0 is_stmt 1 discriminator 2
 282 002a 7B68     		ldr	r3, [r7, #4]
 283 002c 2422     		movs	r2, #36
 284 002e 83F84120 		strb	r2, [r3, #65]
 219:Drivers/STM32F3xx_HAL_Driver/Src/stm32f3xx_hal_i2c_ex.c ****     
 220:Drivers/STM32F3xx_HAL_Driver/Src/stm32f3xx_hal_i2c_ex.c ****     /* Disable the selected I2C peripheral */
 221:Drivers/STM32F3xx_HAL_Driver/Src/stm32f3xx_hal_i2c_ex.c ****     __HAL_I2C_DISABLE(hi2c);  
 285              		.loc 1 221 0 discriminator 2
 286 0032 7B68     		ldr	r3, [r7, #4]
 287 0034 1B68     		ldr	r3, [r3]
 288 0036 7A68     		ldr	r2, [r7, #4]
 289 0038 1268     		ldr	r2, [r2]
 290 003a 1268     		ldr	r2, [r2]
 291 003c 22F00102 		bic	r2, r2, #1
 292 0040 1A60     		str	r2, [r3]
 222:Drivers/STM32F3xx_HAL_Driver/Src/stm32f3xx_hal_i2c_ex.c ****     
 223:Drivers/STM32F3xx_HAL_Driver/Src/stm32f3xx_hal_i2c_ex.c ****     /* Enable wakeup from stop mode */
 224:Drivers/STM32F3xx_HAL_Driver/Src/stm32f3xx_hal_i2c_ex.c ****     hi2c->Instance->CR1 |= I2C_CR1_WUPEN;   
 293              		.loc 1 224 0 discriminator 2
 294 0042 7B68     		ldr	r3, [r7, #4]
ARM GAS  /tmp/cc4WdBfF.s 			page 10


 295 0044 1B68     		ldr	r3, [r3]
 296 0046 7A68     		ldr	r2, [r7, #4]
 297 0048 1268     		ldr	r2, [r2]
 298 004a 1268     		ldr	r2, [r2]
 299 004c 42F48022 		orr	r2, r2, #262144
 300 0050 1A60     		str	r2, [r3]
 225:Drivers/STM32F3xx_HAL_Driver/Src/stm32f3xx_hal_i2c_ex.c ****     
 226:Drivers/STM32F3xx_HAL_Driver/Src/stm32f3xx_hal_i2c_ex.c ****     __HAL_I2C_ENABLE(hi2c); 
 301              		.loc 1 226 0 discriminator 2
 302 0052 7B68     		ldr	r3, [r7, #4]
 303 0054 1B68     		ldr	r3, [r3]
 304 0056 7A68     		ldr	r2, [r7, #4]
 305 0058 1268     		ldr	r2, [r2]
 306 005a 1268     		ldr	r2, [r2]
 307 005c 42F00102 		orr	r2, r2, #1
 308 0060 1A60     		str	r2, [r3]
 227:Drivers/STM32F3xx_HAL_Driver/Src/stm32f3xx_hal_i2c_ex.c ****     
 228:Drivers/STM32F3xx_HAL_Driver/Src/stm32f3xx_hal_i2c_ex.c ****     hi2c->State = HAL_I2C_STATE_READY;
 309              		.loc 1 228 0 discriminator 2
 310 0062 7B68     		ldr	r3, [r7, #4]
 311 0064 2022     		movs	r2, #32
 312 0066 83F84120 		strb	r2, [r3, #65]
 229:Drivers/STM32F3xx_HAL_Driver/Src/stm32f3xx_hal_i2c_ex.c ****     
 230:Drivers/STM32F3xx_HAL_Driver/Src/stm32f3xx_hal_i2c_ex.c ****     /* Process Unlocked */
 231:Drivers/STM32F3xx_HAL_Driver/Src/stm32f3xx_hal_i2c_ex.c ****     __HAL_UNLOCK(hi2c);
 313              		.loc 1 231 0 discriminator 2
 314 006a 7B68     		ldr	r3, [r7, #4]
 315 006c 0022     		movs	r2, #0
 316 006e 83F84020 		strb	r2, [r3, #64]
 232:Drivers/STM32F3xx_HAL_Driver/Src/stm32f3xx_hal_i2c_ex.c ****     
 233:Drivers/STM32F3xx_HAL_Driver/Src/stm32f3xx_hal_i2c_ex.c ****     return HAL_OK;
 317              		.loc 1 233 0 discriminator 2
 318 0072 0023     		movs	r3, #0
 319 0074 00E0     		b	.L12
 320              	.L10:
 234:Drivers/STM32F3xx_HAL_Driver/Src/stm32f3xx_hal_i2c_ex.c ****   }
 235:Drivers/STM32F3xx_HAL_Driver/Src/stm32f3xx_hal_i2c_ex.c ****   else
 236:Drivers/STM32F3xx_HAL_Driver/Src/stm32f3xx_hal_i2c_ex.c ****   {
 237:Drivers/STM32F3xx_HAL_Driver/Src/stm32f3xx_hal_i2c_ex.c ****     return HAL_BUSY;
 321              		.loc 1 237 0
 322 0076 0223     		movs	r3, #2
 323              	.L12:
 238:Drivers/STM32F3xx_HAL_Driver/Src/stm32f3xx_hal_i2c_ex.c ****   }
 239:Drivers/STM32F3xx_HAL_Driver/Src/stm32f3xx_hal_i2c_ex.c **** }  
 324              		.loc 1 239 0
 325 0078 1846     		mov	r0, r3
 326 007a 0C37     		adds	r7, r7, #12
 327 007c BD46     		mov	sp, r7
 328              		@ sp needed
 329 007e 5DF8047B 		ldr	r7, [sp], #4
 330 0082 7047     		bx	lr
 331              		.cfi_endproc
 332              	.LFE127:
 334              		.section	.text.HAL_I2CEx_DisableWakeUp,"ax",%progbits
 335              		.align	2
 336              		.global	HAL_I2CEx_DisableWakeUp
 337              		.thumb
ARM GAS  /tmp/cc4WdBfF.s 			page 11


 338              		.thumb_func
 340              	HAL_I2CEx_DisableWakeUp:
 341              	.LFB128:
 240:Drivers/STM32F3xx_HAL_Driver/Src/stm32f3xx_hal_i2c_ex.c **** 
 241:Drivers/STM32F3xx_HAL_Driver/Src/stm32f3xx_hal_i2c_ex.c **** 
 242:Drivers/STM32F3xx_HAL_Driver/Src/stm32f3xx_hal_i2c_ex.c **** /**
 243:Drivers/STM32F3xx_HAL_Driver/Src/stm32f3xx_hal_i2c_ex.c ****   * @brief  Disable I2C wakeup from stop mode.
 244:Drivers/STM32F3xx_HAL_Driver/Src/stm32f3xx_hal_i2c_ex.c ****   * @param  hi2c Pointer to a I2C_HandleTypeDef structure that contains
 245:Drivers/STM32F3xx_HAL_Driver/Src/stm32f3xx_hal_i2c_ex.c ****   *                the configuration information for the specified I2Cx peripheral.
 246:Drivers/STM32F3xx_HAL_Driver/Src/stm32f3xx_hal_i2c_ex.c ****   * @retval HAL status
 247:Drivers/STM32F3xx_HAL_Driver/Src/stm32f3xx_hal_i2c_ex.c ****   */
 248:Drivers/STM32F3xx_HAL_Driver/Src/stm32f3xx_hal_i2c_ex.c **** HAL_StatusTypeDef HAL_I2CEx_DisableWakeUp (I2C_HandleTypeDef *hi2c)
 249:Drivers/STM32F3xx_HAL_Driver/Src/stm32f3xx_hal_i2c_ex.c **** {
 342              		.loc 1 249 0
 343              		.cfi_startproc
 344              		@ args = 0, pretend = 0, frame = 8
 345              		@ frame_needed = 1, uses_anonymous_args = 0
 346              		@ link register save eliminated.
 347 0000 80B4     		push	{r7}
 348              	.LCFI9:
 349              		.cfi_def_cfa_offset 4
 350              		.cfi_offset 7, -4
 351 0002 83B0     		sub	sp, sp, #12
 352              	.LCFI10:
 353              		.cfi_def_cfa_offset 16
 354 0004 00AF     		add	r7, sp, #0
 355              	.LCFI11:
 356              		.cfi_def_cfa_register 7
 357 0006 7860     		str	r0, [r7, #4]
 250:Drivers/STM32F3xx_HAL_Driver/Src/stm32f3xx_hal_i2c_ex.c ****   /* Check the parameters */
 251:Drivers/STM32F3xx_HAL_Driver/Src/stm32f3xx_hal_i2c_ex.c ****   assert_param(IS_I2C_WAKEUP_FROMSTOP_INSTANCE(hi2c->Instance));
 252:Drivers/STM32F3xx_HAL_Driver/Src/stm32f3xx_hal_i2c_ex.c ****   
 253:Drivers/STM32F3xx_HAL_Driver/Src/stm32f3xx_hal_i2c_ex.c ****   if(hi2c->State == HAL_I2C_STATE_READY)
 358              		.loc 1 253 0
 359 0008 7B68     		ldr	r3, [r7, #4]
 360 000a 93F84130 		ldrb	r3, [r3, #65]
 361 000e DBB2     		uxtb	r3, r3
 362 0010 202B     		cmp	r3, #32
 363 0012 30D1     		bne	.L14
 254:Drivers/STM32F3xx_HAL_Driver/Src/stm32f3xx_hal_i2c_ex.c ****   { 
 255:Drivers/STM32F3xx_HAL_Driver/Src/stm32f3xx_hal_i2c_ex.c ****     /* Process Locked */
 256:Drivers/STM32F3xx_HAL_Driver/Src/stm32f3xx_hal_i2c_ex.c ****     __HAL_LOCK(hi2c);
 364              		.loc 1 256 0
 365 0014 7B68     		ldr	r3, [r7, #4]
 366 0016 93F84030 		ldrb	r3, [r3, #64]	@ zero_extendqisi2
 367 001a 012B     		cmp	r3, #1
 368 001c 01D1     		bne	.L15
 369              		.loc 1 256 0 is_stmt 0 discriminator 1
 370 001e 0223     		movs	r3, #2
 371 0020 2AE0     		b	.L16
 372              	.L15:
 373              		.loc 1 256 0 discriminator 2
 374 0022 7B68     		ldr	r3, [r7, #4]
 375 0024 0122     		movs	r2, #1
 376 0026 83F84020 		strb	r2, [r3, #64]
 257:Drivers/STM32F3xx_HAL_Driver/Src/stm32f3xx_hal_i2c_ex.c ****     
 258:Drivers/STM32F3xx_HAL_Driver/Src/stm32f3xx_hal_i2c_ex.c ****     hi2c->State = HAL_I2C_STATE_BUSY;
ARM GAS  /tmp/cc4WdBfF.s 			page 12


 377              		.loc 1 258 0 is_stmt 1 discriminator 2
 378 002a 7B68     		ldr	r3, [r7, #4]
 379 002c 2422     		movs	r2, #36
 380 002e 83F84120 		strb	r2, [r3, #65]
 259:Drivers/STM32F3xx_HAL_Driver/Src/stm32f3xx_hal_i2c_ex.c ****     
 260:Drivers/STM32F3xx_HAL_Driver/Src/stm32f3xx_hal_i2c_ex.c ****     /* Disable the selected I2C peripheral */
 261:Drivers/STM32F3xx_HAL_Driver/Src/stm32f3xx_hal_i2c_ex.c ****     __HAL_I2C_DISABLE(hi2c);  
 381              		.loc 1 261 0 discriminator 2
 382 0032 7B68     		ldr	r3, [r7, #4]
 383 0034 1B68     		ldr	r3, [r3]
 384 0036 7A68     		ldr	r2, [r7, #4]
 385 0038 1268     		ldr	r2, [r2]
 386 003a 1268     		ldr	r2, [r2]
 387 003c 22F00102 		bic	r2, r2, #1
 388 0040 1A60     		str	r2, [r3]
 262:Drivers/STM32F3xx_HAL_Driver/Src/stm32f3xx_hal_i2c_ex.c ****     
 263:Drivers/STM32F3xx_HAL_Driver/Src/stm32f3xx_hal_i2c_ex.c ****     /* Enable wakeup from stop mode */
 264:Drivers/STM32F3xx_HAL_Driver/Src/stm32f3xx_hal_i2c_ex.c ****     hi2c->Instance->CR1 &= ~(I2C_CR1_WUPEN);   
 389              		.loc 1 264 0 discriminator 2
 390 0042 7B68     		ldr	r3, [r7, #4]
 391 0044 1B68     		ldr	r3, [r3]
 392 0046 7A68     		ldr	r2, [r7, #4]
 393 0048 1268     		ldr	r2, [r2]
 394 004a 1268     		ldr	r2, [r2]
 395 004c 22F48022 		bic	r2, r2, #262144
 396 0050 1A60     		str	r2, [r3]
 265:Drivers/STM32F3xx_HAL_Driver/Src/stm32f3xx_hal_i2c_ex.c ****     
 266:Drivers/STM32F3xx_HAL_Driver/Src/stm32f3xx_hal_i2c_ex.c ****     __HAL_I2C_ENABLE(hi2c); 
 397              		.loc 1 266 0 discriminator 2
 398 0052 7B68     		ldr	r3, [r7, #4]
 399 0054 1B68     		ldr	r3, [r3]
 400 0056 7A68     		ldr	r2, [r7, #4]
 401 0058 1268     		ldr	r2, [r2]
 402 005a 1268     		ldr	r2, [r2]
 403 005c 42F00102 		orr	r2, r2, #1
 404 0060 1A60     		str	r2, [r3]
 267:Drivers/STM32F3xx_HAL_Driver/Src/stm32f3xx_hal_i2c_ex.c ****     
 268:Drivers/STM32F3xx_HAL_Driver/Src/stm32f3xx_hal_i2c_ex.c ****     hi2c->State = HAL_I2C_STATE_READY;
 405              		.loc 1 268 0 discriminator 2
 406 0062 7B68     		ldr	r3, [r7, #4]
 407 0064 2022     		movs	r2, #32
 408 0066 83F84120 		strb	r2, [r3, #65]
 269:Drivers/STM32F3xx_HAL_Driver/Src/stm32f3xx_hal_i2c_ex.c ****     
 270:Drivers/STM32F3xx_HAL_Driver/Src/stm32f3xx_hal_i2c_ex.c ****     /* Process Unlocked */
 271:Drivers/STM32F3xx_HAL_Driver/Src/stm32f3xx_hal_i2c_ex.c ****     __HAL_UNLOCK(hi2c);
 409              		.loc 1 271 0 discriminator 2
 410 006a 7B68     		ldr	r3, [r7, #4]
 411 006c 0022     		movs	r2, #0
 412 006e 83F84020 		strb	r2, [r3, #64]
 272:Drivers/STM32F3xx_HAL_Driver/Src/stm32f3xx_hal_i2c_ex.c ****     
 273:Drivers/STM32F3xx_HAL_Driver/Src/stm32f3xx_hal_i2c_ex.c ****     return HAL_OK; 
 413              		.loc 1 273 0 discriminator 2
 414 0072 0023     		movs	r3, #0
 415 0074 00E0     		b	.L16
 416              	.L14:
 274:Drivers/STM32F3xx_HAL_Driver/Src/stm32f3xx_hal_i2c_ex.c ****   }
 275:Drivers/STM32F3xx_HAL_Driver/Src/stm32f3xx_hal_i2c_ex.c ****   else
ARM GAS  /tmp/cc4WdBfF.s 			page 13


 276:Drivers/STM32F3xx_HAL_Driver/Src/stm32f3xx_hal_i2c_ex.c ****   {
 277:Drivers/STM32F3xx_HAL_Driver/Src/stm32f3xx_hal_i2c_ex.c ****     return HAL_BUSY;
 417              		.loc 1 277 0
 418 0076 0223     		movs	r3, #2
 419              	.L16:
 278:Drivers/STM32F3xx_HAL_Driver/Src/stm32f3xx_hal_i2c_ex.c ****   }
 279:Drivers/STM32F3xx_HAL_Driver/Src/stm32f3xx_hal_i2c_ex.c **** }  
 420              		.loc 1 279 0
 421 0078 1846     		mov	r0, r3
 422 007a 0C37     		adds	r7, r7, #12
 423 007c BD46     		mov	sp, r7
 424              		@ sp needed
 425 007e 5DF8047B 		ldr	r7, [sp], #4
 426 0082 7047     		bx	lr
 427              		.cfi_endproc
 428              	.LFE128:
 430              		.section	.text.HAL_I2CEx_EnableFastModePlus,"ax",%progbits
 431              		.align	2
 432              		.global	HAL_I2CEx_EnableFastModePlus
 433              		.thumb
 434              		.thumb_func
 436              	HAL_I2CEx_EnableFastModePlus:
 437              	.LFB129:
 280:Drivers/STM32F3xx_HAL_Driver/Src/stm32f3xx_hal_i2c_ex.c **** 
 281:Drivers/STM32F3xx_HAL_Driver/Src/stm32f3xx_hal_i2c_ex.c **** /**
 282:Drivers/STM32F3xx_HAL_Driver/Src/stm32f3xx_hal_i2c_ex.c ****   * @brief Enable the I2C fast mode plus driving capability.
 283:Drivers/STM32F3xx_HAL_Driver/Src/stm32f3xx_hal_i2c_ex.c ****   * @param ConfigFastModePlus Selects the pin.
 284:Drivers/STM32F3xx_HAL_Driver/Src/stm32f3xx_hal_i2c_ex.c ****   *   This parameter can be one of the @ref I2CEx_FastModePlus values
 285:Drivers/STM32F3xx_HAL_Driver/Src/stm32f3xx_hal_i2c_ex.c ****   * @retval None
 286:Drivers/STM32F3xx_HAL_Driver/Src/stm32f3xx_hal_i2c_ex.c ****   */
 287:Drivers/STM32F3xx_HAL_Driver/Src/stm32f3xx_hal_i2c_ex.c **** void HAL_I2CEx_EnableFastModePlus(uint32_t ConfigFastModePlus)
 288:Drivers/STM32F3xx_HAL_Driver/Src/stm32f3xx_hal_i2c_ex.c **** {
 438              		.loc 1 288 0
 439              		.cfi_startproc
 440              		@ args = 0, pretend = 0, frame = 16
 441              		@ frame_needed = 1, uses_anonymous_args = 0
 442              		@ link register save eliminated.
 443 0000 80B4     		push	{r7}
 444              	.LCFI12:
 445              		.cfi_def_cfa_offset 4
 446              		.cfi_offset 7, -4
 447 0002 85B0     		sub	sp, sp, #20
 448              	.LCFI13:
 449              		.cfi_def_cfa_offset 24
 450 0004 00AF     		add	r7, sp, #0
 451              	.LCFI14:
 452              		.cfi_def_cfa_register 7
 453 0006 7860     		str	r0, [r7, #4]
 454              	.LBB2:
 289:Drivers/STM32F3xx_HAL_Driver/Src/stm32f3xx_hal_i2c_ex.c ****   /* Check the parameter */
 290:Drivers/STM32F3xx_HAL_Driver/Src/stm32f3xx_hal_i2c_ex.c ****   assert_param(IS_I2C_FASTMODEPLUS(ConfigFastModePlus));
 291:Drivers/STM32F3xx_HAL_Driver/Src/stm32f3xx_hal_i2c_ex.c ****   
 292:Drivers/STM32F3xx_HAL_Driver/Src/stm32f3xx_hal_i2c_ex.c ****   /* Enable SYSCFG clock */
 293:Drivers/STM32F3xx_HAL_Driver/Src/stm32f3xx_hal_i2c_ex.c ****   __HAL_RCC_SYSCFG_CLK_ENABLE();
 455              		.loc 1 293 0
 456 0008 0B4B     		ldr	r3, .L18
 457 000a 0B4A     		ldr	r2, .L18
ARM GAS  /tmp/cc4WdBfF.s 			page 14


 458 000c 9269     		ldr	r2, [r2, #24]
 459 000e 42F00102 		orr	r2, r2, #1
 460 0012 9A61     		str	r2, [r3, #24]
 461 0014 084B     		ldr	r3, .L18
 462 0016 9B69     		ldr	r3, [r3, #24]
 463 0018 03F00103 		and	r3, r3, #1
 464 001c FB60     		str	r3, [r7, #12]
 465 001e FB68     		ldr	r3, [r7, #12]
 466              	.LBE2:
 294:Drivers/STM32F3xx_HAL_Driver/Src/stm32f3xx_hal_i2c_ex.c ****   
 295:Drivers/STM32F3xx_HAL_Driver/Src/stm32f3xx_hal_i2c_ex.c ****   /* Enable fast mode plus driving capability for selected pin */
 296:Drivers/STM32F3xx_HAL_Driver/Src/stm32f3xx_hal_i2c_ex.c ****   SET_BIT(SYSCFG->CFGR1, (uint32_t)ConfigFastModePlus);
 467              		.loc 1 296 0
 468 0020 064B     		ldr	r3, .L18+4
 469 0022 064A     		ldr	r2, .L18+4
 470 0024 1168     		ldr	r1, [r2]
 471 0026 7A68     		ldr	r2, [r7, #4]
 472 0028 0A43     		orrs	r2, r2, r1
 473 002a 1A60     		str	r2, [r3]
 297:Drivers/STM32F3xx_HAL_Driver/Src/stm32f3xx_hal_i2c_ex.c **** }
 474              		.loc 1 297 0
 475 002c 1437     		adds	r7, r7, #20
 476 002e BD46     		mov	sp, r7
 477              		@ sp needed
 478 0030 5DF8047B 		ldr	r7, [sp], #4
 479 0034 7047     		bx	lr
 480              	.L19:
 481 0036 00BF     		.align	2
 482              	.L18:
 483 0038 00100240 		.word	1073876992
 484 003c 00000140 		.word	1073807360
 485              		.cfi_endproc
 486              	.LFE129:
 488              		.section	.text.HAL_I2CEx_DisableFastModePlus,"ax",%progbits
 489              		.align	2
 490              		.global	HAL_I2CEx_DisableFastModePlus
 491              		.thumb
 492              		.thumb_func
 494              	HAL_I2CEx_DisableFastModePlus:
 495              	.LFB130:
 298:Drivers/STM32F3xx_HAL_Driver/Src/stm32f3xx_hal_i2c_ex.c **** 
 299:Drivers/STM32F3xx_HAL_Driver/Src/stm32f3xx_hal_i2c_ex.c **** /**
 300:Drivers/STM32F3xx_HAL_Driver/Src/stm32f3xx_hal_i2c_ex.c ****   * @brief Disable the I2C fast mode plus driving capability.
 301:Drivers/STM32F3xx_HAL_Driver/Src/stm32f3xx_hal_i2c_ex.c ****   * @param ConfigFastModePlus Selects the pin.
 302:Drivers/STM32F3xx_HAL_Driver/Src/stm32f3xx_hal_i2c_ex.c ****   *   This parameter can be one of the @ref I2CEx_FastModePlus values
 303:Drivers/STM32F3xx_HAL_Driver/Src/stm32f3xx_hal_i2c_ex.c ****   * @retval None
 304:Drivers/STM32F3xx_HAL_Driver/Src/stm32f3xx_hal_i2c_ex.c ****   */
 305:Drivers/STM32F3xx_HAL_Driver/Src/stm32f3xx_hal_i2c_ex.c **** void HAL_I2CEx_DisableFastModePlus(uint32_t ConfigFastModePlus)
 306:Drivers/STM32F3xx_HAL_Driver/Src/stm32f3xx_hal_i2c_ex.c **** {
 496              		.loc 1 306 0
 497              		.cfi_startproc
 498              		@ args = 0, pretend = 0, frame = 16
 499              		@ frame_needed = 1, uses_anonymous_args = 0
 500              		@ link register save eliminated.
 501 0000 80B4     		push	{r7}
 502              	.LCFI15:
 503              		.cfi_def_cfa_offset 4
ARM GAS  /tmp/cc4WdBfF.s 			page 15


 504              		.cfi_offset 7, -4
 505 0002 85B0     		sub	sp, sp, #20
 506              	.LCFI16:
 507              		.cfi_def_cfa_offset 24
 508 0004 00AF     		add	r7, sp, #0
 509              	.LCFI17:
 510              		.cfi_def_cfa_register 7
 511 0006 7860     		str	r0, [r7, #4]
 512              	.LBB3:
 307:Drivers/STM32F3xx_HAL_Driver/Src/stm32f3xx_hal_i2c_ex.c ****   /* Check the parameter */
 308:Drivers/STM32F3xx_HAL_Driver/Src/stm32f3xx_hal_i2c_ex.c ****   assert_param(IS_I2C_FASTMODEPLUS(ConfigFastModePlus));
 309:Drivers/STM32F3xx_HAL_Driver/Src/stm32f3xx_hal_i2c_ex.c ****   
 310:Drivers/STM32F3xx_HAL_Driver/Src/stm32f3xx_hal_i2c_ex.c ****   /* Enable SYSCFG clock */
 311:Drivers/STM32F3xx_HAL_Driver/Src/stm32f3xx_hal_i2c_ex.c ****   __HAL_RCC_SYSCFG_CLK_ENABLE();
 513              		.loc 1 311 0
 514 0008 0B4B     		ldr	r3, .L21
 515 000a 0B4A     		ldr	r2, .L21
 516 000c 9269     		ldr	r2, [r2, #24]
 517 000e 42F00102 		orr	r2, r2, #1
 518 0012 9A61     		str	r2, [r3, #24]
 519 0014 084B     		ldr	r3, .L21
 520 0016 9B69     		ldr	r3, [r3, #24]
 521 0018 03F00103 		and	r3, r3, #1
 522 001c FB60     		str	r3, [r7, #12]
 523 001e FB68     		ldr	r3, [r7, #12]
 524              	.LBE3:
 312:Drivers/STM32F3xx_HAL_Driver/Src/stm32f3xx_hal_i2c_ex.c **** 
 313:Drivers/STM32F3xx_HAL_Driver/Src/stm32f3xx_hal_i2c_ex.c ****   /* Disable fast mode plus driving capability for selected pin */
 314:Drivers/STM32F3xx_HAL_Driver/Src/stm32f3xx_hal_i2c_ex.c ****   CLEAR_BIT(SYSCFG->CFGR1, (uint32_t)ConfigFastModePlus);
 525              		.loc 1 314 0
 526 0020 064B     		ldr	r3, .L21+4
 527 0022 064A     		ldr	r2, .L21+4
 528 0024 1168     		ldr	r1, [r2]
 529 0026 7A68     		ldr	r2, [r7, #4]
 530 0028 D243     		mvns	r2, r2
 531 002a 0A40     		ands	r2, r2, r1
 532 002c 1A60     		str	r2, [r3]
 315:Drivers/STM32F3xx_HAL_Driver/Src/stm32f3xx_hal_i2c_ex.c **** }
 533              		.loc 1 315 0
 534 002e 1437     		adds	r7, r7, #20
 535 0030 BD46     		mov	sp, r7
 536              		@ sp needed
 537 0032 5DF8047B 		ldr	r7, [sp], #4
 538 0036 7047     		bx	lr
 539              	.L22:
 540              		.align	2
 541              	.L21:
 542 0038 00100240 		.word	1073876992
 543 003c 00000140 		.word	1073807360
 544              		.cfi_endproc
 545              	.LFE130:
 547              		.text
 548              	.Letext0:
 549              		.file 2 "/usr/include/newlib/machine/_default_types.h"
 550              		.file 3 "/usr/include/newlib/stdint.h"
 551              		.file 4 "Drivers/CMSIS/Device/ST/STM32F3xx/Include/stm32f303xc.h"
 552              		.file 5 "Drivers/STM32F3xx_HAL_Driver/Inc/stm32f3xx_hal_def.h"
ARM GAS  /tmp/cc4WdBfF.s 			page 16


 553              		.file 6 "Drivers/STM32F3xx_HAL_Driver/Inc/stm32f3xx_hal_dma.h"
 554              		.file 7 "Drivers/STM32F3xx_HAL_Driver/Inc/stm32f3xx_hal_i2c.h"
 555              		.file 8 "Drivers/CMSIS/Include/core_cm4.h"
ARM GAS  /tmp/cc4WdBfF.s 			page 17


DEFINED SYMBOLS
                            *ABS*:0000000000000000 stm32f3xx_hal_i2c_ex.c
     /tmp/cc4WdBfF.s:20     .text.HAL_I2CEx_ConfigAnalogFilter:0000000000000000 $t
     /tmp/cc4WdBfF.s:25     .text.HAL_I2CEx_ConfigAnalogFilter:0000000000000000 HAL_I2CEx_ConfigAnalogFilter
     /tmp/cc4WdBfF.s:127    .text.HAL_I2CEx_ConfigDigitalFilter:0000000000000000 $t
     /tmp/cc4WdBfF.s:132    .text.HAL_I2CEx_ConfigDigitalFilter:0000000000000000 HAL_I2CEx_ConfigDigitalFilter
     /tmp/cc4WdBfF.s:239    .text.HAL_I2CEx_EnableWakeUp:0000000000000000 $t
     /tmp/cc4WdBfF.s:244    .text.HAL_I2CEx_EnableWakeUp:0000000000000000 HAL_I2CEx_EnableWakeUp
     /tmp/cc4WdBfF.s:335    .text.HAL_I2CEx_DisableWakeUp:0000000000000000 $t
     /tmp/cc4WdBfF.s:340    .text.HAL_I2CEx_DisableWakeUp:0000000000000000 HAL_I2CEx_DisableWakeUp
     /tmp/cc4WdBfF.s:431    .text.HAL_I2CEx_EnableFastModePlus:0000000000000000 $t
     /tmp/cc4WdBfF.s:436    .text.HAL_I2CEx_EnableFastModePlus:0000000000000000 HAL_I2CEx_EnableFastModePlus
     /tmp/cc4WdBfF.s:483    .text.HAL_I2CEx_EnableFastModePlus:0000000000000038 $d
     /tmp/cc4WdBfF.s:489    .text.HAL_I2CEx_DisableFastModePlus:0000000000000000 $t
     /tmp/cc4WdBfF.s:494    .text.HAL_I2CEx_DisableFastModePlus:0000000000000000 HAL_I2CEx_DisableFastModePlus
     /tmp/cc4WdBfF.s:542    .text.HAL_I2CEx_DisableFastModePlus:0000000000000038 $d
                     .debug_frame:0000000000000010 $d

NO UNDEFINED SYMBOLS
