ARM GAS  /tmp/ccEmA03j.s 			page 1


   1              		.syntax unified
   2              		.cpu cortex-m4
   3              		.eabi_attribute 27, 3
   4              		.fpu fpv4-sp-d16
   5              		.eabi_attribute 20, 1
   6              		.eabi_attribute 21, 1
   7              		.eabi_attribute 23, 3
   8              		.eabi_attribute 24, 1
   9              		.eabi_attribute 25, 1
  10              		.eabi_attribute 26, 1
  11              		.eabi_attribute 30, 6
  12              		.eabi_attribute 34, 1
  13              		.eabi_attribute 18, 4
  14              		.thumb
  15              		.file	"stm32f3xx_hal.c"
  16              		.text
  17              	.Ltext0:
  18              		.cfi_sections	.debug_frame
  19              		.comm	uwTick,4,4
  20              		.section	.text.HAL_Init,"ax",%progbits
  21              		.align	2
  22              		.global	HAL_Init
  23              		.thumb
  24              		.thumb_func
  26              	HAL_Init:
  27              	.LFB125:
  28              		.file 1 "Drivers/STM32F3xx_HAL_Driver/Src/stm32f3xx_hal.c"
   1:Drivers/STM32F3xx_HAL_Driver/Src/stm32f3xx_hal.c **** /**
   2:Drivers/STM32F3xx_HAL_Driver/Src/stm32f3xx_hal.c ****   ******************************************************************************
   3:Drivers/STM32F3xx_HAL_Driver/Src/stm32f3xx_hal.c ****   * @file    stm32f3xx_hal.c
   4:Drivers/STM32F3xx_HAL_Driver/Src/stm32f3xx_hal.c ****   * @author  MCD Application Team
   5:Drivers/STM32F3xx_HAL_Driver/Src/stm32f3xx_hal.c ****   * @version V1.2.1
   6:Drivers/STM32F3xx_HAL_Driver/Src/stm32f3xx_hal.c ****   * @date    29-April-2015
   7:Drivers/STM32F3xx_HAL_Driver/Src/stm32f3xx_hal.c ****   * @brief   HAL module driver.
   8:Drivers/STM32F3xx_HAL_Driver/Src/stm32f3xx_hal.c ****   *          This is the common part of the HAL initialization
   9:Drivers/STM32F3xx_HAL_Driver/Src/stm32f3xx_hal.c ****   *
  10:Drivers/STM32F3xx_HAL_Driver/Src/stm32f3xx_hal.c ****   @verbatim
  11:Drivers/STM32F3xx_HAL_Driver/Src/stm32f3xx_hal.c ****   ==============================================================================
  12:Drivers/STM32F3xx_HAL_Driver/Src/stm32f3xx_hal.c ****                      ##### How to use this driver #####
  13:Drivers/STM32F3xx_HAL_Driver/Src/stm32f3xx_hal.c ****   ==============================================================================
  14:Drivers/STM32F3xx_HAL_Driver/Src/stm32f3xx_hal.c ****     [..]
  15:Drivers/STM32F3xx_HAL_Driver/Src/stm32f3xx_hal.c ****     The common HAL driver contains a set of generic and common APIs that can be
  16:Drivers/STM32F3xx_HAL_Driver/Src/stm32f3xx_hal.c ****     used by the PPP peripheral drivers and the user to start using the HAL.
  17:Drivers/STM32F3xx_HAL_Driver/Src/stm32f3xx_hal.c ****     [..]
  18:Drivers/STM32F3xx_HAL_Driver/Src/stm32f3xx_hal.c ****     The HAL contains two APIs categories:
  19:Drivers/STM32F3xx_HAL_Driver/Src/stm32f3xx_hal.c ****          (+) HAL Initialization and de-initialization functions
  20:Drivers/STM32F3xx_HAL_Driver/Src/stm32f3xx_hal.c ****          (+) HAL Control functions
  21:Drivers/STM32F3xx_HAL_Driver/Src/stm32f3xx_hal.c **** 
  22:Drivers/STM32F3xx_HAL_Driver/Src/stm32f3xx_hal.c ****   @endverbatim
  23:Drivers/STM32F3xx_HAL_Driver/Src/stm32f3xx_hal.c ****   ******************************************************************************
  24:Drivers/STM32F3xx_HAL_Driver/Src/stm32f3xx_hal.c ****   * @attention
  25:Drivers/STM32F3xx_HAL_Driver/Src/stm32f3xx_hal.c ****   *
  26:Drivers/STM32F3xx_HAL_Driver/Src/stm32f3xx_hal.c ****   * <h2><center>&copy; COPYRIGHT(c) 2016 STMicroelectronics</center></h2>
  27:Drivers/STM32F3xx_HAL_Driver/Src/stm32f3xx_hal.c ****   *
  28:Drivers/STM32F3xx_HAL_Driver/Src/stm32f3xx_hal.c ****   * Redistribution and use in source and binary forms, with or without modification,
  29:Drivers/STM32F3xx_HAL_Driver/Src/stm32f3xx_hal.c ****   * are permitted provided that the following conditions are met:
  30:Drivers/STM32F3xx_HAL_Driver/Src/stm32f3xx_hal.c ****   *   1. Redistributions of source code must retain the above copyright notice,
ARM GAS  /tmp/ccEmA03j.s 			page 2


  31:Drivers/STM32F3xx_HAL_Driver/Src/stm32f3xx_hal.c ****   *      this list of conditions and the following disclaimer.
  32:Drivers/STM32F3xx_HAL_Driver/Src/stm32f3xx_hal.c ****   *   2. Redistributions in binary form must reproduce the above copyright notice,
  33:Drivers/STM32F3xx_HAL_Driver/Src/stm32f3xx_hal.c ****   *      this list of conditions and the following disclaimer in the documentation
  34:Drivers/STM32F3xx_HAL_Driver/Src/stm32f3xx_hal.c ****   *      and/or other materials provided with the distribution.
  35:Drivers/STM32F3xx_HAL_Driver/Src/stm32f3xx_hal.c ****   *   3. Neither the name of STMicroelectronics nor the names of its contributors
  36:Drivers/STM32F3xx_HAL_Driver/Src/stm32f3xx_hal.c ****   *      may be used to endorse or promote products derived from this software
  37:Drivers/STM32F3xx_HAL_Driver/Src/stm32f3xx_hal.c ****   *      without specific prior written permission.
  38:Drivers/STM32F3xx_HAL_Driver/Src/stm32f3xx_hal.c ****   *
  39:Drivers/STM32F3xx_HAL_Driver/Src/stm32f3xx_hal.c ****   * THIS SOFTWARE IS PROVIDED BY THE COPYRIGHT HOLDERS AND CONTRIBUTORS "AS IS"
  40:Drivers/STM32F3xx_HAL_Driver/Src/stm32f3xx_hal.c ****   * AND ANY EXPRESS OR IMPLIED WARRANTIES, INCLUDING, BUT NOT LIMITED TO, THE
  41:Drivers/STM32F3xx_HAL_Driver/Src/stm32f3xx_hal.c ****   * IMPLIED WARRANTIES OF MERCHANTABILITY AND FITNESS FOR A PARTICULAR PURPOSE ARE
  42:Drivers/STM32F3xx_HAL_Driver/Src/stm32f3xx_hal.c ****   * DISCLAIMED. IN NO EVENT SHALL THE COPYRIGHT HOLDER OR CONTRIBUTORS BE LIABLE
  43:Drivers/STM32F3xx_HAL_Driver/Src/stm32f3xx_hal.c ****   * FOR ANY DIRECT, INDIRECT, INCIDENTAL, SPECIAL, EXEMPLARY, OR CONSEQUENTIAL
  44:Drivers/STM32F3xx_HAL_Driver/Src/stm32f3xx_hal.c ****   * DAMAGES (INCLUDING, BUT NOT LIMITED TO, PROCUREMENT OF SUBSTITUTE GOODS OR
  45:Drivers/STM32F3xx_HAL_Driver/Src/stm32f3xx_hal.c ****   * SERVICES; LOSS OF USE, DATA, OR PROFITS; OR BUSINESS INTERRUPTION) HOWEVER
  46:Drivers/STM32F3xx_HAL_Driver/Src/stm32f3xx_hal.c ****   * CAUSED AND ON ANY THEORY OF LIABILITY, WHETHER IN CONTRACT, STRICT LIABILITY,
  47:Drivers/STM32F3xx_HAL_Driver/Src/stm32f3xx_hal.c ****   * OR TORT (INCLUDING NEGLIGENCE OR OTHERWISE) ARISING IN ANY WAY OUT OF THE USE
  48:Drivers/STM32F3xx_HAL_Driver/Src/stm32f3xx_hal.c ****   * OF THIS SOFTWARE, EVEN IF ADVISED OF THE POSSIBILITY OF SUCH DAMAGE.
  49:Drivers/STM32F3xx_HAL_Driver/Src/stm32f3xx_hal.c ****   *
  50:Drivers/STM32F3xx_HAL_Driver/Src/stm32f3xx_hal.c ****   ******************************************************************************  
  51:Drivers/STM32F3xx_HAL_Driver/Src/stm32f3xx_hal.c ****   */
  52:Drivers/STM32F3xx_HAL_Driver/Src/stm32f3xx_hal.c **** 
  53:Drivers/STM32F3xx_HAL_Driver/Src/stm32f3xx_hal.c **** /* Includes ------------------------------------------------------------------*/
  54:Drivers/STM32F3xx_HAL_Driver/Src/stm32f3xx_hal.c **** #include "stm32f3xx_hal.h"
  55:Drivers/STM32F3xx_HAL_Driver/Src/stm32f3xx_hal.c **** 
  56:Drivers/STM32F3xx_HAL_Driver/Src/stm32f3xx_hal.c **** /** @addtogroup STM32F3xx_HAL_Driver
  57:Drivers/STM32F3xx_HAL_Driver/Src/stm32f3xx_hal.c ****   * @{
  58:Drivers/STM32F3xx_HAL_Driver/Src/stm32f3xx_hal.c ****   */
  59:Drivers/STM32F3xx_HAL_Driver/Src/stm32f3xx_hal.c **** 
  60:Drivers/STM32F3xx_HAL_Driver/Src/stm32f3xx_hal.c **** /** @defgroup HAL HAL
  61:Drivers/STM32F3xx_HAL_Driver/Src/stm32f3xx_hal.c ****   * @brief HAL module driver.
  62:Drivers/STM32F3xx_HAL_Driver/Src/stm32f3xx_hal.c ****   * @{
  63:Drivers/STM32F3xx_HAL_Driver/Src/stm32f3xx_hal.c ****   */
  64:Drivers/STM32F3xx_HAL_Driver/Src/stm32f3xx_hal.c **** 
  65:Drivers/STM32F3xx_HAL_Driver/Src/stm32f3xx_hal.c **** #ifdef HAL_MODULE_ENABLED
  66:Drivers/STM32F3xx_HAL_Driver/Src/stm32f3xx_hal.c **** 
  67:Drivers/STM32F3xx_HAL_Driver/Src/stm32f3xx_hal.c **** /* Private typedef -----------------------------------------------------------*/
  68:Drivers/STM32F3xx_HAL_Driver/Src/stm32f3xx_hal.c **** /* Private define ------------------------------------------------------------*/
  69:Drivers/STM32F3xx_HAL_Driver/Src/stm32f3xx_hal.c **** /** @defgroup HAL_Private Constants
  70:Drivers/STM32F3xx_HAL_Driver/Src/stm32f3xx_hal.c ****   * @{
  71:Drivers/STM32F3xx_HAL_Driver/Src/stm32f3xx_hal.c ****   */
  72:Drivers/STM32F3xx_HAL_Driver/Src/stm32f3xx_hal.c **** /**
  73:Drivers/STM32F3xx_HAL_Driver/Src/stm32f3xx_hal.c ****  * @brief STM32F3xx HAL Driver version number V1.2.1
  74:Drivers/STM32F3xx_HAL_Driver/Src/stm32f3xx_hal.c ****    */
  75:Drivers/STM32F3xx_HAL_Driver/Src/stm32f3xx_hal.c **** #define __STM32F3xx_HAL_VERSION_MAIN   (0x01) /*!< [31:24] main version */
  76:Drivers/STM32F3xx_HAL_Driver/Src/stm32f3xx_hal.c **** #define __STM32F3xx_HAL_VERSION_SUB1   (0x02) /*!< [23:16] sub1 version */
  77:Drivers/STM32F3xx_HAL_Driver/Src/stm32f3xx_hal.c **** #define __STM32F3xx_HAL_VERSION_SUB2   (0x01) /*!< [15:8]  sub2 version */
  78:Drivers/STM32F3xx_HAL_Driver/Src/stm32f3xx_hal.c **** #define __STM32F3xx_HAL_VERSION_RC     (0x00) /*!< [7:0]  release candidate */
  79:Drivers/STM32F3xx_HAL_Driver/Src/stm32f3xx_hal.c **** #define __STM32F3xx_HAL_VERSION         ((__STM32F3xx_HAL_VERSION_MAIN << 24)\
  80:Drivers/STM32F3xx_HAL_Driver/Src/stm32f3xx_hal.c ****                                         |(__STM32F3xx_HAL_VERSION_SUB1 << 16)\
  81:Drivers/STM32F3xx_HAL_Driver/Src/stm32f3xx_hal.c ****                                         |(__STM32F3xx_HAL_VERSION_SUB2 << 8 )\
  82:Drivers/STM32F3xx_HAL_Driver/Src/stm32f3xx_hal.c ****                                         |(__STM32F3xx_HAL_VERSION_RC))
  83:Drivers/STM32F3xx_HAL_Driver/Src/stm32f3xx_hal.c **** 
  84:Drivers/STM32F3xx_HAL_Driver/Src/stm32f3xx_hal.c **** #define IDCODE_DEVID_MASK    ((uint32_t)0x00000FFF)
  85:Drivers/STM32F3xx_HAL_Driver/Src/stm32f3xx_hal.c **** /**
  86:Drivers/STM32F3xx_HAL_Driver/Src/stm32f3xx_hal.c ****   * @}
  87:Drivers/STM32F3xx_HAL_Driver/Src/stm32f3xx_hal.c ****   */
ARM GAS  /tmp/ccEmA03j.s 			page 3


  88:Drivers/STM32F3xx_HAL_Driver/Src/stm32f3xx_hal.c ****   
  89:Drivers/STM32F3xx_HAL_Driver/Src/stm32f3xx_hal.c **** /* Private macro -------------------------------------------------------------*/
  90:Drivers/STM32F3xx_HAL_Driver/Src/stm32f3xx_hal.c **** /* Private variables ---------------------------------------------------------*/
  91:Drivers/STM32F3xx_HAL_Driver/Src/stm32f3xx_hal.c **** /** @defgroup HAL_Private_Variables HAL Private Variables
  92:Drivers/STM32F3xx_HAL_Driver/Src/stm32f3xx_hal.c ****   * @{
  93:Drivers/STM32F3xx_HAL_Driver/Src/stm32f3xx_hal.c ****   */
  94:Drivers/STM32F3xx_HAL_Driver/Src/stm32f3xx_hal.c **** __IO uint32_t uwTick;
  95:Drivers/STM32F3xx_HAL_Driver/Src/stm32f3xx_hal.c **** /**
  96:Drivers/STM32F3xx_HAL_Driver/Src/stm32f3xx_hal.c ****   * @}
  97:Drivers/STM32F3xx_HAL_Driver/Src/stm32f3xx_hal.c ****   */
  98:Drivers/STM32F3xx_HAL_Driver/Src/stm32f3xx_hal.c **** /* Private function prototypes -----------------------------------------------*/
  99:Drivers/STM32F3xx_HAL_Driver/Src/stm32f3xx_hal.c **** /* Exported functions ---------------------------------------------------------*/
 100:Drivers/STM32F3xx_HAL_Driver/Src/stm32f3xx_hal.c **** 
 101:Drivers/STM32F3xx_HAL_Driver/Src/stm32f3xx_hal.c **** /** @defgroup HAL_Exported_Functions HAL Exported Functions
 102:Drivers/STM32F3xx_HAL_Driver/Src/stm32f3xx_hal.c ****   * @{
 103:Drivers/STM32F3xx_HAL_Driver/Src/stm32f3xx_hal.c ****   */
 104:Drivers/STM32F3xx_HAL_Driver/Src/stm32f3xx_hal.c **** 
 105:Drivers/STM32F3xx_HAL_Driver/Src/stm32f3xx_hal.c **** /** @defgroup HAL_Exported_Functions_Group1 Initialization and de-initialization Functions 
 106:Drivers/STM32F3xx_HAL_Driver/Src/stm32f3xx_hal.c ****  *  @brief    Initialization and de-initialization functions
 107:Drivers/STM32F3xx_HAL_Driver/Src/stm32f3xx_hal.c ****  *
 108:Drivers/STM32F3xx_HAL_Driver/Src/stm32f3xx_hal.c **** @verbatim
 109:Drivers/STM32F3xx_HAL_Driver/Src/stm32f3xx_hal.c ****  ===============================================================================
 110:Drivers/STM32F3xx_HAL_Driver/Src/stm32f3xx_hal.c ****               ##### Initialization and de-initialization functions #####
 111:Drivers/STM32F3xx_HAL_Driver/Src/stm32f3xx_hal.c ****  ===============================================================================
 112:Drivers/STM32F3xx_HAL_Driver/Src/stm32f3xx_hal.c ****     [..]  This section provides functions allowing to:
 113:Drivers/STM32F3xx_HAL_Driver/Src/stm32f3xx_hal.c ****       (+) Initializes the Flash interface, the NVIC allocation and initial clock 
 114:Drivers/STM32F3xx_HAL_Driver/Src/stm32f3xx_hal.c ****           configuration. It initializes the source of time base also when timeout 
 115:Drivers/STM32F3xx_HAL_Driver/Src/stm32f3xx_hal.c ****           is needed and the backup domain when enabled.
 116:Drivers/STM32F3xx_HAL_Driver/Src/stm32f3xx_hal.c ****       (+) de-Initializes common part of the HAL.
 117:Drivers/STM32F3xx_HAL_Driver/Src/stm32f3xx_hal.c ****       (+) Configure The time base source to have 1ms time base with a dedicated 
 118:Drivers/STM32F3xx_HAL_Driver/Src/stm32f3xx_hal.c ****           Tick interrupt priority. 
 119:Drivers/STM32F3xx_HAL_Driver/Src/stm32f3xx_hal.c ****         (++) Systick timer is used by default as source of time base, but user 
 120:Drivers/STM32F3xx_HAL_Driver/Src/stm32f3xx_hal.c ****              can eventually implement his proper time base source (a general purpose 
 121:Drivers/STM32F3xx_HAL_Driver/Src/stm32f3xx_hal.c ****              timer for example or other time source), keeping in mind that Time base 
 122:Drivers/STM32F3xx_HAL_Driver/Src/stm32f3xx_hal.c ****              duration should be kept 1ms since PPP_TIMEOUT_VALUEs are defined and 
 123:Drivers/STM32F3xx_HAL_Driver/Src/stm32f3xx_hal.c ****              handled in milliseconds basis.
 124:Drivers/STM32F3xx_HAL_Driver/Src/stm32f3xx_hal.c ****         (++) Time base configuration function (HAL_InitTick ()) is called automatically 
 125:Drivers/STM32F3xx_HAL_Driver/Src/stm32f3xx_hal.c ****              at the beginning of the program after reset by HAL_Init() or at any time 
 126:Drivers/STM32F3xx_HAL_Driver/Src/stm32f3xx_hal.c ****              when clock is configured, by HAL_RCC_ClockConfig(). 
 127:Drivers/STM32F3xx_HAL_Driver/Src/stm32f3xx_hal.c ****         (++) Source of time base is configured  to generate interrupts at regular 
 128:Drivers/STM32F3xx_HAL_Driver/Src/stm32f3xx_hal.c ****              time intervals. Care must be taken if HAL_Delay() is called from a 
 129:Drivers/STM32F3xx_HAL_Driver/Src/stm32f3xx_hal.c ****              peripheral ISR process, the Tick interrupt line must have higher priority 
 130:Drivers/STM32F3xx_HAL_Driver/Src/stm32f3xx_hal.c ****             (numerically lower) than the peripheral interrupt. Otherwise the caller 
 131:Drivers/STM32F3xx_HAL_Driver/Src/stm32f3xx_hal.c ****             ISR process will be blocked. 
 132:Drivers/STM32F3xx_HAL_Driver/Src/stm32f3xx_hal.c ****        (++) functions affecting time base configurations are declared as __Weak  
 133:Drivers/STM32F3xx_HAL_Driver/Src/stm32f3xx_hal.c ****              to make  override possible  in case of other  implementations in user file.
 134:Drivers/STM32F3xx_HAL_Driver/Src/stm32f3xx_hal.c **** 
 135:Drivers/STM32F3xx_HAL_Driver/Src/stm32f3xx_hal.c **** @endverbatim
 136:Drivers/STM32F3xx_HAL_Driver/Src/stm32f3xx_hal.c ****   * @{
 137:Drivers/STM32F3xx_HAL_Driver/Src/stm32f3xx_hal.c ****   */
 138:Drivers/STM32F3xx_HAL_Driver/Src/stm32f3xx_hal.c **** 
 139:Drivers/STM32F3xx_HAL_Driver/Src/stm32f3xx_hal.c **** /**
 140:Drivers/STM32F3xx_HAL_Driver/Src/stm32f3xx_hal.c ****   * @brief  This function configures the Flash prefetch, 
 141:Drivers/STM32F3xx_HAL_Driver/Src/stm32f3xx_hal.c ****   *         Configures time base source, NVIC and Low level hardware
 142:Drivers/STM32F3xx_HAL_Driver/Src/stm32f3xx_hal.c ****   * @note   This function is called at the beginning of program after reset and before 
 143:Drivers/STM32F3xx_HAL_Driver/Src/stm32f3xx_hal.c ****   *         the clock configuration
 144:Drivers/STM32F3xx_HAL_Driver/Src/stm32f3xx_hal.c ****   *             
ARM GAS  /tmp/ccEmA03j.s 			page 4


 145:Drivers/STM32F3xx_HAL_Driver/Src/stm32f3xx_hal.c ****   * @note   The Systick configuration is based on HSI clock, as HSI is the clock
 146:Drivers/STM32F3xx_HAL_Driver/Src/stm32f3xx_hal.c ****   *         used after a system Reset and the NVIC configuration is set to Priority group 4 
 147:Drivers/STM32F3xx_HAL_Driver/Src/stm32f3xx_hal.c ****   *            
 148:Drivers/STM32F3xx_HAL_Driver/Src/stm32f3xx_hal.c ****   * @note   The time base configuration is based on MSI clock when exting from Reset.
 149:Drivers/STM32F3xx_HAL_Driver/Src/stm32f3xx_hal.c ****   *         Once done, time base tick start incrementing.
 150:Drivers/STM32F3xx_HAL_Driver/Src/stm32f3xx_hal.c ****   *         In the default implementation,Systick is used as source of time base.
 151:Drivers/STM32F3xx_HAL_Driver/Src/stm32f3xx_hal.c ****   *       The tick variable is incremented each 1ms in its ISR.
 152:Drivers/STM32F3xx_HAL_Driver/Src/stm32f3xx_hal.c ****   * @retval HAL status
 153:Drivers/STM32F3xx_HAL_Driver/Src/stm32f3xx_hal.c ****   */
 154:Drivers/STM32F3xx_HAL_Driver/Src/stm32f3xx_hal.c **** HAL_StatusTypeDef HAL_Init(void)
 155:Drivers/STM32F3xx_HAL_Driver/Src/stm32f3xx_hal.c **** {
  29              		.loc 1 155 0
  30              		.cfi_startproc
  31              		@ args = 0, pretend = 0, frame = 0
  32              		@ frame_needed = 1, uses_anonymous_args = 0
  33 0000 80B5     		push	{r7, lr}
  34              	.LCFI0:
  35              		.cfi_def_cfa_offset 8
  36              		.cfi_offset 7, -8
  37              		.cfi_offset 14, -4
  38 0002 00AF     		add	r7, sp, #0
  39              	.LCFI1:
  40              		.cfi_def_cfa_register 7
 156:Drivers/STM32F3xx_HAL_Driver/Src/stm32f3xx_hal.c ****   /* Configure Flash prefetch */
 157:Drivers/STM32F3xx_HAL_Driver/Src/stm32f3xx_hal.c **** #if (PREFETCH_ENABLE != 0)
 158:Drivers/STM32F3xx_HAL_Driver/Src/stm32f3xx_hal.c ****   __HAL_FLASH_PREFETCH_BUFFER_ENABLE();
  41              		.loc 1 158 0
  42 0004 084B     		ldr	r3, .L3
  43 0006 084A     		ldr	r2, .L3
  44 0008 1268     		ldr	r2, [r2]
  45 000a 42F01002 		orr	r2, r2, #16
  46 000e 1A60     		str	r2, [r3]
 159:Drivers/STM32F3xx_HAL_Driver/Src/stm32f3xx_hal.c **** #endif /* PREFETCH_ENABLE */
 160:Drivers/STM32F3xx_HAL_Driver/Src/stm32f3xx_hal.c **** 
 161:Drivers/STM32F3xx_HAL_Driver/Src/stm32f3xx_hal.c ****   /* Set Interrupt Group Priority */
 162:Drivers/STM32F3xx_HAL_Driver/Src/stm32f3xx_hal.c ****   HAL_NVIC_SetPriorityGrouping(NVIC_PRIORITYGROUP_4);
  47              		.loc 1 162 0
  48 0010 0320     		movs	r0, #3
  49 0012 FFF7FEFF 		bl	HAL_NVIC_SetPriorityGrouping
 163:Drivers/STM32F3xx_HAL_Driver/Src/stm32f3xx_hal.c **** 
 164:Drivers/STM32F3xx_HAL_Driver/Src/stm32f3xx_hal.c ****   /* Enable systick and configure 1ms tick (default clock after Reset is HSI) */
 165:Drivers/STM32F3xx_HAL_Driver/Src/stm32f3xx_hal.c ****   HAL_InitTick(TICK_INT_PRIORITY);
  50              		.loc 1 165 0
  51 0016 0020     		movs	r0, #0
  52 0018 FFF7FEFF 		bl	HAL_InitTick
 166:Drivers/STM32F3xx_HAL_Driver/Src/stm32f3xx_hal.c **** 
 167:Drivers/STM32F3xx_HAL_Driver/Src/stm32f3xx_hal.c ****   /* Init the low level hardware */
 168:Drivers/STM32F3xx_HAL_Driver/Src/stm32f3xx_hal.c ****   HAL_MspInit();
  53              		.loc 1 168 0
  54 001c FFF7FEFF 		bl	HAL_MspInit
 169:Drivers/STM32F3xx_HAL_Driver/Src/stm32f3xx_hal.c **** 
 170:Drivers/STM32F3xx_HAL_Driver/Src/stm32f3xx_hal.c ****   /* Return function status */
 171:Drivers/STM32F3xx_HAL_Driver/Src/stm32f3xx_hal.c ****   return HAL_OK;
  55              		.loc 1 171 0
  56 0020 0023     		movs	r3, #0
 172:Drivers/STM32F3xx_HAL_Driver/Src/stm32f3xx_hal.c **** }
  57              		.loc 1 172 0
ARM GAS  /tmp/ccEmA03j.s 			page 5


  58 0022 1846     		mov	r0, r3
  59 0024 80BD     		pop	{r7, pc}
  60              	.L4:
  61 0026 00BF     		.align	2
  62              	.L3:
  63 0028 00200240 		.word	1073881088
  64              		.cfi_endproc
  65              	.LFE125:
  67              		.section	.text.HAL_DeInit,"ax",%progbits
  68              		.align	2
  69              		.global	HAL_DeInit
  70              		.thumb
  71              		.thumb_func
  73              	HAL_DeInit:
  74              	.LFB126:
 173:Drivers/STM32F3xx_HAL_Driver/Src/stm32f3xx_hal.c **** 
 174:Drivers/STM32F3xx_HAL_Driver/Src/stm32f3xx_hal.c **** /**
 175:Drivers/STM32F3xx_HAL_Driver/Src/stm32f3xx_hal.c ****   * @brief  This function de-Initializes common part of the HAL and stops the source
 176:Drivers/STM32F3xx_HAL_Driver/Src/stm32f3xx_hal.c ****   *         of time base.
 177:Drivers/STM32F3xx_HAL_Driver/Src/stm32f3xx_hal.c ****   * @note This function is optional.
 178:Drivers/STM32F3xx_HAL_Driver/Src/stm32f3xx_hal.c ****   * @retval HAL status
 179:Drivers/STM32F3xx_HAL_Driver/Src/stm32f3xx_hal.c ****   */
 180:Drivers/STM32F3xx_HAL_Driver/Src/stm32f3xx_hal.c **** HAL_StatusTypeDef HAL_DeInit(void)
 181:Drivers/STM32F3xx_HAL_Driver/Src/stm32f3xx_hal.c **** {
  75              		.loc 1 181 0
  76              		.cfi_startproc
  77              		@ args = 0, pretend = 0, frame = 0
  78              		@ frame_needed = 1, uses_anonymous_args = 0
  79 0000 80B5     		push	{r7, lr}
  80              	.LCFI2:
  81              		.cfi_def_cfa_offset 8
  82              		.cfi_offset 7, -8
  83              		.cfi_offset 14, -4
  84 0002 00AF     		add	r7, sp, #0
  85              	.LCFI3:
  86              		.cfi_def_cfa_register 7
 182:Drivers/STM32F3xx_HAL_Driver/Src/stm32f3xx_hal.c ****   /* Reset of all peripherals */
 183:Drivers/STM32F3xx_HAL_Driver/Src/stm32f3xx_hal.c ****   __HAL_RCC_APB1_FORCE_RESET();
  87              		.loc 1 183 0
  88 0004 0C4B     		ldr	r3, .L7
  89 0006 4FF0FF32 		mov	r2, #-1
  90 000a 1A61     		str	r2, [r3, #16]
 184:Drivers/STM32F3xx_HAL_Driver/Src/stm32f3xx_hal.c ****   __HAL_RCC_APB1_RELEASE_RESET();
  91              		.loc 1 184 0
  92 000c 0A4B     		ldr	r3, .L7
  93 000e 0022     		movs	r2, #0
  94 0010 1A61     		str	r2, [r3, #16]
 185:Drivers/STM32F3xx_HAL_Driver/Src/stm32f3xx_hal.c **** 
 186:Drivers/STM32F3xx_HAL_Driver/Src/stm32f3xx_hal.c ****   __HAL_RCC_APB2_FORCE_RESET();
  95              		.loc 1 186 0
  96 0012 094B     		ldr	r3, .L7
  97 0014 4FF0FF32 		mov	r2, #-1
  98 0018 DA60     		str	r2, [r3, #12]
 187:Drivers/STM32F3xx_HAL_Driver/Src/stm32f3xx_hal.c ****   __HAL_RCC_APB2_RELEASE_RESET();
  99              		.loc 1 187 0
 100 001a 074B     		ldr	r3, .L7
 101 001c 0022     		movs	r2, #0
ARM GAS  /tmp/ccEmA03j.s 			page 6


 102 001e DA60     		str	r2, [r3, #12]
 188:Drivers/STM32F3xx_HAL_Driver/Src/stm32f3xx_hal.c **** 
 189:Drivers/STM32F3xx_HAL_Driver/Src/stm32f3xx_hal.c ****   __HAL_RCC_AHB_FORCE_RESET();
 103              		.loc 1 189 0
 104 0020 054B     		ldr	r3, .L7
 105 0022 4FF0FF32 		mov	r2, #-1
 106 0026 9A62     		str	r2, [r3, #40]
 190:Drivers/STM32F3xx_HAL_Driver/Src/stm32f3xx_hal.c ****   __HAL_RCC_AHB_RELEASE_RESET();
 107              		.loc 1 190 0
 108 0028 034B     		ldr	r3, .L7
 109 002a 0022     		movs	r2, #0
 110 002c 9A62     		str	r2, [r3, #40]
 191:Drivers/STM32F3xx_HAL_Driver/Src/stm32f3xx_hal.c **** 
 192:Drivers/STM32F3xx_HAL_Driver/Src/stm32f3xx_hal.c ****   /* De-Init the low level hardware */
 193:Drivers/STM32F3xx_HAL_Driver/Src/stm32f3xx_hal.c ****   HAL_MspDeInit();
 111              		.loc 1 193 0
 112 002e FFF7FEFF 		bl	HAL_MspDeInit
 194:Drivers/STM32F3xx_HAL_Driver/Src/stm32f3xx_hal.c **** 
 195:Drivers/STM32F3xx_HAL_Driver/Src/stm32f3xx_hal.c ****   /* Return function status */
 196:Drivers/STM32F3xx_HAL_Driver/Src/stm32f3xx_hal.c ****   return HAL_OK;
 113              		.loc 1 196 0
 114 0032 0023     		movs	r3, #0
 197:Drivers/STM32F3xx_HAL_Driver/Src/stm32f3xx_hal.c **** }
 115              		.loc 1 197 0
 116 0034 1846     		mov	r0, r3
 117 0036 80BD     		pop	{r7, pc}
 118              	.L8:
 119              		.align	2
 120              	.L7:
 121 0038 00100240 		.word	1073876992
 122              		.cfi_endproc
 123              	.LFE126:
 125              		.section	.text.HAL_MspInit,"ax",%progbits
 126              		.align	2
 127              		.weak	HAL_MspInit
 128              		.thumb
 129              		.thumb_func
 131              	HAL_MspInit:
 132              	.LFB127:
 198:Drivers/STM32F3xx_HAL_Driver/Src/stm32f3xx_hal.c **** 
 199:Drivers/STM32F3xx_HAL_Driver/Src/stm32f3xx_hal.c **** /**
 200:Drivers/STM32F3xx_HAL_Driver/Src/stm32f3xx_hal.c ****   * @brief  Initializes the MSP.
 201:Drivers/STM32F3xx_HAL_Driver/Src/stm32f3xx_hal.c ****   * @retval None
 202:Drivers/STM32F3xx_HAL_Driver/Src/stm32f3xx_hal.c ****   */
 203:Drivers/STM32F3xx_HAL_Driver/Src/stm32f3xx_hal.c **** __weak void HAL_MspInit(void)
 204:Drivers/STM32F3xx_HAL_Driver/Src/stm32f3xx_hal.c **** {
 133              		.loc 1 204 0
 134              		.cfi_startproc
 135              		@ args = 0, pretend = 0, frame = 0
 136              		@ frame_needed = 1, uses_anonymous_args = 0
 137              		@ link register save eliminated.
 138 0000 80B4     		push	{r7}
 139              	.LCFI4:
 140              		.cfi_def_cfa_offset 4
 141              		.cfi_offset 7, -4
 142 0002 00AF     		add	r7, sp, #0
 143              	.LCFI5:
ARM GAS  /tmp/ccEmA03j.s 			page 7


 144              		.cfi_def_cfa_register 7
 205:Drivers/STM32F3xx_HAL_Driver/Src/stm32f3xx_hal.c ****   /* NOTE : This function Should not be modified, when the callback is needed,
 206:Drivers/STM32F3xx_HAL_Driver/Src/stm32f3xx_hal.c ****             the HAL_MspInit could be implemented in the user file
 207:Drivers/STM32F3xx_HAL_Driver/Src/stm32f3xx_hal.c ****    */
 208:Drivers/STM32F3xx_HAL_Driver/Src/stm32f3xx_hal.c **** }
 145              		.loc 1 208 0
 146 0004 BD46     		mov	sp, r7
 147              		@ sp needed
 148 0006 5DF8047B 		ldr	r7, [sp], #4
 149 000a 7047     		bx	lr
 150              		.cfi_endproc
 151              	.LFE127:
 153              		.section	.text.HAL_MspDeInit,"ax",%progbits
 154              		.align	2
 155              		.weak	HAL_MspDeInit
 156              		.thumb
 157              		.thumb_func
 159              	HAL_MspDeInit:
 160              	.LFB128:
 209:Drivers/STM32F3xx_HAL_Driver/Src/stm32f3xx_hal.c **** 
 210:Drivers/STM32F3xx_HAL_Driver/Src/stm32f3xx_hal.c **** /**
 211:Drivers/STM32F3xx_HAL_Driver/Src/stm32f3xx_hal.c ****   * @brief  DeInitializes the MSP.
 212:Drivers/STM32F3xx_HAL_Driver/Src/stm32f3xx_hal.c ****   * @retval None
 213:Drivers/STM32F3xx_HAL_Driver/Src/stm32f3xx_hal.c ****   */
 214:Drivers/STM32F3xx_HAL_Driver/Src/stm32f3xx_hal.c **** __weak void HAL_MspDeInit(void)
 215:Drivers/STM32F3xx_HAL_Driver/Src/stm32f3xx_hal.c **** {
 161              		.loc 1 215 0
 162              		.cfi_startproc
 163              		@ args = 0, pretend = 0, frame = 0
 164              		@ frame_needed = 1, uses_anonymous_args = 0
 165              		@ link register save eliminated.
 166 0000 80B4     		push	{r7}
 167              	.LCFI6:
 168              		.cfi_def_cfa_offset 4
 169              		.cfi_offset 7, -4
 170 0002 00AF     		add	r7, sp, #0
 171              	.LCFI7:
 172              		.cfi_def_cfa_register 7
 216:Drivers/STM32F3xx_HAL_Driver/Src/stm32f3xx_hal.c ****   /* NOTE : This function Should not be modified, when the callback is needed,
 217:Drivers/STM32F3xx_HAL_Driver/Src/stm32f3xx_hal.c ****             the HAL_MspDeInit could be implemented in the user file
 218:Drivers/STM32F3xx_HAL_Driver/Src/stm32f3xx_hal.c ****    */
 219:Drivers/STM32F3xx_HAL_Driver/Src/stm32f3xx_hal.c **** }
 173              		.loc 1 219 0
 174 0004 BD46     		mov	sp, r7
 175              		@ sp needed
 176 0006 5DF8047B 		ldr	r7, [sp], #4
 177 000a 7047     		bx	lr
 178              		.cfi_endproc
 179              	.LFE128:
 181              		.section	.text.HAL_InitTick,"ax",%progbits
 182              		.align	2
 183              		.weak	HAL_InitTick
 184              		.thumb
 185              		.thumb_func
 187              	HAL_InitTick:
 188              	.LFB129:
 220:Drivers/STM32F3xx_HAL_Driver/Src/stm32f3xx_hal.c **** 
ARM GAS  /tmp/ccEmA03j.s 			page 8


 221:Drivers/STM32F3xx_HAL_Driver/Src/stm32f3xx_hal.c **** /**
 222:Drivers/STM32F3xx_HAL_Driver/Src/stm32f3xx_hal.c ****   * @brief  This function configures the source of the time base. 
 223:Drivers/STM32F3xx_HAL_Driver/Src/stm32f3xx_hal.c ****   *         The time source is configured  to have 1ms time base with a dedicated 
 224:Drivers/STM32F3xx_HAL_Driver/Src/stm32f3xx_hal.c ****   *         Tick interrupt priority. 
 225:Drivers/STM32F3xx_HAL_Driver/Src/stm32f3xx_hal.c ****   * @note   This function is called  automatically at the beginning of program after
 226:Drivers/STM32F3xx_HAL_Driver/Src/stm32f3xx_hal.c ****   *         reset by HAL_Init() or at any time when clock is reconfigured  by HAL_RCC_ClockConfig()
 227:Drivers/STM32F3xx_HAL_Driver/Src/stm32f3xx_hal.c ****   * @note   In the default implementation , SysTick timer is the source of time base. 
 228:Drivers/STM32F3xx_HAL_Driver/Src/stm32f3xx_hal.c ****   *         It is used to generate interrupts at regular time intervals. 
 229:Drivers/STM32F3xx_HAL_Driver/Src/stm32f3xx_hal.c ****   *         Care must be taken if HAL_Delay() is called from a peripheral ISR process, 
 230:Drivers/STM32F3xx_HAL_Driver/Src/stm32f3xx_hal.c ****   *         The the SysTick interrupt must have higher priority (numerically lower) 
 231:Drivers/STM32F3xx_HAL_Driver/Src/stm32f3xx_hal.c ****   *         than the peripheral interrupt. Otherwise the caller ISR process will be blocked.
 232:Drivers/STM32F3xx_HAL_Driver/Src/stm32f3xx_hal.c ****   *         The function is declared as __Weak  to be overwritten  in case of other
 233:Drivers/STM32F3xx_HAL_Driver/Src/stm32f3xx_hal.c ****   *         implementation  in user file.
 234:Drivers/STM32F3xx_HAL_Driver/Src/stm32f3xx_hal.c ****   * @param TickPriority: Tick interrupt priority.
 235:Drivers/STM32F3xx_HAL_Driver/Src/stm32f3xx_hal.c ****   * @retval HAL status
 236:Drivers/STM32F3xx_HAL_Driver/Src/stm32f3xx_hal.c ****   */
 237:Drivers/STM32F3xx_HAL_Driver/Src/stm32f3xx_hal.c **** __weak HAL_StatusTypeDef HAL_InitTick(uint32_t TickPriority)
 238:Drivers/STM32F3xx_HAL_Driver/Src/stm32f3xx_hal.c **** {
 189              		.loc 1 238 0
 190              		.cfi_startproc
 191              		@ args = 0, pretend = 0, frame = 8
 192              		@ frame_needed = 1, uses_anonymous_args = 0
 193 0000 80B5     		push	{r7, lr}
 194              	.LCFI8:
 195              		.cfi_def_cfa_offset 8
 196              		.cfi_offset 7, -8
 197              		.cfi_offset 14, -4
 198 0002 82B0     		sub	sp, sp, #8
 199              	.LCFI9:
 200              		.cfi_def_cfa_offset 16
 201 0004 00AF     		add	r7, sp, #0
 202              	.LCFI10:
 203              		.cfi_def_cfa_register 7
 204 0006 7860     		str	r0, [r7, #4]
 239:Drivers/STM32F3xx_HAL_Driver/Src/stm32f3xx_hal.c ****   /*Configure the SysTick to have interrupt in 1ms time basis*/
 240:Drivers/STM32F3xx_HAL_Driver/Src/stm32f3xx_hal.c ****   HAL_SYSTICK_Config(SystemCoreClock / 1000);
 205              		.loc 1 240 0
 206 0008 094B     		ldr	r3, .L13
 207 000a 1A68     		ldr	r2, [r3]
 208 000c 094B     		ldr	r3, .L13+4
 209 000e A3FB0213 		umull	r1, r3, r3, r2
 210 0012 9B09     		lsrs	r3, r3, #6
 211 0014 1846     		mov	r0, r3
 212 0016 FFF7FEFF 		bl	HAL_SYSTICK_Config
 241:Drivers/STM32F3xx_HAL_Driver/Src/stm32f3xx_hal.c ****  
 242:Drivers/STM32F3xx_HAL_Driver/Src/stm32f3xx_hal.c ****   /*Configure the SysTick IRQ priority */
 243:Drivers/STM32F3xx_HAL_Driver/Src/stm32f3xx_hal.c ****   HAL_NVIC_SetPriority(SysTick_IRQn, TickPriority ,0);
 213              		.loc 1 243 0
 214 001a 4FF0FF30 		mov	r0, #-1
 215 001e 7968     		ldr	r1, [r7, #4]
 216 0020 0022     		movs	r2, #0
 217 0022 FFF7FEFF 		bl	HAL_NVIC_SetPriority
 244:Drivers/STM32F3xx_HAL_Driver/Src/stm32f3xx_hal.c **** 
 245:Drivers/STM32F3xx_HAL_Driver/Src/stm32f3xx_hal.c ****    /* Return function status */
 246:Drivers/STM32F3xx_HAL_Driver/Src/stm32f3xx_hal.c ****   return HAL_OK;
 218              		.loc 1 246 0
 219 0026 0023     		movs	r3, #0
ARM GAS  /tmp/ccEmA03j.s 			page 9


 247:Drivers/STM32F3xx_HAL_Driver/Src/stm32f3xx_hal.c **** }
 220              		.loc 1 247 0
 221 0028 1846     		mov	r0, r3
 222 002a 0837     		adds	r7, r7, #8
 223 002c BD46     		mov	sp, r7
 224              		@ sp needed
 225 002e 80BD     		pop	{r7, pc}
 226              	.L14:
 227              		.align	2
 228              	.L13:
 229 0030 00000000 		.word	SystemCoreClock
 230 0034 D34D6210 		.word	274877907
 231              		.cfi_endproc
 232              	.LFE129:
 234              		.section	.text.HAL_IncTick,"ax",%progbits
 235              		.align	2
 236              		.weak	HAL_IncTick
 237              		.thumb
 238              		.thumb_func
 240              	HAL_IncTick:
 241              	.LFB130:
 248:Drivers/STM32F3xx_HAL_Driver/Src/stm32f3xx_hal.c **** 
 249:Drivers/STM32F3xx_HAL_Driver/Src/stm32f3xx_hal.c **** /**
 250:Drivers/STM32F3xx_HAL_Driver/Src/stm32f3xx_hal.c ****   * @}
 251:Drivers/STM32F3xx_HAL_Driver/Src/stm32f3xx_hal.c ****   */
 252:Drivers/STM32F3xx_HAL_Driver/Src/stm32f3xx_hal.c **** 
 253:Drivers/STM32F3xx_HAL_Driver/Src/stm32f3xx_hal.c **** /** @defgroup HAL_Exported_Functions_Group2 HAL Control functions 
 254:Drivers/STM32F3xx_HAL_Driver/Src/stm32f3xx_hal.c ****  *  @brief    HAL Control functions
 255:Drivers/STM32F3xx_HAL_Driver/Src/stm32f3xx_hal.c ****  *
 256:Drivers/STM32F3xx_HAL_Driver/Src/stm32f3xx_hal.c **** @verbatim
 257:Drivers/STM32F3xx_HAL_Driver/Src/stm32f3xx_hal.c ****  ===============================================================================
 258:Drivers/STM32F3xx_HAL_Driver/Src/stm32f3xx_hal.c ****                       ##### HAL Control functions #####
 259:Drivers/STM32F3xx_HAL_Driver/Src/stm32f3xx_hal.c ****  ===============================================================================
 260:Drivers/STM32F3xx_HAL_Driver/Src/stm32f3xx_hal.c ****     [..]  This section provides functions allowing to:
 261:Drivers/STM32F3xx_HAL_Driver/Src/stm32f3xx_hal.c ****       (+) Provide a tick value in millisecond
 262:Drivers/STM32F3xx_HAL_Driver/Src/stm32f3xx_hal.c ****       (+) Provide a blocking delay in millisecond
 263:Drivers/STM32F3xx_HAL_Driver/Src/stm32f3xx_hal.c ****       (+) Suspend the time base source interrupt
 264:Drivers/STM32F3xx_HAL_Driver/Src/stm32f3xx_hal.c ****       (+) Resume the time base source interrupt
 265:Drivers/STM32F3xx_HAL_Driver/Src/stm32f3xx_hal.c ****       (+) Get the HAL API driver version
 266:Drivers/STM32F3xx_HAL_Driver/Src/stm32f3xx_hal.c ****       (+) Get the device identifier
 267:Drivers/STM32F3xx_HAL_Driver/Src/stm32f3xx_hal.c ****       (+) Get the device revision identifier
 268:Drivers/STM32F3xx_HAL_Driver/Src/stm32f3xx_hal.c ****       (+) Enable/Disable Debug module during Sleep mode
 269:Drivers/STM32F3xx_HAL_Driver/Src/stm32f3xx_hal.c ****       (+) Enable/Disable Debug module during STOP mode
 270:Drivers/STM32F3xx_HAL_Driver/Src/stm32f3xx_hal.c ****       (+) Enable/Disable Debug module during STANDBY mode
 271:Drivers/STM32F3xx_HAL_Driver/Src/stm32f3xx_hal.c ****       
 272:Drivers/STM32F3xx_HAL_Driver/Src/stm32f3xx_hal.c **** @endverbatim
 273:Drivers/STM32F3xx_HAL_Driver/Src/stm32f3xx_hal.c ****   * @{
 274:Drivers/STM32F3xx_HAL_Driver/Src/stm32f3xx_hal.c ****   */
 275:Drivers/STM32F3xx_HAL_Driver/Src/stm32f3xx_hal.c **** 
 276:Drivers/STM32F3xx_HAL_Driver/Src/stm32f3xx_hal.c **** /**
 277:Drivers/STM32F3xx_HAL_Driver/Src/stm32f3xx_hal.c ****   * @brief  This function is called to increment  a global variable "uwTick"
 278:Drivers/STM32F3xx_HAL_Driver/Src/stm32f3xx_hal.c ****   *         used as application time base.
 279:Drivers/STM32F3xx_HAL_Driver/Src/stm32f3xx_hal.c ****   * @note In the default implementation, this variable is incremented each 1ms
 280:Drivers/STM32F3xx_HAL_Driver/Src/stm32f3xx_hal.c ****   *         in Systick ISR.
 281:Drivers/STM32F3xx_HAL_Driver/Src/stm32f3xx_hal.c ****   * @note This function is declared as __weak to be overwritten in case of other 
 282:Drivers/STM32F3xx_HAL_Driver/Src/stm32f3xx_hal.c ****   *         implementations  in user file.
 283:Drivers/STM32F3xx_HAL_Driver/Src/stm32f3xx_hal.c ****   * @retval None
ARM GAS  /tmp/ccEmA03j.s 			page 10


 284:Drivers/STM32F3xx_HAL_Driver/Src/stm32f3xx_hal.c ****   */
 285:Drivers/STM32F3xx_HAL_Driver/Src/stm32f3xx_hal.c **** __weak void HAL_IncTick(void)
 286:Drivers/STM32F3xx_HAL_Driver/Src/stm32f3xx_hal.c **** {
 242              		.loc 1 286 0
 243              		.cfi_startproc
 244              		@ args = 0, pretend = 0, frame = 0
 245              		@ frame_needed = 1, uses_anonymous_args = 0
 246              		@ link register save eliminated.
 247 0000 80B4     		push	{r7}
 248              	.LCFI11:
 249              		.cfi_def_cfa_offset 4
 250              		.cfi_offset 7, -4
 251 0002 00AF     		add	r7, sp, #0
 252              	.LCFI12:
 253              		.cfi_def_cfa_register 7
 287:Drivers/STM32F3xx_HAL_Driver/Src/stm32f3xx_hal.c ****   uwTick++;
 254              		.loc 1 287 0
 255 0004 044B     		ldr	r3, .L16
 256 0006 1B68     		ldr	r3, [r3]
 257 0008 5A1C     		adds	r2, r3, #1
 258 000a 034B     		ldr	r3, .L16
 259 000c 1A60     		str	r2, [r3]
 288:Drivers/STM32F3xx_HAL_Driver/Src/stm32f3xx_hal.c **** }
 260              		.loc 1 288 0
 261 000e BD46     		mov	sp, r7
 262              		@ sp needed
 263 0010 5DF8047B 		ldr	r7, [sp], #4
 264 0014 7047     		bx	lr
 265              	.L17:
 266 0016 00BF     		.align	2
 267              	.L16:
 268 0018 00000000 		.word	uwTick
 269              		.cfi_endproc
 270              	.LFE130:
 272              		.section	.text.HAL_GetTick,"ax",%progbits
 273              		.align	2
 274              		.weak	HAL_GetTick
 275              		.thumb
 276              		.thumb_func
 278              	HAL_GetTick:
 279              	.LFB131:
 289:Drivers/STM32F3xx_HAL_Driver/Src/stm32f3xx_hal.c **** 
 290:Drivers/STM32F3xx_HAL_Driver/Src/stm32f3xx_hal.c **** /**
 291:Drivers/STM32F3xx_HAL_Driver/Src/stm32f3xx_hal.c ****   * @brief  Povides a tick value in millisecond.
 292:Drivers/STM32F3xx_HAL_Driver/Src/stm32f3xx_hal.c ****   * @note   The function is declared as __Weak  to be overwritten  in case of other 
 293:Drivers/STM32F3xx_HAL_Driver/Src/stm32f3xx_hal.c ****   *         implementations  in user file.
 294:Drivers/STM32F3xx_HAL_Driver/Src/stm32f3xx_hal.c ****   * @retval tick value
 295:Drivers/STM32F3xx_HAL_Driver/Src/stm32f3xx_hal.c ****   */
 296:Drivers/STM32F3xx_HAL_Driver/Src/stm32f3xx_hal.c **** __weak uint32_t HAL_GetTick(void)
 297:Drivers/STM32F3xx_HAL_Driver/Src/stm32f3xx_hal.c **** {
 280              		.loc 1 297 0
 281              		.cfi_startproc
 282              		@ args = 0, pretend = 0, frame = 0
 283              		@ frame_needed = 1, uses_anonymous_args = 0
 284              		@ link register save eliminated.
 285 0000 80B4     		push	{r7}
 286              	.LCFI13:
ARM GAS  /tmp/ccEmA03j.s 			page 11


 287              		.cfi_def_cfa_offset 4
 288              		.cfi_offset 7, -4
 289 0002 00AF     		add	r7, sp, #0
 290              	.LCFI14:
 291              		.cfi_def_cfa_register 7
 298:Drivers/STM32F3xx_HAL_Driver/Src/stm32f3xx_hal.c ****   return uwTick;  
 292              		.loc 1 298 0
 293 0004 034B     		ldr	r3, .L20
 294 0006 1B68     		ldr	r3, [r3]
 299:Drivers/STM32F3xx_HAL_Driver/Src/stm32f3xx_hal.c **** }
 295              		.loc 1 299 0
 296 0008 1846     		mov	r0, r3
 297 000a BD46     		mov	sp, r7
 298              		@ sp needed
 299 000c 5DF8047B 		ldr	r7, [sp], #4
 300 0010 7047     		bx	lr
 301              	.L21:
 302 0012 00BF     		.align	2
 303              	.L20:
 304 0014 00000000 		.word	uwTick
 305              		.cfi_endproc
 306              	.LFE131:
 308              		.section	.text.HAL_Delay,"ax",%progbits
 309              		.align	2
 310              		.weak	HAL_Delay
 311              		.thumb
 312              		.thumb_func
 314              	HAL_Delay:
 315              	.LFB132:
 300:Drivers/STM32F3xx_HAL_Driver/Src/stm32f3xx_hal.c **** 
 301:Drivers/STM32F3xx_HAL_Driver/Src/stm32f3xx_hal.c **** /**
 302:Drivers/STM32F3xx_HAL_Driver/Src/stm32f3xx_hal.c ****   * @brief  This function provides accurate delay (in milliseconds) based 
 303:Drivers/STM32F3xx_HAL_Driver/Src/stm32f3xx_hal.c ****   *         on variable incremented.
 304:Drivers/STM32F3xx_HAL_Driver/Src/stm32f3xx_hal.c ****   * @note   In the default implementation , SysTick timer is the source of time base. 
 305:Drivers/STM32F3xx_HAL_Driver/Src/stm32f3xx_hal.c ****   *         It is used to generate interrupts at regular time intervals where uwTick
 306:Drivers/STM32F3xx_HAL_Driver/Src/stm32f3xx_hal.c ****   *         is incremented.
 307:Drivers/STM32F3xx_HAL_Driver/Src/stm32f3xx_hal.c ****   *         The function is declared as __Weak  to be overwritten  in case of other
 308:Drivers/STM32F3xx_HAL_Driver/Src/stm32f3xx_hal.c ****   *         implementations  in user file.
 309:Drivers/STM32F3xx_HAL_Driver/Src/stm32f3xx_hal.c ****   * @param  Delay: specifies the delay time length, in milliseconds.
 310:Drivers/STM32F3xx_HAL_Driver/Src/stm32f3xx_hal.c ****   * @retval None
 311:Drivers/STM32F3xx_HAL_Driver/Src/stm32f3xx_hal.c ****   */
 312:Drivers/STM32F3xx_HAL_Driver/Src/stm32f3xx_hal.c **** __weak void HAL_Delay(__IO uint32_t Delay)
 313:Drivers/STM32F3xx_HAL_Driver/Src/stm32f3xx_hal.c **** {
 316              		.loc 1 313 0
 317              		.cfi_startproc
 318              		@ args = 0, pretend = 0, frame = 16
 319              		@ frame_needed = 1, uses_anonymous_args = 0
 320 0000 80B5     		push	{r7, lr}
 321              	.LCFI15:
 322              		.cfi_def_cfa_offset 8
 323              		.cfi_offset 7, -8
 324              		.cfi_offset 14, -4
 325 0002 84B0     		sub	sp, sp, #16
 326              	.LCFI16:
 327              		.cfi_def_cfa_offset 24
 328 0004 00AF     		add	r7, sp, #0
 329              	.LCFI17:
ARM GAS  /tmp/ccEmA03j.s 			page 12


 330              		.cfi_def_cfa_register 7
 331 0006 7860     		str	r0, [r7, #4]
 314:Drivers/STM32F3xx_HAL_Driver/Src/stm32f3xx_hal.c ****   uint32_t tickstart = HAL_GetTick();
 332              		.loc 1 314 0
 333 0008 FFF7FEFF 		bl	HAL_GetTick
 334 000c F860     		str	r0, [r7, #12]
 315:Drivers/STM32F3xx_HAL_Driver/Src/stm32f3xx_hal.c ****   while((HAL_GetTick() - tickstart) < Delay)
 335              		.loc 1 315 0
 336 000e 00BF     		nop
 337              	.L23:
 338              		.loc 1 315 0 is_stmt 0 discriminator 1
 339 0010 FFF7FEFF 		bl	HAL_GetTick
 340 0014 0246     		mov	r2, r0
 341 0016 FB68     		ldr	r3, [r7, #12]
 342 0018 D21A     		subs	r2, r2, r3
 343 001a 7B68     		ldr	r3, [r7, #4]
 344 001c 9A42     		cmp	r2, r3
 345 001e F7D3     		bcc	.L23
 316:Drivers/STM32F3xx_HAL_Driver/Src/stm32f3xx_hal.c ****   {
 317:Drivers/STM32F3xx_HAL_Driver/Src/stm32f3xx_hal.c ****   }
 318:Drivers/STM32F3xx_HAL_Driver/Src/stm32f3xx_hal.c **** }
 346              		.loc 1 318 0 is_stmt 1
 347 0020 1037     		adds	r7, r7, #16
 348 0022 BD46     		mov	sp, r7
 349              		@ sp needed
 350 0024 80BD     		pop	{r7, pc}
 351              		.cfi_endproc
 352              	.LFE132:
 354 0026 00BF     		.section	.text.HAL_SuspendTick,"ax",%progbits
 355              		.align	2
 356              		.weak	HAL_SuspendTick
 357              		.thumb
 358              		.thumb_func
 360              	HAL_SuspendTick:
 361              	.LFB133:
 319:Drivers/STM32F3xx_HAL_Driver/Src/stm32f3xx_hal.c **** 
 320:Drivers/STM32F3xx_HAL_Driver/Src/stm32f3xx_hal.c **** /**
 321:Drivers/STM32F3xx_HAL_Driver/Src/stm32f3xx_hal.c ****   * @brief  Suspend Tick increment.
 322:Drivers/STM32F3xx_HAL_Driver/Src/stm32f3xx_hal.c ****   * @note   In the default implementation , SysTick timer is the source of time base. It is  
 323:Drivers/STM32F3xx_HAL_Driver/Src/stm32f3xx_hal.c ****   *         used to generate interrupts at regular time intervals. Once HAL_SuspendTick()
 324:Drivers/STM32F3xx_HAL_Driver/Src/stm32f3xx_hal.c ****   *         is called, the the SysTick interrupt will be disabled and so Tick increment 
 325:Drivers/STM32F3xx_HAL_Driver/Src/stm32f3xx_hal.c ****   *         is suspended.
 326:Drivers/STM32F3xx_HAL_Driver/Src/stm32f3xx_hal.c ****   * @note This function is declared as __weak to be overwritten in case of other
 327:Drivers/STM32F3xx_HAL_Driver/Src/stm32f3xx_hal.c ****   *         implementations  in user file.
 328:Drivers/STM32F3xx_HAL_Driver/Src/stm32f3xx_hal.c ****   * @retval None
 329:Drivers/STM32F3xx_HAL_Driver/Src/stm32f3xx_hal.c ****   */
 330:Drivers/STM32F3xx_HAL_Driver/Src/stm32f3xx_hal.c **** __weak void HAL_SuspendTick(void)
 331:Drivers/STM32F3xx_HAL_Driver/Src/stm32f3xx_hal.c **** 
 332:Drivers/STM32F3xx_HAL_Driver/Src/stm32f3xx_hal.c **** {
 362              		.loc 1 332 0
 363              		.cfi_startproc
 364              		@ args = 0, pretend = 0, frame = 0
 365              		@ frame_needed = 1, uses_anonymous_args = 0
 366              		@ link register save eliminated.
 367 0000 80B4     		push	{r7}
 368              	.LCFI18:
 369              		.cfi_def_cfa_offset 4
ARM GAS  /tmp/ccEmA03j.s 			page 13


 370              		.cfi_offset 7, -4
 371 0002 00AF     		add	r7, sp, #0
 372              	.LCFI19:
 373              		.cfi_def_cfa_register 7
 333:Drivers/STM32F3xx_HAL_Driver/Src/stm32f3xx_hal.c ****   /* Disable SysTick Interrupt */
 334:Drivers/STM32F3xx_HAL_Driver/Src/stm32f3xx_hal.c ****   SysTick->CTRL &= ~SysTick_CTRL_TICKINT_Msk;
 374              		.loc 1 334 0
 375 0004 044B     		ldr	r3, .L25
 376 0006 044A     		ldr	r2, .L25
 377 0008 1268     		ldr	r2, [r2]
 378 000a 22F00202 		bic	r2, r2, #2
 379 000e 1A60     		str	r2, [r3]
 335:Drivers/STM32F3xx_HAL_Driver/Src/stm32f3xx_hal.c ****                                                    
 336:Drivers/STM32F3xx_HAL_Driver/Src/stm32f3xx_hal.c **** }
 380              		.loc 1 336 0
 381 0010 BD46     		mov	sp, r7
 382              		@ sp needed
 383 0012 5DF8047B 		ldr	r7, [sp], #4
 384 0016 7047     		bx	lr
 385              	.L26:
 386              		.align	2
 387              	.L25:
 388 0018 10E000E0 		.word	-536813552
 389              		.cfi_endproc
 390              	.LFE133:
 392              		.section	.text.HAL_ResumeTick,"ax",%progbits
 393              		.align	2
 394              		.weak	HAL_ResumeTick
 395              		.thumb
 396              		.thumb_func
 398              	HAL_ResumeTick:
 399              	.LFB134:
 337:Drivers/STM32F3xx_HAL_Driver/Src/stm32f3xx_hal.c **** 
 338:Drivers/STM32F3xx_HAL_Driver/Src/stm32f3xx_hal.c **** /**
 339:Drivers/STM32F3xx_HAL_Driver/Src/stm32f3xx_hal.c ****   * @brief  Resume Tick increment.
 340:Drivers/STM32F3xx_HAL_Driver/Src/stm32f3xx_hal.c ****   * @note   In the default implementation , SysTick timer is the source of time base. It is  
 341:Drivers/STM32F3xx_HAL_Driver/Src/stm32f3xx_hal.c ****   *         used to generate interrupts at regular time intervals. Once HAL_ResumeTick()
 342:Drivers/STM32F3xx_HAL_Driver/Src/stm32f3xx_hal.c ****   *         is called, the the SysTick interrupt will be enabled and so Tick increment 
 343:Drivers/STM32F3xx_HAL_Driver/Src/stm32f3xx_hal.c ****   *         is resumed.
 344:Drivers/STM32F3xx_HAL_Driver/Src/stm32f3xx_hal.c ****   *         The function is declared as __Weak  to be overwritten  in case of other
 345:Drivers/STM32F3xx_HAL_Driver/Src/stm32f3xx_hal.c ****   *         implementations  in user file.
 346:Drivers/STM32F3xx_HAL_Driver/Src/stm32f3xx_hal.c ****   * @retval None
 347:Drivers/STM32F3xx_HAL_Driver/Src/stm32f3xx_hal.c ****   */
 348:Drivers/STM32F3xx_HAL_Driver/Src/stm32f3xx_hal.c **** __weak void HAL_ResumeTick(void)
 349:Drivers/STM32F3xx_HAL_Driver/Src/stm32f3xx_hal.c **** {
 400              		.loc 1 349 0
 401              		.cfi_startproc
 402              		@ args = 0, pretend = 0, frame = 0
 403              		@ frame_needed = 1, uses_anonymous_args = 0
 404              		@ link register save eliminated.
 405 0000 80B4     		push	{r7}
 406              	.LCFI20:
 407              		.cfi_def_cfa_offset 4
 408              		.cfi_offset 7, -4
 409 0002 00AF     		add	r7, sp, #0
 410              	.LCFI21:
 411              		.cfi_def_cfa_register 7
ARM GAS  /tmp/ccEmA03j.s 			page 14


 350:Drivers/STM32F3xx_HAL_Driver/Src/stm32f3xx_hal.c ****   /* Enable SysTick Interrupt */
 351:Drivers/STM32F3xx_HAL_Driver/Src/stm32f3xx_hal.c ****   SysTick->CTRL  |= SysTick_CTRL_TICKINT_Msk;
 412              		.loc 1 351 0
 413 0004 044B     		ldr	r3, .L28
 414 0006 044A     		ldr	r2, .L28
 415 0008 1268     		ldr	r2, [r2]
 416 000a 42F00202 		orr	r2, r2, #2
 417 000e 1A60     		str	r2, [r3]
 352:Drivers/STM32F3xx_HAL_Driver/Src/stm32f3xx_hal.c ****   
 353:Drivers/STM32F3xx_HAL_Driver/Src/stm32f3xx_hal.c **** }
 418              		.loc 1 353 0
 419 0010 BD46     		mov	sp, r7
 420              		@ sp needed
 421 0012 5DF8047B 		ldr	r7, [sp], #4
 422 0016 7047     		bx	lr
 423              	.L29:
 424              		.align	2
 425              	.L28:
 426 0018 10E000E0 		.word	-536813552
 427              		.cfi_endproc
 428              	.LFE134:
 430              		.section	.text.HAL_GetHalVersion,"ax",%progbits
 431              		.align	2
 432              		.global	HAL_GetHalVersion
 433              		.thumb
 434              		.thumb_func
 436              	HAL_GetHalVersion:
 437              	.LFB135:
 354:Drivers/STM32F3xx_HAL_Driver/Src/stm32f3xx_hal.c **** 
 355:Drivers/STM32F3xx_HAL_Driver/Src/stm32f3xx_hal.c **** /**
 356:Drivers/STM32F3xx_HAL_Driver/Src/stm32f3xx_hal.c ****   * @brief  This function returns the HAL revision
 357:Drivers/STM32F3xx_HAL_Driver/Src/stm32f3xx_hal.c ****   * @retval version : 0xXYZR (8bits for each decimal, R for RC)
 358:Drivers/STM32F3xx_HAL_Driver/Src/stm32f3xx_hal.c ****   */
 359:Drivers/STM32F3xx_HAL_Driver/Src/stm32f3xx_hal.c **** uint32_t HAL_GetHalVersion(void)
 360:Drivers/STM32F3xx_HAL_Driver/Src/stm32f3xx_hal.c **** {
 438              		.loc 1 360 0
 439              		.cfi_startproc
 440              		@ args = 0, pretend = 0, frame = 0
 441              		@ frame_needed = 1, uses_anonymous_args = 0
 442              		@ link register save eliminated.
 443 0000 80B4     		push	{r7}
 444              	.LCFI22:
 445              		.cfi_def_cfa_offset 4
 446              		.cfi_offset 7, -4
 447 0002 00AF     		add	r7, sp, #0
 448              	.LCFI23:
 449              		.cfi_def_cfa_register 7
 361:Drivers/STM32F3xx_HAL_Driver/Src/stm32f3xx_hal.c ****  return __STM32F3xx_HAL_VERSION;
 450              		.loc 1 361 0
 451 0004 024B     		ldr	r3, .L32
 362:Drivers/STM32F3xx_HAL_Driver/Src/stm32f3xx_hal.c **** }
 452              		.loc 1 362 0
 453 0006 1846     		mov	r0, r3
 454 0008 BD46     		mov	sp, r7
 455              		@ sp needed
 456 000a 5DF8047B 		ldr	r7, [sp], #4
 457 000e 7047     		bx	lr
ARM GAS  /tmp/ccEmA03j.s 			page 15


 458              	.L33:
 459              		.align	2
 460              	.L32:
 461 0010 00010201 		.word	16908544
 462              		.cfi_endproc
 463              	.LFE135:
 465              		.section	.text.HAL_GetREVID,"ax",%progbits
 466              		.align	2
 467              		.global	HAL_GetREVID
 468              		.thumb
 469              		.thumb_func
 471              	HAL_GetREVID:
 472              	.LFB136:
 363:Drivers/STM32F3xx_HAL_Driver/Src/stm32f3xx_hal.c **** 
 364:Drivers/STM32F3xx_HAL_Driver/Src/stm32f3xx_hal.c **** /**
 365:Drivers/STM32F3xx_HAL_Driver/Src/stm32f3xx_hal.c ****   * @brief  Returns the device revision identifier.
 366:Drivers/STM32F3xx_HAL_Driver/Src/stm32f3xx_hal.c ****   * @retval Device revision identifier
 367:Drivers/STM32F3xx_HAL_Driver/Src/stm32f3xx_hal.c ****   */
 368:Drivers/STM32F3xx_HAL_Driver/Src/stm32f3xx_hal.c **** uint32_t HAL_GetREVID(void)
 369:Drivers/STM32F3xx_HAL_Driver/Src/stm32f3xx_hal.c **** {
 473              		.loc 1 369 0
 474              		.cfi_startproc
 475              		@ args = 0, pretend = 0, frame = 0
 476              		@ frame_needed = 1, uses_anonymous_args = 0
 477              		@ link register save eliminated.
 478 0000 80B4     		push	{r7}
 479              	.LCFI24:
 480              		.cfi_def_cfa_offset 4
 481              		.cfi_offset 7, -4
 482 0002 00AF     		add	r7, sp, #0
 483              	.LCFI25:
 484              		.cfi_def_cfa_register 7
 370:Drivers/STM32F3xx_HAL_Driver/Src/stm32f3xx_hal.c ****   return((DBGMCU->IDCODE) >> 16);
 485              		.loc 1 370 0
 486 0004 034B     		ldr	r3, .L36
 487 0006 1B68     		ldr	r3, [r3]
 488 0008 1B0C     		lsrs	r3, r3, #16
 371:Drivers/STM32F3xx_HAL_Driver/Src/stm32f3xx_hal.c **** }
 489              		.loc 1 371 0
 490 000a 1846     		mov	r0, r3
 491 000c BD46     		mov	sp, r7
 492              		@ sp needed
 493 000e 5DF8047B 		ldr	r7, [sp], #4
 494 0012 7047     		bx	lr
 495              	.L37:
 496              		.align	2
 497              	.L36:
 498 0014 002004E0 		.word	-536600576
 499              		.cfi_endproc
 500              	.LFE136:
 502              		.section	.text.HAL_GetDEVID,"ax",%progbits
 503              		.align	2
 504              		.global	HAL_GetDEVID
 505              		.thumb
 506              		.thumb_func
 508              	HAL_GetDEVID:
 509              	.LFB137:
ARM GAS  /tmp/ccEmA03j.s 			page 16


 372:Drivers/STM32F3xx_HAL_Driver/Src/stm32f3xx_hal.c **** 
 373:Drivers/STM32F3xx_HAL_Driver/Src/stm32f3xx_hal.c **** /**
 374:Drivers/STM32F3xx_HAL_Driver/Src/stm32f3xx_hal.c ****   * @brief  Returns the device identifier.
 375:Drivers/STM32F3xx_HAL_Driver/Src/stm32f3xx_hal.c ****   * @retval Device identifier
 376:Drivers/STM32F3xx_HAL_Driver/Src/stm32f3xx_hal.c ****   */
 377:Drivers/STM32F3xx_HAL_Driver/Src/stm32f3xx_hal.c **** uint32_t HAL_GetDEVID(void)
 378:Drivers/STM32F3xx_HAL_Driver/Src/stm32f3xx_hal.c **** {
 510              		.loc 1 378 0
 511              		.cfi_startproc
 512              		@ args = 0, pretend = 0, frame = 0
 513              		@ frame_needed = 1, uses_anonymous_args = 0
 514              		@ link register save eliminated.
 515 0000 80B4     		push	{r7}
 516              	.LCFI26:
 517              		.cfi_def_cfa_offset 4
 518              		.cfi_offset 7, -4
 519 0002 00AF     		add	r7, sp, #0
 520              	.LCFI27:
 521              		.cfi_def_cfa_register 7
 379:Drivers/STM32F3xx_HAL_Driver/Src/stm32f3xx_hal.c ****   return((DBGMCU->IDCODE) & IDCODE_DEVID_MASK);
 522              		.loc 1 379 0
 523 0004 044B     		ldr	r3, .L40
 524 0006 1B68     		ldr	r3, [r3]
 525 0008 C3F30B03 		ubfx	r3, r3, #0, #12
 380:Drivers/STM32F3xx_HAL_Driver/Src/stm32f3xx_hal.c **** }
 526              		.loc 1 380 0
 527 000c 1846     		mov	r0, r3
 528 000e BD46     		mov	sp, r7
 529              		@ sp needed
 530 0010 5DF8047B 		ldr	r7, [sp], #4
 531 0014 7047     		bx	lr
 532              	.L41:
 533 0016 00BF     		.align	2
 534              	.L40:
 535 0018 002004E0 		.word	-536600576
 536              		.cfi_endproc
 537              	.LFE137:
 539              		.section	.text.HAL_DBGMCU_EnableDBGSleepMode,"ax",%progbits
 540              		.align	2
 541              		.global	HAL_DBGMCU_EnableDBGSleepMode
 542              		.thumb
 543              		.thumb_func
 545              	HAL_DBGMCU_EnableDBGSleepMode:
 546              	.LFB138:
 381:Drivers/STM32F3xx_HAL_Driver/Src/stm32f3xx_hal.c **** 
 382:Drivers/STM32F3xx_HAL_Driver/Src/stm32f3xx_hal.c **** /**
 383:Drivers/STM32F3xx_HAL_Driver/Src/stm32f3xx_hal.c ****   * @brief  Enable the Debug Module during SLEEP mode
 384:Drivers/STM32F3xx_HAL_Driver/Src/stm32f3xx_hal.c ****   * @retval None
 385:Drivers/STM32F3xx_HAL_Driver/Src/stm32f3xx_hal.c ****   */
 386:Drivers/STM32F3xx_HAL_Driver/Src/stm32f3xx_hal.c **** void HAL_DBGMCU_EnableDBGSleepMode(void)
 387:Drivers/STM32F3xx_HAL_Driver/Src/stm32f3xx_hal.c **** {
 547              		.loc 1 387 0
 548              		.cfi_startproc
 549              		@ args = 0, pretend = 0, frame = 0
 550              		@ frame_needed = 1, uses_anonymous_args = 0
 551              		@ link register save eliminated.
 552 0000 80B4     		push	{r7}
ARM GAS  /tmp/ccEmA03j.s 			page 17


 553              	.LCFI28:
 554              		.cfi_def_cfa_offset 4
 555              		.cfi_offset 7, -4
 556 0002 00AF     		add	r7, sp, #0
 557              	.LCFI29:
 558              		.cfi_def_cfa_register 7
 388:Drivers/STM32F3xx_HAL_Driver/Src/stm32f3xx_hal.c ****   SET_BIT(DBGMCU->CR, DBGMCU_CR_DBG_SLEEP);
 559              		.loc 1 388 0
 560 0004 044B     		ldr	r3, .L43
 561 0006 044A     		ldr	r2, .L43
 562 0008 5268     		ldr	r2, [r2, #4]
 563 000a 42F00102 		orr	r2, r2, #1
 564 000e 5A60     		str	r2, [r3, #4]
 389:Drivers/STM32F3xx_HAL_Driver/Src/stm32f3xx_hal.c **** }
 565              		.loc 1 389 0
 566 0010 BD46     		mov	sp, r7
 567              		@ sp needed
 568 0012 5DF8047B 		ldr	r7, [sp], #4
 569 0016 7047     		bx	lr
 570              	.L44:
 571              		.align	2
 572              	.L43:
 573 0018 002004E0 		.word	-536600576
 574              		.cfi_endproc
 575              	.LFE138:
 577              		.section	.text.HAL_DBGMCU_DisableDBGSleepMode,"ax",%progbits
 578              		.align	2
 579              		.global	HAL_DBGMCU_DisableDBGSleepMode
 580              		.thumb
 581              		.thumb_func
 583              	HAL_DBGMCU_DisableDBGSleepMode:
 584              	.LFB139:
 390:Drivers/STM32F3xx_HAL_Driver/Src/stm32f3xx_hal.c **** 
 391:Drivers/STM32F3xx_HAL_Driver/Src/stm32f3xx_hal.c **** /**
 392:Drivers/STM32F3xx_HAL_Driver/Src/stm32f3xx_hal.c ****   * @brief  Disable the Debug Module during SLEEP mode
 393:Drivers/STM32F3xx_HAL_Driver/Src/stm32f3xx_hal.c ****   * @retval None
 394:Drivers/STM32F3xx_HAL_Driver/Src/stm32f3xx_hal.c ****   */
 395:Drivers/STM32F3xx_HAL_Driver/Src/stm32f3xx_hal.c **** void HAL_DBGMCU_DisableDBGSleepMode(void)
 396:Drivers/STM32F3xx_HAL_Driver/Src/stm32f3xx_hal.c **** {
 585              		.loc 1 396 0
 586              		.cfi_startproc
 587              		@ args = 0, pretend = 0, frame = 0
 588              		@ frame_needed = 1, uses_anonymous_args = 0
 589              		@ link register save eliminated.
 590 0000 80B4     		push	{r7}
 591              	.LCFI30:
 592              		.cfi_def_cfa_offset 4
 593              		.cfi_offset 7, -4
 594 0002 00AF     		add	r7, sp, #0
 595              	.LCFI31:
 596              		.cfi_def_cfa_register 7
 397:Drivers/STM32F3xx_HAL_Driver/Src/stm32f3xx_hal.c ****   CLEAR_BIT(DBGMCU->CR, DBGMCU_CR_DBG_SLEEP);
 597              		.loc 1 397 0
 598 0004 044B     		ldr	r3, .L46
 599 0006 044A     		ldr	r2, .L46
 600 0008 5268     		ldr	r2, [r2, #4]
 601 000a 22F00102 		bic	r2, r2, #1
ARM GAS  /tmp/ccEmA03j.s 			page 18


 602 000e 5A60     		str	r2, [r3, #4]
 398:Drivers/STM32F3xx_HAL_Driver/Src/stm32f3xx_hal.c **** }
 603              		.loc 1 398 0
 604 0010 BD46     		mov	sp, r7
 605              		@ sp needed
 606 0012 5DF8047B 		ldr	r7, [sp], #4
 607 0016 7047     		bx	lr
 608              	.L47:
 609              		.align	2
 610              	.L46:
 611 0018 002004E0 		.word	-536600576
 612              		.cfi_endproc
 613              	.LFE139:
 615              		.section	.text.HAL_DBGMCU_EnableDBGStopMode,"ax",%progbits
 616              		.align	2
 617              		.global	HAL_DBGMCU_EnableDBGStopMode
 618              		.thumb
 619              		.thumb_func
 621              	HAL_DBGMCU_EnableDBGStopMode:
 622              	.LFB140:
 399:Drivers/STM32F3xx_HAL_Driver/Src/stm32f3xx_hal.c **** 
 400:Drivers/STM32F3xx_HAL_Driver/Src/stm32f3xx_hal.c **** /**
 401:Drivers/STM32F3xx_HAL_Driver/Src/stm32f3xx_hal.c ****   * @brief  Enable the Debug Module during STOP mode
 402:Drivers/STM32F3xx_HAL_Driver/Src/stm32f3xx_hal.c ****   * @retval None
 403:Drivers/STM32F3xx_HAL_Driver/Src/stm32f3xx_hal.c ****   */
 404:Drivers/STM32F3xx_HAL_Driver/Src/stm32f3xx_hal.c **** void HAL_DBGMCU_EnableDBGStopMode(void)
 405:Drivers/STM32F3xx_HAL_Driver/Src/stm32f3xx_hal.c **** {
 623              		.loc 1 405 0
 624              		.cfi_startproc
 625              		@ args = 0, pretend = 0, frame = 0
 626              		@ frame_needed = 1, uses_anonymous_args = 0
 627              		@ link register save eliminated.
 628 0000 80B4     		push	{r7}
 629              	.LCFI32:
 630              		.cfi_def_cfa_offset 4
 631              		.cfi_offset 7, -4
 632 0002 00AF     		add	r7, sp, #0
 633              	.LCFI33:
 634              		.cfi_def_cfa_register 7
 406:Drivers/STM32F3xx_HAL_Driver/Src/stm32f3xx_hal.c ****   SET_BIT(DBGMCU->CR, DBGMCU_CR_DBG_STOP);
 635              		.loc 1 406 0
 636 0004 044B     		ldr	r3, .L49
 637 0006 044A     		ldr	r2, .L49
 638 0008 5268     		ldr	r2, [r2, #4]
 639 000a 42F00202 		orr	r2, r2, #2
 640 000e 5A60     		str	r2, [r3, #4]
 407:Drivers/STM32F3xx_HAL_Driver/Src/stm32f3xx_hal.c **** }
 641              		.loc 1 407 0
 642 0010 BD46     		mov	sp, r7
 643              		@ sp needed
 644 0012 5DF8047B 		ldr	r7, [sp], #4
 645 0016 7047     		bx	lr
 646              	.L50:
 647              		.align	2
 648              	.L49:
 649 0018 002004E0 		.word	-536600576
 650              		.cfi_endproc
ARM GAS  /tmp/ccEmA03j.s 			page 19


 651              	.LFE140:
 653              		.section	.text.HAL_DBGMCU_DisableDBGStopMode,"ax",%progbits
 654              		.align	2
 655              		.global	HAL_DBGMCU_DisableDBGStopMode
 656              		.thumb
 657              		.thumb_func
 659              	HAL_DBGMCU_DisableDBGStopMode:
 660              	.LFB141:
 408:Drivers/STM32F3xx_HAL_Driver/Src/stm32f3xx_hal.c **** 
 409:Drivers/STM32F3xx_HAL_Driver/Src/stm32f3xx_hal.c **** /**
 410:Drivers/STM32F3xx_HAL_Driver/Src/stm32f3xx_hal.c ****   * @brief  Disable the Debug Module during STOP mode
 411:Drivers/STM32F3xx_HAL_Driver/Src/stm32f3xx_hal.c ****   * @retval None
 412:Drivers/STM32F3xx_HAL_Driver/Src/stm32f3xx_hal.c ****   */
 413:Drivers/STM32F3xx_HAL_Driver/Src/stm32f3xx_hal.c **** void HAL_DBGMCU_DisableDBGStopMode(void)
 414:Drivers/STM32F3xx_HAL_Driver/Src/stm32f3xx_hal.c **** {
 661              		.loc 1 414 0
 662              		.cfi_startproc
 663              		@ args = 0, pretend = 0, frame = 0
 664              		@ frame_needed = 1, uses_anonymous_args = 0
 665              		@ link register save eliminated.
 666 0000 80B4     		push	{r7}
 667              	.LCFI34:
 668              		.cfi_def_cfa_offset 4
 669              		.cfi_offset 7, -4
 670 0002 00AF     		add	r7, sp, #0
 671              	.LCFI35:
 672              		.cfi_def_cfa_register 7
 415:Drivers/STM32F3xx_HAL_Driver/Src/stm32f3xx_hal.c ****   CLEAR_BIT(DBGMCU->CR, DBGMCU_CR_DBG_STOP);
 673              		.loc 1 415 0
 674 0004 044B     		ldr	r3, .L52
 675 0006 044A     		ldr	r2, .L52
 676 0008 5268     		ldr	r2, [r2, #4]
 677 000a 22F00202 		bic	r2, r2, #2
 678 000e 5A60     		str	r2, [r3, #4]
 416:Drivers/STM32F3xx_HAL_Driver/Src/stm32f3xx_hal.c **** }
 679              		.loc 1 416 0
 680 0010 BD46     		mov	sp, r7
 681              		@ sp needed
 682 0012 5DF8047B 		ldr	r7, [sp], #4
 683 0016 7047     		bx	lr
 684              	.L53:
 685              		.align	2
 686              	.L52:
 687 0018 002004E0 		.word	-536600576
 688              		.cfi_endproc
 689              	.LFE141:
 691              		.section	.text.HAL_DBGMCU_EnableDBGStandbyMode,"ax",%progbits
 692              		.align	2
 693              		.global	HAL_DBGMCU_EnableDBGStandbyMode
 694              		.thumb
 695              		.thumb_func
 697              	HAL_DBGMCU_EnableDBGStandbyMode:
 698              	.LFB142:
 417:Drivers/STM32F3xx_HAL_Driver/Src/stm32f3xx_hal.c **** 
 418:Drivers/STM32F3xx_HAL_Driver/Src/stm32f3xx_hal.c **** /**
 419:Drivers/STM32F3xx_HAL_Driver/Src/stm32f3xx_hal.c ****   * @brief  Enable the Debug Module during STANDBY mode
 420:Drivers/STM32F3xx_HAL_Driver/Src/stm32f3xx_hal.c ****   * @retval None
ARM GAS  /tmp/ccEmA03j.s 			page 20


 421:Drivers/STM32F3xx_HAL_Driver/Src/stm32f3xx_hal.c ****   */
 422:Drivers/STM32F3xx_HAL_Driver/Src/stm32f3xx_hal.c **** void HAL_DBGMCU_EnableDBGStandbyMode(void)
 423:Drivers/STM32F3xx_HAL_Driver/Src/stm32f3xx_hal.c **** {
 699              		.loc 1 423 0
 700              		.cfi_startproc
 701              		@ args = 0, pretend = 0, frame = 0
 702              		@ frame_needed = 1, uses_anonymous_args = 0
 703              		@ link register save eliminated.
 704 0000 80B4     		push	{r7}
 705              	.LCFI36:
 706              		.cfi_def_cfa_offset 4
 707              		.cfi_offset 7, -4
 708 0002 00AF     		add	r7, sp, #0
 709              	.LCFI37:
 710              		.cfi_def_cfa_register 7
 424:Drivers/STM32F3xx_HAL_Driver/Src/stm32f3xx_hal.c ****   SET_BIT(DBGMCU->CR, DBGMCU_CR_DBG_STANDBY);
 711              		.loc 1 424 0
 712 0004 044B     		ldr	r3, .L55
 713 0006 044A     		ldr	r2, .L55
 714 0008 5268     		ldr	r2, [r2, #4]
 715 000a 42F00402 		orr	r2, r2, #4
 716 000e 5A60     		str	r2, [r3, #4]
 425:Drivers/STM32F3xx_HAL_Driver/Src/stm32f3xx_hal.c **** }
 717              		.loc 1 425 0
 718 0010 BD46     		mov	sp, r7
 719              		@ sp needed
 720 0012 5DF8047B 		ldr	r7, [sp], #4
 721 0016 7047     		bx	lr
 722              	.L56:
 723              		.align	2
 724              	.L55:
 725 0018 002004E0 		.word	-536600576
 726              		.cfi_endproc
 727              	.LFE142:
 729              		.section	.text.HAL_DBGMCU_DisableDBGStandbyMode,"ax",%progbits
 730              		.align	2
 731              		.global	HAL_DBGMCU_DisableDBGStandbyMode
 732              		.thumb
 733              		.thumb_func
 735              	HAL_DBGMCU_DisableDBGStandbyMode:
 736              	.LFB143:
 426:Drivers/STM32F3xx_HAL_Driver/Src/stm32f3xx_hal.c **** 
 427:Drivers/STM32F3xx_HAL_Driver/Src/stm32f3xx_hal.c **** /**
 428:Drivers/STM32F3xx_HAL_Driver/Src/stm32f3xx_hal.c ****   * @brief  Disable the Debug Module during STANDBY mode
 429:Drivers/STM32F3xx_HAL_Driver/Src/stm32f3xx_hal.c ****   * @retval None
 430:Drivers/STM32F3xx_HAL_Driver/Src/stm32f3xx_hal.c ****   */
 431:Drivers/STM32F3xx_HAL_Driver/Src/stm32f3xx_hal.c **** void HAL_DBGMCU_DisableDBGStandbyMode(void)
 432:Drivers/STM32F3xx_HAL_Driver/Src/stm32f3xx_hal.c **** {
 737              		.loc 1 432 0
 738              		.cfi_startproc
 739              		@ args = 0, pretend = 0, frame = 0
 740              		@ frame_needed = 1, uses_anonymous_args = 0
 741              		@ link register save eliminated.
 742 0000 80B4     		push	{r7}
 743              	.LCFI38:
 744              		.cfi_def_cfa_offset 4
 745              		.cfi_offset 7, -4
ARM GAS  /tmp/ccEmA03j.s 			page 21


 746 0002 00AF     		add	r7, sp, #0
 747              	.LCFI39:
 748              		.cfi_def_cfa_register 7
 433:Drivers/STM32F3xx_HAL_Driver/Src/stm32f3xx_hal.c ****   CLEAR_BIT(DBGMCU->CR, DBGMCU_CR_DBG_STANDBY);
 749              		.loc 1 433 0
 750 0004 044B     		ldr	r3, .L58
 751 0006 044A     		ldr	r2, .L58
 752 0008 5268     		ldr	r2, [r2, #4]
 753 000a 22F00402 		bic	r2, r2, #4
 754 000e 5A60     		str	r2, [r3, #4]
 434:Drivers/STM32F3xx_HAL_Driver/Src/stm32f3xx_hal.c **** }
 755              		.loc 1 434 0
 756 0010 BD46     		mov	sp, r7
 757              		@ sp needed
 758 0012 5DF8047B 		ldr	r7, [sp], #4
 759 0016 7047     		bx	lr
 760              	.L59:
 761              		.align	2
 762              	.L58:
 763 0018 002004E0 		.word	-536600576
 764              		.cfi_endproc
 765              	.LFE143:
 767              		.text
 768              	.Letext0:
 769              		.file 2 "/usr/include/newlib/machine/_default_types.h"
 770              		.file 3 "/usr/include/newlib/stdint.h"
 771              		.file 4 "Drivers/CMSIS/Include/core_cm4.h"
 772              		.file 5 "Drivers/CMSIS/Device/ST/STM32F3xx/Include/stm32f303xc.h"
 773              		.file 6 "Drivers/STM32F3xx_HAL_Driver/Inc/stm32f3xx_hal_def.h"
 774              		.file 7 "Drivers/CMSIS/Device/ST/STM32F3xx/Include/system_stm32f3xx.h"
ARM GAS  /tmp/ccEmA03j.s 			page 22


DEFINED SYMBOLS
                            *ABS*:0000000000000000 stm32f3xx_hal.c
                            *COM*:0000000000000004 uwTick
     /tmp/ccEmA03j.s:21     .text.HAL_Init:0000000000000000 $t
     /tmp/ccEmA03j.s:26     .text.HAL_Init:0000000000000000 HAL_Init
     /tmp/ccEmA03j.s:187    .text.HAL_InitTick:0000000000000000 HAL_InitTick
     /tmp/ccEmA03j.s:131    .text.HAL_MspInit:0000000000000000 HAL_MspInit
     /tmp/ccEmA03j.s:63     .text.HAL_Init:0000000000000028 $d
     /tmp/ccEmA03j.s:68     .text.HAL_DeInit:0000000000000000 $t
     /tmp/ccEmA03j.s:73     .text.HAL_DeInit:0000000000000000 HAL_DeInit
     /tmp/ccEmA03j.s:159    .text.HAL_MspDeInit:0000000000000000 HAL_MspDeInit
     /tmp/ccEmA03j.s:121    .text.HAL_DeInit:0000000000000038 $d
     /tmp/ccEmA03j.s:126    .text.HAL_MspInit:0000000000000000 $t
     /tmp/ccEmA03j.s:154    .text.HAL_MspDeInit:0000000000000000 $t
     /tmp/ccEmA03j.s:182    .text.HAL_InitTick:0000000000000000 $t
     /tmp/ccEmA03j.s:229    .text.HAL_InitTick:0000000000000030 $d
     /tmp/ccEmA03j.s:235    .text.HAL_IncTick:0000000000000000 $t
     /tmp/ccEmA03j.s:240    .text.HAL_IncTick:0000000000000000 HAL_IncTick
     /tmp/ccEmA03j.s:268    .text.HAL_IncTick:0000000000000018 $d
     /tmp/ccEmA03j.s:273    .text.HAL_GetTick:0000000000000000 $t
     /tmp/ccEmA03j.s:278    .text.HAL_GetTick:0000000000000000 HAL_GetTick
     /tmp/ccEmA03j.s:304    .text.HAL_GetTick:0000000000000014 $d
     /tmp/ccEmA03j.s:309    .text.HAL_Delay:0000000000000000 $t
     /tmp/ccEmA03j.s:314    .text.HAL_Delay:0000000000000000 HAL_Delay
     /tmp/ccEmA03j.s:355    .text.HAL_SuspendTick:0000000000000000 $t
     /tmp/ccEmA03j.s:360    .text.HAL_SuspendTick:0000000000000000 HAL_SuspendTick
     /tmp/ccEmA03j.s:388    .text.HAL_SuspendTick:0000000000000018 $d
     /tmp/ccEmA03j.s:393    .text.HAL_ResumeTick:0000000000000000 $t
     /tmp/ccEmA03j.s:398    .text.HAL_ResumeTick:0000000000000000 HAL_ResumeTick
     /tmp/ccEmA03j.s:426    .text.HAL_ResumeTick:0000000000000018 $d
     /tmp/ccEmA03j.s:431    .text.HAL_GetHalVersion:0000000000000000 $t
     /tmp/ccEmA03j.s:436    .text.HAL_GetHalVersion:0000000000000000 HAL_GetHalVersion
     /tmp/ccEmA03j.s:461    .text.HAL_GetHalVersion:0000000000000010 $d
     /tmp/ccEmA03j.s:466    .text.HAL_GetREVID:0000000000000000 $t
     /tmp/ccEmA03j.s:471    .text.HAL_GetREVID:0000000000000000 HAL_GetREVID
     /tmp/ccEmA03j.s:498    .text.HAL_GetREVID:0000000000000014 $d
     /tmp/ccEmA03j.s:503    .text.HAL_GetDEVID:0000000000000000 $t
     /tmp/ccEmA03j.s:508    .text.HAL_GetDEVID:0000000000000000 HAL_GetDEVID
     /tmp/ccEmA03j.s:535    .text.HAL_GetDEVID:0000000000000018 $d
     /tmp/ccEmA03j.s:540    .text.HAL_DBGMCU_EnableDBGSleepMode:0000000000000000 $t
     /tmp/ccEmA03j.s:545    .text.HAL_DBGMCU_EnableDBGSleepMode:0000000000000000 HAL_DBGMCU_EnableDBGSleepMode
     /tmp/ccEmA03j.s:573    .text.HAL_DBGMCU_EnableDBGSleepMode:0000000000000018 $d
     /tmp/ccEmA03j.s:578    .text.HAL_DBGMCU_DisableDBGSleepMode:0000000000000000 $t
     /tmp/ccEmA03j.s:583    .text.HAL_DBGMCU_DisableDBGSleepMode:0000000000000000 HAL_DBGMCU_DisableDBGSleepMode
     /tmp/ccEmA03j.s:611    .text.HAL_DBGMCU_DisableDBGSleepMode:0000000000000018 $d
     /tmp/ccEmA03j.s:616    .text.HAL_DBGMCU_EnableDBGStopMode:0000000000000000 $t
     /tmp/ccEmA03j.s:621    .text.HAL_DBGMCU_EnableDBGStopMode:0000000000000000 HAL_DBGMCU_EnableDBGStopMode
     /tmp/ccEmA03j.s:649    .text.HAL_DBGMCU_EnableDBGStopMode:0000000000000018 $d
     /tmp/ccEmA03j.s:654    .text.HAL_DBGMCU_DisableDBGStopMode:0000000000000000 $t
     /tmp/ccEmA03j.s:659    .text.HAL_DBGMCU_DisableDBGStopMode:0000000000000000 HAL_DBGMCU_DisableDBGStopMode
     /tmp/ccEmA03j.s:687    .text.HAL_DBGMCU_DisableDBGStopMode:0000000000000018 $d
     /tmp/ccEmA03j.s:692    .text.HAL_DBGMCU_EnableDBGStandbyMode:0000000000000000 $t
     /tmp/ccEmA03j.s:697    .text.HAL_DBGMCU_EnableDBGStandbyMode:0000000000000000 HAL_DBGMCU_EnableDBGStandbyMode
     /tmp/ccEmA03j.s:725    .text.HAL_DBGMCU_EnableDBGStandbyMode:0000000000000018 $d
     /tmp/ccEmA03j.s:730    .text.HAL_DBGMCU_DisableDBGStandbyMode:0000000000000000 $t
     /tmp/ccEmA03j.s:735    .text.HAL_DBGMCU_DisableDBGStandbyMode:0000000000000000 HAL_DBGMCU_DisableDBGStandbyMode
     /tmp/ccEmA03j.s:763    .text.HAL_DBGMCU_DisableDBGStandbyMode:0000000000000018 $d
ARM GAS  /tmp/ccEmA03j.s 			page 23


                     .debug_frame:0000000000000010 $d

UNDEFINED SYMBOLS
HAL_NVIC_SetPriorityGrouping
HAL_SYSTICK_Config
HAL_NVIC_SetPriority
SystemCoreClock
