ARM GAS  /tmp/ccfFTvAb.s 			page 1


   1              		.syntax unified
   2              		.cpu cortex-m4
   3              		.eabi_attribute 27, 3
   4              		.fpu fpv4-sp-d16
   5              		.eabi_attribute 20, 1
   6              		.eabi_attribute 21, 1
   7              		.eabi_attribute 23, 3
   8              		.eabi_attribute 24, 1
   9              		.eabi_attribute 25, 1
  10              		.eabi_attribute 26, 1
  11              		.eabi_attribute 30, 6
  12              		.eabi_attribute 34, 1
  13              		.eabi_attribute 18, 4
  14              		.thumb
  15              		.file	"system_stm32f3xx.c"
  16              		.text
  17              	.Ltext0:
  18              		.cfi_sections	.debug_frame
  19              		.global	SystemCoreClock
  20              		.section	.data.SystemCoreClock,"aw",%progbits
  21              		.align	2
  24              	SystemCoreClock:
  25 0000 00127A00 		.word	8000000
  26              		.global	AHBPrescTable
  27              		.section	.rodata.AHBPrescTable,"a",%progbits
  28              		.align	2
  31              	AHBPrescTable:
  32 0000 00       		.byte	0
  33 0001 00       		.byte	0
  34 0002 00       		.byte	0
  35 0003 00       		.byte	0
  36 0004 00       		.byte	0
  37 0005 00       		.byte	0
  38 0006 00       		.byte	0
  39 0007 00       		.byte	0
  40 0008 01       		.byte	1
  41 0009 02       		.byte	2
  42 000a 03       		.byte	3
  43 000b 04       		.byte	4
  44 000c 06       		.byte	6
  45 000d 07       		.byte	7
  46 000e 08       		.byte	8
  47 000f 09       		.byte	9
  48              		.global	APBPrescTable
  49              		.section	.rodata.APBPrescTable,"a",%progbits
  50              		.align	2
  53              	APBPrescTable:
  54 0000 00       		.byte	0
  55 0001 00       		.byte	0
  56 0002 00       		.byte	0
  57 0003 00       		.byte	0
  58 0004 01       		.byte	1
  59 0005 02       		.byte	2
  60 0006 03       		.byte	3
  61 0007 04       		.byte	4
  62              		.section	.text.SystemInit,"ax",%progbits
  63              		.align	2
ARM GAS  /tmp/ccfFTvAb.s 			page 2


  64              		.global	SystemInit
  65              		.thumb
  66              		.thumb_func
  68              	SystemInit:
  69              	.LFB125:
  70              		.file 1 "Drivers/CMSIS/Device/ST/STM32F3xx/Source/Templates/system_stm32f3xx.c"
   1:Drivers/CMSIS/Device/ST/STM32F3xx/Source/Templates/system_stm32f3xx.c **** /**
   2:Drivers/CMSIS/Device/ST/STM32F3xx/Source/Templates/system_stm32f3xx.c ****   ******************************************************************************
   3:Drivers/CMSIS/Device/ST/STM32F3xx/Source/Templates/system_stm32f3xx.c ****   * @file    system_stm32f3xx.c
   4:Drivers/CMSIS/Device/ST/STM32F3xx/Source/Templates/system_stm32f3xx.c ****   * @author  MCD Application Team
   5:Drivers/CMSIS/Device/ST/STM32F3xx/Source/Templates/system_stm32f3xx.c ****   * @version V2.3.0
   6:Drivers/CMSIS/Device/ST/STM32F3xx/Source/Templates/system_stm32f3xx.c ****   * @date    29-April-2015
   7:Drivers/CMSIS/Device/ST/STM32F3xx/Source/Templates/system_stm32f3xx.c ****   * @brief   CMSIS Cortex-M4 Device Peripheral Access Layer System Source File.
   8:Drivers/CMSIS/Device/ST/STM32F3xx/Source/Templates/system_stm32f3xx.c ****   *
   9:Drivers/CMSIS/Device/ST/STM32F3xx/Source/Templates/system_stm32f3xx.c ****   * 1. This file provides two functions and one global variable to be called from
  10:Drivers/CMSIS/Device/ST/STM32F3xx/Source/Templates/system_stm32f3xx.c ****   *    user application:
  11:Drivers/CMSIS/Device/ST/STM32F3xx/Source/Templates/system_stm32f3xx.c ****   *      - SystemInit(): This function is called at startup just after reset and 
  12:Drivers/CMSIS/Device/ST/STM32F3xx/Source/Templates/system_stm32f3xx.c ****   *                      before branch to main program. This call is made inside
  13:Drivers/CMSIS/Device/ST/STM32F3xx/Source/Templates/system_stm32f3xx.c ****   *                      the "startup_stm32f3xx.s" file.
  14:Drivers/CMSIS/Device/ST/STM32F3xx/Source/Templates/system_stm32f3xx.c ****   *
  15:Drivers/CMSIS/Device/ST/STM32F3xx/Source/Templates/system_stm32f3xx.c ****   *      - SystemCoreClock variable: Contains the core clock (HCLK), it can be used
  16:Drivers/CMSIS/Device/ST/STM32F3xx/Source/Templates/system_stm32f3xx.c ****   *                                  by the user application to setup the SysTick
  17:Drivers/CMSIS/Device/ST/STM32F3xx/Source/Templates/system_stm32f3xx.c ****   *                                  timer or configure other parameters.
  18:Drivers/CMSIS/Device/ST/STM32F3xx/Source/Templates/system_stm32f3xx.c ****   *
  19:Drivers/CMSIS/Device/ST/STM32F3xx/Source/Templates/system_stm32f3xx.c ****   *      - SystemCoreClockUpdate(): Updates the variable SystemCoreClock and must
  20:Drivers/CMSIS/Device/ST/STM32F3xx/Source/Templates/system_stm32f3xx.c ****   *                                 be called whenever the core clock is changed
  21:Drivers/CMSIS/Device/ST/STM32F3xx/Source/Templates/system_stm32f3xx.c ****   *                                 during program execution.
  22:Drivers/CMSIS/Device/ST/STM32F3xx/Source/Templates/system_stm32f3xx.c ****   *
  23:Drivers/CMSIS/Device/ST/STM32F3xx/Source/Templates/system_stm32f3xx.c ****   * 2. After each device reset the HSI (8 MHz) is used as system clock source.
  24:Drivers/CMSIS/Device/ST/STM32F3xx/Source/Templates/system_stm32f3xx.c ****   *    Then SystemInit() function is called, in "startup_stm32f3xx.s" file, to
  25:Drivers/CMSIS/Device/ST/STM32F3xx/Source/Templates/system_stm32f3xx.c ****   *    configure the system clock before to branch to main program.
  26:Drivers/CMSIS/Device/ST/STM32F3xx/Source/Templates/system_stm32f3xx.c ****   *
  27:Drivers/CMSIS/Device/ST/STM32F3xx/Source/Templates/system_stm32f3xx.c ****   * 3. This file configures the system clock as follows:
  28:Drivers/CMSIS/Device/ST/STM32F3xx/Source/Templates/system_stm32f3xx.c ****   *=============================================================================
  29:Drivers/CMSIS/Device/ST/STM32F3xx/Source/Templates/system_stm32f3xx.c ****   *                         Supported STM32F3xx device
  30:Drivers/CMSIS/Device/ST/STM32F3xx/Source/Templates/system_stm32f3xx.c ****   *-----------------------------------------------------------------------------
  31:Drivers/CMSIS/Device/ST/STM32F3xx/Source/Templates/system_stm32f3xx.c ****   *        System Clock source                    | HSI
  32:Drivers/CMSIS/Device/ST/STM32F3xx/Source/Templates/system_stm32f3xx.c ****   *-----------------------------------------------------------------------------
  33:Drivers/CMSIS/Device/ST/STM32F3xx/Source/Templates/system_stm32f3xx.c ****   *        SYSCLK(Hz)                             | 8000000
  34:Drivers/CMSIS/Device/ST/STM32F3xx/Source/Templates/system_stm32f3xx.c ****   *-----------------------------------------------------------------------------
  35:Drivers/CMSIS/Device/ST/STM32F3xx/Source/Templates/system_stm32f3xx.c ****   *        HCLK(Hz)                               | 8000000
  36:Drivers/CMSIS/Device/ST/STM32F3xx/Source/Templates/system_stm32f3xx.c ****   *-----------------------------------------------------------------------------
  37:Drivers/CMSIS/Device/ST/STM32F3xx/Source/Templates/system_stm32f3xx.c ****   *        AHB Prescaler                          | 1
  38:Drivers/CMSIS/Device/ST/STM32F3xx/Source/Templates/system_stm32f3xx.c ****   *-----------------------------------------------------------------------------
  39:Drivers/CMSIS/Device/ST/STM32F3xx/Source/Templates/system_stm32f3xx.c ****   *        APB2 Prescaler                         | 1
  40:Drivers/CMSIS/Device/ST/STM32F3xx/Source/Templates/system_stm32f3xx.c ****   *-----------------------------------------------------------------------------
  41:Drivers/CMSIS/Device/ST/STM32F3xx/Source/Templates/system_stm32f3xx.c ****   *        APB1 Prescaler                         | 1
  42:Drivers/CMSIS/Device/ST/STM32F3xx/Source/Templates/system_stm32f3xx.c ****   *-----------------------------------------------------------------------------
  43:Drivers/CMSIS/Device/ST/STM32F3xx/Source/Templates/system_stm32f3xx.c ****   *        USB Clock                              | DISABLE
  44:Drivers/CMSIS/Device/ST/STM32F3xx/Source/Templates/system_stm32f3xx.c ****   *-----------------------------------------------------------------------------
  45:Drivers/CMSIS/Device/ST/STM32F3xx/Source/Templates/system_stm32f3xx.c ****   *=============================================================================
  46:Drivers/CMSIS/Device/ST/STM32F3xx/Source/Templates/system_stm32f3xx.c ****   ******************************************************************************
  47:Drivers/CMSIS/Device/ST/STM32F3xx/Source/Templates/system_stm32f3xx.c ****   * @attention
  48:Drivers/CMSIS/Device/ST/STM32F3xx/Source/Templates/system_stm32f3xx.c ****   *
  49:Drivers/CMSIS/Device/ST/STM32F3xx/Source/Templates/system_stm32f3xx.c ****   * <h2><center>&copy; COPYRIGHT(c) 2016 STMicroelectronics</center></h2>
  50:Drivers/CMSIS/Device/ST/STM32F3xx/Source/Templates/system_stm32f3xx.c ****   *
  51:Drivers/CMSIS/Device/ST/STM32F3xx/Source/Templates/system_stm32f3xx.c ****   * Redistribution and use in source and binary forms, with or without modification,
ARM GAS  /tmp/ccfFTvAb.s 			page 3


  52:Drivers/CMSIS/Device/ST/STM32F3xx/Source/Templates/system_stm32f3xx.c ****   * are permitted provided that the following conditions are met:
  53:Drivers/CMSIS/Device/ST/STM32F3xx/Source/Templates/system_stm32f3xx.c ****   *   1. Redistributions of source code must retain the above copyright notice,
  54:Drivers/CMSIS/Device/ST/STM32F3xx/Source/Templates/system_stm32f3xx.c ****   *      this list of conditions and the following disclaimer.
  55:Drivers/CMSIS/Device/ST/STM32F3xx/Source/Templates/system_stm32f3xx.c ****   *   2. Redistributions in binary form must reproduce the above copyright notice,
  56:Drivers/CMSIS/Device/ST/STM32F3xx/Source/Templates/system_stm32f3xx.c ****   *      this list of conditions and the following disclaimer in the documentation
  57:Drivers/CMSIS/Device/ST/STM32F3xx/Source/Templates/system_stm32f3xx.c ****   *      and/or other materials provided with the distribution.
  58:Drivers/CMSIS/Device/ST/STM32F3xx/Source/Templates/system_stm32f3xx.c ****   *   3. Neither the name of STMicroelectronics nor the names of its contributors
  59:Drivers/CMSIS/Device/ST/STM32F3xx/Source/Templates/system_stm32f3xx.c ****   *      may be used to endorse or promote products derived from this software
  60:Drivers/CMSIS/Device/ST/STM32F3xx/Source/Templates/system_stm32f3xx.c ****   *      without specific prior written permission.
  61:Drivers/CMSIS/Device/ST/STM32F3xx/Source/Templates/system_stm32f3xx.c ****   *
  62:Drivers/CMSIS/Device/ST/STM32F3xx/Source/Templates/system_stm32f3xx.c ****   * THIS SOFTWARE IS PROVIDED BY THE COPYRIGHT HOLDERS AND CONTRIBUTORS "AS IS"
  63:Drivers/CMSIS/Device/ST/STM32F3xx/Source/Templates/system_stm32f3xx.c ****   * AND ANY EXPRESS OR IMPLIED WARRANTIES, INCLUDING, BUT NOT LIMITED TO, THE
  64:Drivers/CMSIS/Device/ST/STM32F3xx/Source/Templates/system_stm32f3xx.c ****   * IMPLIED WARRANTIES OF MERCHANTABILITY AND FITNESS FOR A PARTICULAR PURPOSE ARE
  65:Drivers/CMSIS/Device/ST/STM32F3xx/Source/Templates/system_stm32f3xx.c ****   * DISCLAIMED. IN NO EVENT SHALL THE COPYRIGHT HOLDER OR CONTRIBUTORS BE LIABLE
  66:Drivers/CMSIS/Device/ST/STM32F3xx/Source/Templates/system_stm32f3xx.c ****   * FOR ANY DIRECT, INDIRECT, INCIDENTAL, SPECIAL, EXEMPLARY, OR CONSEQUENTIAL
  67:Drivers/CMSIS/Device/ST/STM32F3xx/Source/Templates/system_stm32f3xx.c ****   * DAMAGES (INCLUDING, BUT NOT LIMITED TO, PROCUREMENT OF SUBSTITUTE GOODS OR
  68:Drivers/CMSIS/Device/ST/STM32F3xx/Source/Templates/system_stm32f3xx.c ****   * SERVICES; LOSS OF USE, DATA, OR PROFITS; OR BUSINESS INTERRUPTION) HOWEVER
  69:Drivers/CMSIS/Device/ST/STM32F3xx/Source/Templates/system_stm32f3xx.c ****   * CAUSED AND ON ANY THEORY OF LIABILITY, WHETHER IN CONTRACT, STRICT LIABILITY,
  70:Drivers/CMSIS/Device/ST/STM32F3xx/Source/Templates/system_stm32f3xx.c ****   * OR TORT (INCLUDING NEGLIGENCE OR OTHERWISE) ARISING IN ANY WAY OUT OF THE USE
  71:Drivers/CMSIS/Device/ST/STM32F3xx/Source/Templates/system_stm32f3xx.c ****   * OF THIS SOFTWARE, EVEN IF ADVISED OF THE POSSIBILITY OF SUCH DAMAGE.
  72:Drivers/CMSIS/Device/ST/STM32F3xx/Source/Templates/system_stm32f3xx.c ****   *
  73:Drivers/CMSIS/Device/ST/STM32F3xx/Source/Templates/system_stm32f3xx.c ****   ******************************************************************************
  74:Drivers/CMSIS/Device/ST/STM32F3xx/Source/Templates/system_stm32f3xx.c ****   */
  75:Drivers/CMSIS/Device/ST/STM32F3xx/Source/Templates/system_stm32f3xx.c **** 
  76:Drivers/CMSIS/Device/ST/STM32F3xx/Source/Templates/system_stm32f3xx.c **** /** @addtogroup CMSIS
  77:Drivers/CMSIS/Device/ST/STM32F3xx/Source/Templates/system_stm32f3xx.c ****   * @{
  78:Drivers/CMSIS/Device/ST/STM32F3xx/Source/Templates/system_stm32f3xx.c ****   */
  79:Drivers/CMSIS/Device/ST/STM32F3xx/Source/Templates/system_stm32f3xx.c **** 
  80:Drivers/CMSIS/Device/ST/STM32F3xx/Source/Templates/system_stm32f3xx.c **** /** @addtogroup stm32f3xx_system
  81:Drivers/CMSIS/Device/ST/STM32F3xx/Source/Templates/system_stm32f3xx.c ****   * @{
  82:Drivers/CMSIS/Device/ST/STM32F3xx/Source/Templates/system_stm32f3xx.c ****   */
  83:Drivers/CMSIS/Device/ST/STM32F3xx/Source/Templates/system_stm32f3xx.c **** 
  84:Drivers/CMSIS/Device/ST/STM32F3xx/Source/Templates/system_stm32f3xx.c **** /** @addtogroup STM32F3xx_System_Private_Includes
  85:Drivers/CMSIS/Device/ST/STM32F3xx/Source/Templates/system_stm32f3xx.c ****   * @{
  86:Drivers/CMSIS/Device/ST/STM32F3xx/Source/Templates/system_stm32f3xx.c ****   */
  87:Drivers/CMSIS/Device/ST/STM32F3xx/Source/Templates/system_stm32f3xx.c **** 
  88:Drivers/CMSIS/Device/ST/STM32F3xx/Source/Templates/system_stm32f3xx.c **** #include "stm32f3xx.h"
  89:Drivers/CMSIS/Device/ST/STM32F3xx/Source/Templates/system_stm32f3xx.c **** 
  90:Drivers/CMSIS/Device/ST/STM32F3xx/Source/Templates/system_stm32f3xx.c **** /**
  91:Drivers/CMSIS/Device/ST/STM32F3xx/Source/Templates/system_stm32f3xx.c ****   * @}
  92:Drivers/CMSIS/Device/ST/STM32F3xx/Source/Templates/system_stm32f3xx.c ****   */
  93:Drivers/CMSIS/Device/ST/STM32F3xx/Source/Templates/system_stm32f3xx.c **** 
  94:Drivers/CMSIS/Device/ST/STM32F3xx/Source/Templates/system_stm32f3xx.c **** /** @addtogroup STM32F3xx_System_Private_TypesDefinitions
  95:Drivers/CMSIS/Device/ST/STM32F3xx/Source/Templates/system_stm32f3xx.c ****   * @{
  96:Drivers/CMSIS/Device/ST/STM32F3xx/Source/Templates/system_stm32f3xx.c ****   */
  97:Drivers/CMSIS/Device/ST/STM32F3xx/Source/Templates/system_stm32f3xx.c **** 
  98:Drivers/CMSIS/Device/ST/STM32F3xx/Source/Templates/system_stm32f3xx.c **** /**
  99:Drivers/CMSIS/Device/ST/STM32F3xx/Source/Templates/system_stm32f3xx.c ****   * @}
 100:Drivers/CMSIS/Device/ST/STM32F3xx/Source/Templates/system_stm32f3xx.c ****   */
 101:Drivers/CMSIS/Device/ST/STM32F3xx/Source/Templates/system_stm32f3xx.c **** 
 102:Drivers/CMSIS/Device/ST/STM32F3xx/Source/Templates/system_stm32f3xx.c **** /** @addtogroup STM32F3xx_System_Private_Defines
 103:Drivers/CMSIS/Device/ST/STM32F3xx/Source/Templates/system_stm32f3xx.c ****   * @{
 104:Drivers/CMSIS/Device/ST/STM32F3xx/Source/Templates/system_stm32f3xx.c ****   */
 105:Drivers/CMSIS/Device/ST/STM32F3xx/Source/Templates/system_stm32f3xx.c **** #if !defined  (HSE_VALUE) 
 106:Drivers/CMSIS/Device/ST/STM32F3xx/Source/Templates/system_stm32f3xx.c ****   #define HSE_VALUE    ((uint32_t)8000000) /*!< Default value of the External oscillator in Hz.
 107:Drivers/CMSIS/Device/ST/STM32F3xx/Source/Templates/system_stm32f3xx.c ****                                                 This value can be provided and adapted by the user 
 108:Drivers/CMSIS/Device/ST/STM32F3xx/Source/Templates/system_stm32f3xx.c **** #endif /* HSE_VALUE */
ARM GAS  /tmp/ccfFTvAb.s 			page 4


 109:Drivers/CMSIS/Device/ST/STM32F3xx/Source/Templates/system_stm32f3xx.c **** 
 110:Drivers/CMSIS/Device/ST/STM32F3xx/Source/Templates/system_stm32f3xx.c **** #if !defined  (HSI_VALUE)
 111:Drivers/CMSIS/Device/ST/STM32F3xx/Source/Templates/system_stm32f3xx.c ****   #define HSI_VALUE    ((uint32_t)8000000) /*!< Default value of the Internal oscillator in Hz.
 112:Drivers/CMSIS/Device/ST/STM32F3xx/Source/Templates/system_stm32f3xx.c ****                                                 This value can be provided and adapted by the user 
 113:Drivers/CMSIS/Device/ST/STM32F3xx/Source/Templates/system_stm32f3xx.c **** #endif /* HSI_VALUE */
 114:Drivers/CMSIS/Device/ST/STM32F3xx/Source/Templates/system_stm32f3xx.c **** 
 115:Drivers/CMSIS/Device/ST/STM32F3xx/Source/Templates/system_stm32f3xx.c **** /*!< Uncomment the following line if you need to relocate your vector Table in
 116:Drivers/CMSIS/Device/ST/STM32F3xx/Source/Templates/system_stm32f3xx.c ****      Internal SRAM. */
 117:Drivers/CMSIS/Device/ST/STM32F3xx/Source/Templates/system_stm32f3xx.c **** /* #define VECT_TAB_SRAM */
 118:Drivers/CMSIS/Device/ST/STM32F3xx/Source/Templates/system_stm32f3xx.c **** #define VECT_TAB_OFFSET  0x0 /*!< Vector Table base offset field.
 119:Drivers/CMSIS/Device/ST/STM32F3xx/Source/Templates/system_stm32f3xx.c ****                                   This value must be a multiple of 0x200. */
 120:Drivers/CMSIS/Device/ST/STM32F3xx/Source/Templates/system_stm32f3xx.c **** /**
 121:Drivers/CMSIS/Device/ST/STM32F3xx/Source/Templates/system_stm32f3xx.c ****   * @}
 122:Drivers/CMSIS/Device/ST/STM32F3xx/Source/Templates/system_stm32f3xx.c ****   */
 123:Drivers/CMSIS/Device/ST/STM32F3xx/Source/Templates/system_stm32f3xx.c **** 
 124:Drivers/CMSIS/Device/ST/STM32F3xx/Source/Templates/system_stm32f3xx.c **** /** @addtogroup STM32F3xx_System_Private_Macros
 125:Drivers/CMSIS/Device/ST/STM32F3xx/Source/Templates/system_stm32f3xx.c ****   * @{
 126:Drivers/CMSIS/Device/ST/STM32F3xx/Source/Templates/system_stm32f3xx.c ****   */
 127:Drivers/CMSIS/Device/ST/STM32F3xx/Source/Templates/system_stm32f3xx.c **** 
 128:Drivers/CMSIS/Device/ST/STM32F3xx/Source/Templates/system_stm32f3xx.c **** /**
 129:Drivers/CMSIS/Device/ST/STM32F3xx/Source/Templates/system_stm32f3xx.c ****   * @}
 130:Drivers/CMSIS/Device/ST/STM32F3xx/Source/Templates/system_stm32f3xx.c ****   */
 131:Drivers/CMSIS/Device/ST/STM32F3xx/Source/Templates/system_stm32f3xx.c **** 
 132:Drivers/CMSIS/Device/ST/STM32F3xx/Source/Templates/system_stm32f3xx.c **** /** @addtogroup STM32F3xx_System_Private_Variables
 133:Drivers/CMSIS/Device/ST/STM32F3xx/Source/Templates/system_stm32f3xx.c ****   * @{
 134:Drivers/CMSIS/Device/ST/STM32F3xx/Source/Templates/system_stm32f3xx.c ****   */
 135:Drivers/CMSIS/Device/ST/STM32F3xx/Source/Templates/system_stm32f3xx.c ****   /* This variable is updated in three ways:
 136:Drivers/CMSIS/Device/ST/STM32F3xx/Source/Templates/system_stm32f3xx.c ****       1) by calling CMSIS function SystemCoreClockUpdate()
 137:Drivers/CMSIS/Device/ST/STM32F3xx/Source/Templates/system_stm32f3xx.c ****       2) by calling HAL API function HAL_RCC_GetHCLKFreq()
 138:Drivers/CMSIS/Device/ST/STM32F3xx/Source/Templates/system_stm32f3xx.c ****       3) each time HAL_RCC_ClockConfig() is called to configure the system clock frequency
 139:Drivers/CMSIS/Device/ST/STM32F3xx/Source/Templates/system_stm32f3xx.c ****          Note: If you use this function to configure the system clock there is no need to
 140:Drivers/CMSIS/Device/ST/STM32F3xx/Source/Templates/system_stm32f3xx.c ****                call the 2 first functions listed above, since SystemCoreClock variable is 
 141:Drivers/CMSIS/Device/ST/STM32F3xx/Source/Templates/system_stm32f3xx.c ****                updated automatically.
 142:Drivers/CMSIS/Device/ST/STM32F3xx/Source/Templates/system_stm32f3xx.c ****   */
 143:Drivers/CMSIS/Device/ST/STM32F3xx/Source/Templates/system_stm32f3xx.c **** uint32_t SystemCoreClock = 8000000;
 144:Drivers/CMSIS/Device/ST/STM32F3xx/Source/Templates/system_stm32f3xx.c **** 
 145:Drivers/CMSIS/Device/ST/STM32F3xx/Source/Templates/system_stm32f3xx.c **** const uint8_t AHBPrescTable[16] = {0, 0, 0, 0, 0, 0, 0, 0, 1, 2, 3, 4, 6, 7, 8, 9};
 146:Drivers/CMSIS/Device/ST/STM32F3xx/Source/Templates/system_stm32f3xx.c **** const uint8_t APBPrescTable[8]  = {0, 0, 0, 0, 1, 2, 3, 4};
 147:Drivers/CMSIS/Device/ST/STM32F3xx/Source/Templates/system_stm32f3xx.c **** 
 148:Drivers/CMSIS/Device/ST/STM32F3xx/Source/Templates/system_stm32f3xx.c **** /**
 149:Drivers/CMSIS/Device/ST/STM32F3xx/Source/Templates/system_stm32f3xx.c ****   * @}
 150:Drivers/CMSIS/Device/ST/STM32F3xx/Source/Templates/system_stm32f3xx.c ****   */
 151:Drivers/CMSIS/Device/ST/STM32F3xx/Source/Templates/system_stm32f3xx.c **** 
 152:Drivers/CMSIS/Device/ST/STM32F3xx/Source/Templates/system_stm32f3xx.c **** /** @addtogroup STM32F3xx_System_Private_FunctionPrototypes
 153:Drivers/CMSIS/Device/ST/STM32F3xx/Source/Templates/system_stm32f3xx.c ****   * @{
 154:Drivers/CMSIS/Device/ST/STM32F3xx/Source/Templates/system_stm32f3xx.c ****   */
 155:Drivers/CMSIS/Device/ST/STM32F3xx/Source/Templates/system_stm32f3xx.c **** 
 156:Drivers/CMSIS/Device/ST/STM32F3xx/Source/Templates/system_stm32f3xx.c **** /**
 157:Drivers/CMSIS/Device/ST/STM32F3xx/Source/Templates/system_stm32f3xx.c ****   * @}
 158:Drivers/CMSIS/Device/ST/STM32F3xx/Source/Templates/system_stm32f3xx.c ****   */
 159:Drivers/CMSIS/Device/ST/STM32F3xx/Source/Templates/system_stm32f3xx.c **** 
 160:Drivers/CMSIS/Device/ST/STM32F3xx/Source/Templates/system_stm32f3xx.c **** /** @addtogroup STM32F3xx_System_Private_Functions
 161:Drivers/CMSIS/Device/ST/STM32F3xx/Source/Templates/system_stm32f3xx.c ****   * @{
 162:Drivers/CMSIS/Device/ST/STM32F3xx/Source/Templates/system_stm32f3xx.c ****   */
 163:Drivers/CMSIS/Device/ST/STM32F3xx/Source/Templates/system_stm32f3xx.c **** 
 164:Drivers/CMSIS/Device/ST/STM32F3xx/Source/Templates/system_stm32f3xx.c **** /**
 165:Drivers/CMSIS/Device/ST/STM32F3xx/Source/Templates/system_stm32f3xx.c ****   * @brief  Setup the microcontroller system
ARM GAS  /tmp/ccfFTvAb.s 			page 5


 166:Drivers/CMSIS/Device/ST/STM32F3xx/Source/Templates/system_stm32f3xx.c ****   *         Initialize the FPU setting, vector table location and the PLL configuration is reset.
 167:Drivers/CMSIS/Device/ST/STM32F3xx/Source/Templates/system_stm32f3xx.c ****   * @param  None
 168:Drivers/CMSIS/Device/ST/STM32F3xx/Source/Templates/system_stm32f3xx.c ****   * @retval None
 169:Drivers/CMSIS/Device/ST/STM32F3xx/Source/Templates/system_stm32f3xx.c ****   */
 170:Drivers/CMSIS/Device/ST/STM32F3xx/Source/Templates/system_stm32f3xx.c **** void SystemInit(void)
 171:Drivers/CMSIS/Device/ST/STM32F3xx/Source/Templates/system_stm32f3xx.c **** {
  71              		.loc 1 171 0
  72              		.cfi_startproc
  73              		@ args = 0, pretend = 0, frame = 0
  74              		@ frame_needed = 1, uses_anonymous_args = 0
  75              		@ link register save eliminated.
  76 0000 80B4     		push	{r7}
  77              	.LCFI0:
  78              		.cfi_def_cfa_offset 4
  79              		.cfi_offset 7, -4
  80 0002 00AF     		add	r7, sp, #0
  81              	.LCFI1:
  82              		.cfi_def_cfa_register 7
 172:Drivers/CMSIS/Device/ST/STM32F3xx/Source/Templates/system_stm32f3xx.c ****   /* FPU settings ------------------------------------------------------------*/
 173:Drivers/CMSIS/Device/ST/STM32F3xx/Source/Templates/system_stm32f3xx.c ****   #if (__FPU_PRESENT == 1) && (__FPU_USED == 1)
 174:Drivers/CMSIS/Device/ST/STM32F3xx/Source/Templates/system_stm32f3xx.c ****     SCB->CPACR |= ((3UL << 10*2)|(3UL << 11*2));  /* set CP10 and CP11 Full Access */
  83              		.loc 1 174 0
  84 0004 1F4B     		ldr	r3, .L2
  85 0006 1F4A     		ldr	r2, .L2
  86 0008 D2F88820 		ldr	r2, [r2, #136]
  87 000c 42F47002 		orr	r2, r2, #15728640
  88 0010 C3F88820 		str	r2, [r3, #136]
 175:Drivers/CMSIS/Device/ST/STM32F3xx/Source/Templates/system_stm32f3xx.c ****   #endif
 176:Drivers/CMSIS/Device/ST/STM32F3xx/Source/Templates/system_stm32f3xx.c **** 
 177:Drivers/CMSIS/Device/ST/STM32F3xx/Source/Templates/system_stm32f3xx.c ****   /* Reset the RCC clock configuration to the default reset state ------------*/
 178:Drivers/CMSIS/Device/ST/STM32F3xx/Source/Templates/system_stm32f3xx.c ****   /* Set HSION bit */
 179:Drivers/CMSIS/Device/ST/STM32F3xx/Source/Templates/system_stm32f3xx.c ****   RCC->CR |= 0x00000001U;
  89              		.loc 1 179 0
  90 0014 1C4B     		ldr	r3, .L2+4
  91 0016 1C4A     		ldr	r2, .L2+4
  92 0018 1268     		ldr	r2, [r2]
  93 001a 42F00102 		orr	r2, r2, #1
  94 001e 1A60     		str	r2, [r3]
 180:Drivers/CMSIS/Device/ST/STM32F3xx/Source/Templates/system_stm32f3xx.c **** 
 181:Drivers/CMSIS/Device/ST/STM32F3xx/Source/Templates/system_stm32f3xx.c ****   /* Reset CFGR register */
 182:Drivers/CMSIS/Device/ST/STM32F3xx/Source/Templates/system_stm32f3xx.c ****   RCC->CFGR &= 0xF87FC00CU;
  95              		.loc 1 182 0
  96 0020 194A     		ldr	r2, .L2+4
  97 0022 194B     		ldr	r3, .L2+4
  98 0024 5968     		ldr	r1, [r3, #4]
  99 0026 194B     		ldr	r3, .L2+8
 100 0028 0B40     		ands	r3, r3, r1
 101 002a 5360     		str	r3, [r2, #4]
 183:Drivers/CMSIS/Device/ST/STM32F3xx/Source/Templates/system_stm32f3xx.c **** 
 184:Drivers/CMSIS/Device/ST/STM32F3xx/Source/Templates/system_stm32f3xx.c ****   /* Reset HSEON, CSSON and PLLON bits */
 185:Drivers/CMSIS/Device/ST/STM32F3xx/Source/Templates/system_stm32f3xx.c ****   RCC->CR &= 0xFEF6FFFFU;
 102              		.loc 1 185 0
 103 002c 164A     		ldr	r2, .L2+4
 104 002e 164B     		ldr	r3, .L2+4
 105 0030 1B68     		ldr	r3, [r3]
 106 0032 23F08473 		bic	r3, r3, #17301504
 107 0036 23F48033 		bic	r3, r3, #65536
ARM GAS  /tmp/ccfFTvAb.s 			page 6


 108 003a 1360     		str	r3, [r2]
 186:Drivers/CMSIS/Device/ST/STM32F3xx/Source/Templates/system_stm32f3xx.c **** 
 187:Drivers/CMSIS/Device/ST/STM32F3xx/Source/Templates/system_stm32f3xx.c ****   /* Reset HSEBYP bit */
 188:Drivers/CMSIS/Device/ST/STM32F3xx/Source/Templates/system_stm32f3xx.c ****   RCC->CR &= 0xFFFBFFFFU;
 109              		.loc 1 188 0
 110 003c 124B     		ldr	r3, .L2+4
 111 003e 124A     		ldr	r2, .L2+4
 112 0040 1268     		ldr	r2, [r2]
 113 0042 22F48022 		bic	r2, r2, #262144
 114 0046 1A60     		str	r2, [r3]
 189:Drivers/CMSIS/Device/ST/STM32F3xx/Source/Templates/system_stm32f3xx.c **** 
 190:Drivers/CMSIS/Device/ST/STM32F3xx/Source/Templates/system_stm32f3xx.c ****   /* Reset PLLSRC, PLLXTPRE, PLLMUL and USBPRE bits */
 191:Drivers/CMSIS/Device/ST/STM32F3xx/Source/Templates/system_stm32f3xx.c ****   RCC->CFGR &= 0xFF80FFFFU;
 115              		.loc 1 191 0
 116 0048 0F4B     		ldr	r3, .L2+4
 117 004a 0F4A     		ldr	r2, .L2+4
 118 004c 5268     		ldr	r2, [r2, #4]
 119 004e 22F4FE02 		bic	r2, r2, #8323072
 120 0052 5A60     		str	r2, [r3, #4]
 192:Drivers/CMSIS/Device/ST/STM32F3xx/Source/Templates/system_stm32f3xx.c **** 
 193:Drivers/CMSIS/Device/ST/STM32F3xx/Source/Templates/system_stm32f3xx.c ****   /* Reset PREDIV1[3:0] bits */
 194:Drivers/CMSIS/Device/ST/STM32F3xx/Source/Templates/system_stm32f3xx.c ****   RCC->CFGR2 &= 0xFFFFFFF0U;
 121              		.loc 1 194 0
 122 0054 0C4B     		ldr	r3, .L2+4
 123 0056 0C4A     		ldr	r2, .L2+4
 124 0058 D26A     		ldr	r2, [r2, #44]
 125 005a 22F00F02 		bic	r2, r2, #15
 126 005e DA62     		str	r2, [r3, #44]
 195:Drivers/CMSIS/Device/ST/STM32F3xx/Source/Templates/system_stm32f3xx.c **** 
 196:Drivers/CMSIS/Device/ST/STM32F3xx/Source/Templates/system_stm32f3xx.c ****   /* Reset USARTSW[1:0], I2CSW and TIMs bits */
 197:Drivers/CMSIS/Device/ST/STM32F3xx/Source/Templates/system_stm32f3xx.c ****   RCC->CFGR3 &= 0xFF00FCCCU;
 127              		.loc 1 197 0
 128 0060 094A     		ldr	r2, .L2+4
 129 0062 094B     		ldr	r3, .L2+4
 130 0064 196B     		ldr	r1, [r3, #48]
 131 0066 0A4B     		ldr	r3, .L2+12
 132 0068 0B40     		ands	r3, r3, r1
 133 006a 1363     		str	r3, [r2, #48]
 198:Drivers/CMSIS/Device/ST/STM32F3xx/Source/Templates/system_stm32f3xx.c **** 
 199:Drivers/CMSIS/Device/ST/STM32F3xx/Source/Templates/system_stm32f3xx.c ****   /* Disable all interrupts */
 200:Drivers/CMSIS/Device/ST/STM32F3xx/Source/Templates/system_stm32f3xx.c ****   RCC->CIR = 0x00000000U;
 134              		.loc 1 200 0
 135 006c 064B     		ldr	r3, .L2+4
 136 006e 0022     		movs	r2, #0
 137 0070 9A60     		str	r2, [r3, #8]
 201:Drivers/CMSIS/Device/ST/STM32F3xx/Source/Templates/system_stm32f3xx.c **** 
 202:Drivers/CMSIS/Device/ST/STM32F3xx/Source/Templates/system_stm32f3xx.c **** #ifdef VECT_TAB_SRAM
 203:Drivers/CMSIS/Device/ST/STM32F3xx/Source/Templates/system_stm32f3xx.c ****   SCB->VTOR = SRAM_BASE | VECT_TAB_OFFSET; /* Vector Table Relocation in Internal SRAM */
 204:Drivers/CMSIS/Device/ST/STM32F3xx/Source/Templates/system_stm32f3xx.c **** #else
 205:Drivers/CMSIS/Device/ST/STM32F3xx/Source/Templates/system_stm32f3xx.c ****   SCB->VTOR = FLASH_BASE | VECT_TAB_OFFSET; /* Vector Table Relocation in Internal FLASH */
 138              		.loc 1 205 0
 139 0072 044B     		ldr	r3, .L2
 140 0074 4FF00062 		mov	r2, #134217728
 141 0078 9A60     		str	r2, [r3, #8]
 206:Drivers/CMSIS/Device/ST/STM32F3xx/Source/Templates/system_stm32f3xx.c **** #endif
 207:Drivers/CMSIS/Device/ST/STM32F3xx/Source/Templates/system_stm32f3xx.c **** }
 142              		.loc 1 207 0
ARM GAS  /tmp/ccfFTvAb.s 			page 7


 143 007a BD46     		mov	sp, r7
 144              		@ sp needed
 145 007c 5DF8047B 		ldr	r7, [sp], #4
 146 0080 7047     		bx	lr
 147              	.L3:
 148 0082 00BF     		.align	2
 149              	.L2:
 150 0084 00ED00E0 		.word	-536810240
 151 0088 00100240 		.word	1073876992
 152 008c 0CC07FF8 		.word	-125845492
 153 0090 CCFC00FF 		.word	-16712500
 154              		.cfi_endproc
 155              	.LFE125:
 157              		.section	.text.SystemCoreClockUpdate,"ax",%progbits
 158              		.align	2
 159              		.global	SystemCoreClockUpdate
 160              		.thumb
 161              		.thumb_func
 163              	SystemCoreClockUpdate:
 164              	.LFB126:
 208:Drivers/CMSIS/Device/ST/STM32F3xx/Source/Templates/system_stm32f3xx.c **** 
 209:Drivers/CMSIS/Device/ST/STM32F3xx/Source/Templates/system_stm32f3xx.c **** /**
 210:Drivers/CMSIS/Device/ST/STM32F3xx/Source/Templates/system_stm32f3xx.c ****    * @brief  Update SystemCoreClock variable according to Clock Register Values.
 211:Drivers/CMSIS/Device/ST/STM32F3xx/Source/Templates/system_stm32f3xx.c ****   *         The SystemCoreClock variable contains the core clock (HCLK), it can
 212:Drivers/CMSIS/Device/ST/STM32F3xx/Source/Templates/system_stm32f3xx.c ****   *         be used by the user application to setup the SysTick timer or configure
 213:Drivers/CMSIS/Device/ST/STM32F3xx/Source/Templates/system_stm32f3xx.c ****   *         other parameters.
 214:Drivers/CMSIS/Device/ST/STM32F3xx/Source/Templates/system_stm32f3xx.c ****   *
 215:Drivers/CMSIS/Device/ST/STM32F3xx/Source/Templates/system_stm32f3xx.c ****   * @note   Each time the core clock (HCLK) changes, this function must be called
 216:Drivers/CMSIS/Device/ST/STM32F3xx/Source/Templates/system_stm32f3xx.c ****   *         to update SystemCoreClock variable value. Otherwise, any configuration
 217:Drivers/CMSIS/Device/ST/STM32F3xx/Source/Templates/system_stm32f3xx.c ****   *         based on this variable will be incorrect.
 218:Drivers/CMSIS/Device/ST/STM32F3xx/Source/Templates/system_stm32f3xx.c ****   *
 219:Drivers/CMSIS/Device/ST/STM32F3xx/Source/Templates/system_stm32f3xx.c ****   * @note   - The system frequency computed by this function is not the real
 220:Drivers/CMSIS/Device/ST/STM32F3xx/Source/Templates/system_stm32f3xx.c ****   *           frequency in the chip. It is calculated based on the predefined
 221:Drivers/CMSIS/Device/ST/STM32F3xx/Source/Templates/system_stm32f3xx.c ****   *           constant and the selected clock source:
 222:Drivers/CMSIS/Device/ST/STM32F3xx/Source/Templates/system_stm32f3xx.c ****   *
 223:Drivers/CMSIS/Device/ST/STM32F3xx/Source/Templates/system_stm32f3xx.c ****   *           - If SYSCLK source is HSI, SystemCoreClock will contain the HSI_VALUE(*)
 224:Drivers/CMSIS/Device/ST/STM32F3xx/Source/Templates/system_stm32f3xx.c ****   *
 225:Drivers/CMSIS/Device/ST/STM32F3xx/Source/Templates/system_stm32f3xx.c ****   *           - If SYSCLK source is HSE, SystemCoreClock will contain the HSE_VALUE(**)
 226:Drivers/CMSIS/Device/ST/STM32F3xx/Source/Templates/system_stm32f3xx.c ****   *
 227:Drivers/CMSIS/Device/ST/STM32F3xx/Source/Templates/system_stm32f3xx.c ****   *           - If SYSCLK source is PLL, SystemCoreClock will contain the HSE_VALUE(**)
 228:Drivers/CMSIS/Device/ST/STM32F3xx/Source/Templates/system_stm32f3xx.c ****   *             or HSI_VALUE(*) multiplied/divided by the PLL factors.
 229:Drivers/CMSIS/Device/ST/STM32F3xx/Source/Templates/system_stm32f3xx.c ****   *
 230:Drivers/CMSIS/Device/ST/STM32F3xx/Source/Templates/system_stm32f3xx.c ****   *         (*) HSI_VALUE is a constant defined in stm32f3xx_hal.h file (default value
 231:Drivers/CMSIS/Device/ST/STM32F3xx/Source/Templates/system_stm32f3xx.c ****   *             8 MHz) but the real value may vary depending on the variations
 232:Drivers/CMSIS/Device/ST/STM32F3xx/Source/Templates/system_stm32f3xx.c ****   *             in voltage and temperature.
 233:Drivers/CMSIS/Device/ST/STM32F3xx/Source/Templates/system_stm32f3xx.c ****   *
 234:Drivers/CMSIS/Device/ST/STM32F3xx/Source/Templates/system_stm32f3xx.c ****   *         (**) HSE_VALUE is a constant defined in stm32f3xx_hal.h file (default value
 235:Drivers/CMSIS/Device/ST/STM32F3xx/Source/Templates/system_stm32f3xx.c ****   *              8 MHz), user has to ensure that HSE_VALUE is same as the real
 236:Drivers/CMSIS/Device/ST/STM32F3xx/Source/Templates/system_stm32f3xx.c ****   *              frequency of the crystal used. Otherwise, this function may
 237:Drivers/CMSIS/Device/ST/STM32F3xx/Source/Templates/system_stm32f3xx.c ****   *              have wrong result.
 238:Drivers/CMSIS/Device/ST/STM32F3xx/Source/Templates/system_stm32f3xx.c ****   *
 239:Drivers/CMSIS/Device/ST/STM32F3xx/Source/Templates/system_stm32f3xx.c ****   *         - The result of this function could be not correct when using fractional
 240:Drivers/CMSIS/Device/ST/STM32F3xx/Source/Templates/system_stm32f3xx.c ****   *           value for HSE crystal.
 241:Drivers/CMSIS/Device/ST/STM32F3xx/Source/Templates/system_stm32f3xx.c ****   *
 242:Drivers/CMSIS/Device/ST/STM32F3xx/Source/Templates/system_stm32f3xx.c ****   * @param  None
 243:Drivers/CMSIS/Device/ST/STM32F3xx/Source/Templates/system_stm32f3xx.c ****   * @retval None
 244:Drivers/CMSIS/Device/ST/STM32F3xx/Source/Templates/system_stm32f3xx.c ****   */
ARM GAS  /tmp/ccfFTvAb.s 			page 8


 245:Drivers/CMSIS/Device/ST/STM32F3xx/Source/Templates/system_stm32f3xx.c **** void SystemCoreClockUpdate (void)
 246:Drivers/CMSIS/Device/ST/STM32F3xx/Source/Templates/system_stm32f3xx.c **** {
 165              		.loc 1 246 0
 166              		.cfi_startproc
 167              		@ args = 0, pretend = 0, frame = 16
 168              		@ frame_needed = 1, uses_anonymous_args = 0
 169              		@ link register save eliminated.
 170 0000 80B4     		push	{r7}
 171              	.LCFI2:
 172              		.cfi_def_cfa_offset 4
 173              		.cfi_offset 7, -4
 174 0002 85B0     		sub	sp, sp, #20
 175              	.LCFI3:
 176              		.cfi_def_cfa_offset 24
 177 0004 00AF     		add	r7, sp, #0
 178              	.LCFI4:
 179              		.cfi_def_cfa_register 7
 247:Drivers/CMSIS/Device/ST/STM32F3xx/Source/Templates/system_stm32f3xx.c ****   uint32_t tmp = 0, pllmull = 0, pllsource = 0, predivfactor = 0;
 180              		.loc 1 247 0
 181 0006 0023     		movs	r3, #0
 182 0008 FB60     		str	r3, [r7, #12]
 183 000a 0023     		movs	r3, #0
 184 000c BB60     		str	r3, [r7, #8]
 185 000e 0023     		movs	r3, #0
 186 0010 7B60     		str	r3, [r7, #4]
 187 0012 0023     		movs	r3, #0
 188 0014 3B60     		str	r3, [r7]
 248:Drivers/CMSIS/Device/ST/STM32F3xx/Source/Templates/system_stm32f3xx.c **** 
 249:Drivers/CMSIS/Device/ST/STM32F3xx/Source/Templates/system_stm32f3xx.c ****   /* Get SYSCLK source -------------------------------------------------------*/
 250:Drivers/CMSIS/Device/ST/STM32F3xx/Source/Templates/system_stm32f3xx.c ****   tmp = RCC->CFGR & RCC_CFGR_SWS;
 189              		.loc 1 250 0
 190 0016 294B     		ldr	r3, .L13
 191 0018 5B68     		ldr	r3, [r3, #4]
 192 001a 03F00C03 		and	r3, r3, #12
 193 001e FB60     		str	r3, [r7, #12]
 251:Drivers/CMSIS/Device/ST/STM32F3xx/Source/Templates/system_stm32f3xx.c **** 
 252:Drivers/CMSIS/Device/ST/STM32F3xx/Source/Templates/system_stm32f3xx.c ****   switch (tmp)
 194              		.loc 1 252 0
 195 0020 FB68     		ldr	r3, [r7, #12]
 196 0022 042B     		cmp	r3, #4
 197 0024 07D0     		beq	.L6
 198 0026 082B     		cmp	r3, #8
 199 0028 09D0     		beq	.L7
 200 002a 002B     		cmp	r3, #0
 201 002c 2FD1     		bne	.L12
 253:Drivers/CMSIS/Device/ST/STM32F3xx/Source/Templates/system_stm32f3xx.c ****   {
 254:Drivers/CMSIS/Device/ST/STM32F3xx/Source/Templates/system_stm32f3xx.c ****     case RCC_CFGR_SWS_HSI:  /* HSI used as system clock */
 255:Drivers/CMSIS/Device/ST/STM32F3xx/Source/Templates/system_stm32f3xx.c ****       SystemCoreClock = HSI_VALUE;
 202              		.loc 1 255 0
 203 002e 244B     		ldr	r3, .L13+4
 204 0030 244A     		ldr	r2, .L13+8
 205 0032 1A60     		str	r2, [r3]
 256:Drivers/CMSIS/Device/ST/STM32F3xx/Source/Templates/system_stm32f3xx.c ****       break;
 206              		.loc 1 256 0
 207 0034 2FE0     		b	.L9
 208              	.L6:
 257:Drivers/CMSIS/Device/ST/STM32F3xx/Source/Templates/system_stm32f3xx.c ****     case RCC_CFGR_SWS_HSE:  /* HSE used as system clock */
ARM GAS  /tmp/ccfFTvAb.s 			page 9


 258:Drivers/CMSIS/Device/ST/STM32F3xx/Source/Templates/system_stm32f3xx.c ****       SystemCoreClock = HSE_VALUE;
 209              		.loc 1 258 0
 210 0036 224B     		ldr	r3, .L13+4
 211 0038 224A     		ldr	r2, .L13+8
 212 003a 1A60     		str	r2, [r3]
 259:Drivers/CMSIS/Device/ST/STM32F3xx/Source/Templates/system_stm32f3xx.c ****       break;
 213              		.loc 1 259 0
 214 003c 2BE0     		b	.L9
 215              	.L7:
 260:Drivers/CMSIS/Device/ST/STM32F3xx/Source/Templates/system_stm32f3xx.c ****     case RCC_CFGR_SWS_PLL:  /* PLL used as system clock */
 261:Drivers/CMSIS/Device/ST/STM32F3xx/Source/Templates/system_stm32f3xx.c ****       /* Get PLL clock source and multiplication factor ----------------------*/
 262:Drivers/CMSIS/Device/ST/STM32F3xx/Source/Templates/system_stm32f3xx.c ****       pllmull = RCC->CFGR & RCC_CFGR_PLLMUL;
 216              		.loc 1 262 0
 217 003e 1F4B     		ldr	r3, .L13
 218 0040 5B68     		ldr	r3, [r3, #4]
 219 0042 03F47013 		and	r3, r3, #3932160
 220 0046 BB60     		str	r3, [r7, #8]
 263:Drivers/CMSIS/Device/ST/STM32F3xx/Source/Templates/system_stm32f3xx.c ****       pllsource = RCC->CFGR & RCC_CFGR_PLLSRC;
 221              		.loc 1 263 0
 222 0048 1C4B     		ldr	r3, .L13
 223 004a 5B68     		ldr	r3, [r3, #4]
 224 004c 03F48033 		and	r3, r3, #65536
 225 0050 7B60     		str	r3, [r7, #4]
 264:Drivers/CMSIS/Device/ST/STM32F3xx/Source/Templates/system_stm32f3xx.c ****       pllmull = ( pllmull >> 18) + 2;
 226              		.loc 1 264 0
 227 0052 BB68     		ldr	r3, [r7, #8]
 228 0054 9B0C     		lsrs	r3, r3, #18
 229 0056 0233     		adds	r3, r3, #2
 230 0058 BB60     		str	r3, [r7, #8]
 265:Drivers/CMSIS/Device/ST/STM32F3xx/Source/Templates/system_stm32f3xx.c **** 
 266:Drivers/CMSIS/Device/ST/STM32F3xx/Source/Templates/system_stm32f3xx.c **** #if defined (STM32F302xE) || defined (STM32F303xE) || defined (STM32F398xx)
 267:Drivers/CMSIS/Device/ST/STM32F3xx/Source/Templates/system_stm32f3xx.c ****         predivfactor = (RCC->CFGR2 & RCC_CFGR2_PREDIV) + 1;
 268:Drivers/CMSIS/Device/ST/STM32F3xx/Source/Templates/system_stm32f3xx.c ****       if (pllsource == RCC_CFGR_PLLSRC_HSE_PREDIV)
 269:Drivers/CMSIS/Device/ST/STM32F3xx/Source/Templates/system_stm32f3xx.c ****       {
 270:Drivers/CMSIS/Device/ST/STM32F3xx/Source/Templates/system_stm32f3xx.c ****         /* HSE oscillator clock selected as PREDIV1 clock entry */
 271:Drivers/CMSIS/Device/ST/STM32F3xx/Source/Templates/system_stm32f3xx.c ****         SystemCoreClock = (HSE_VALUE / predivfactor) * pllmull;
 272:Drivers/CMSIS/Device/ST/STM32F3xx/Source/Templates/system_stm32f3xx.c ****       }
 273:Drivers/CMSIS/Device/ST/STM32F3xx/Source/Templates/system_stm32f3xx.c ****       else
 274:Drivers/CMSIS/Device/ST/STM32F3xx/Source/Templates/system_stm32f3xx.c ****       {
 275:Drivers/CMSIS/Device/ST/STM32F3xx/Source/Templates/system_stm32f3xx.c ****         /* HSI oscillator clock selected as PREDIV1 clock entry */
 276:Drivers/CMSIS/Device/ST/STM32F3xx/Source/Templates/system_stm32f3xx.c ****         SystemCoreClock = (HSI_VALUE / predivfactor) * pllmull;
 277:Drivers/CMSIS/Device/ST/STM32F3xx/Source/Templates/system_stm32f3xx.c ****       }
 278:Drivers/CMSIS/Device/ST/STM32F3xx/Source/Templates/system_stm32f3xx.c **** #else      
 279:Drivers/CMSIS/Device/ST/STM32F3xx/Source/Templates/system_stm32f3xx.c ****       if (pllsource == RCC_CFGR_PLLSRC_HSI_DIV2)
 231              		.loc 1 279 0
 232 005a 7B68     		ldr	r3, [r7, #4]
 233 005c 002B     		cmp	r3, #0
 234 005e 06D1     		bne	.L10
 280:Drivers/CMSIS/Device/ST/STM32F3xx/Source/Templates/system_stm32f3xx.c ****       {
 281:Drivers/CMSIS/Device/ST/STM32F3xx/Source/Templates/system_stm32f3xx.c ****         /* HSI oscillator clock divided by 2 selected as PLL clock entry */
 282:Drivers/CMSIS/Device/ST/STM32F3xx/Source/Templates/system_stm32f3xx.c ****         SystemCoreClock = (HSI_VALUE >> 1) * pllmull;
 235              		.loc 1 282 0
 236 0060 BB68     		ldr	r3, [r7, #8]
 237 0062 194A     		ldr	r2, .L13+12
 238 0064 02FB03F2 		mul	r2, r2, r3
 239 0068 154B     		ldr	r3, .L13+4
 240 006a 1A60     		str	r2, [r3]
ARM GAS  /tmp/ccfFTvAb.s 			page 10


 283:Drivers/CMSIS/Device/ST/STM32F3xx/Source/Templates/system_stm32f3xx.c ****       }
 284:Drivers/CMSIS/Device/ST/STM32F3xx/Source/Templates/system_stm32f3xx.c ****       else
 285:Drivers/CMSIS/Device/ST/STM32F3xx/Source/Templates/system_stm32f3xx.c ****       {
 286:Drivers/CMSIS/Device/ST/STM32F3xx/Source/Templates/system_stm32f3xx.c ****         predivfactor = (RCC->CFGR2 & RCC_CFGR2_PREDIV) + 1;
 287:Drivers/CMSIS/Device/ST/STM32F3xx/Source/Templates/system_stm32f3xx.c ****         /* HSE oscillator clock selected as PREDIV1 clock entry */
 288:Drivers/CMSIS/Device/ST/STM32F3xx/Source/Templates/system_stm32f3xx.c ****         SystemCoreClock = (HSE_VALUE / predivfactor) * pllmull;
 289:Drivers/CMSIS/Device/ST/STM32F3xx/Source/Templates/system_stm32f3xx.c ****       }
 290:Drivers/CMSIS/Device/ST/STM32F3xx/Source/Templates/system_stm32f3xx.c **** #endif /* STM32F302xE || STM32F303xE || STM32F398xx */
 291:Drivers/CMSIS/Device/ST/STM32F3xx/Source/Templates/system_stm32f3xx.c ****       break;
 241              		.loc 1 291 0
 242 006c 13E0     		b	.L9
 243              	.L10:
 286:Drivers/CMSIS/Device/ST/STM32F3xx/Source/Templates/system_stm32f3xx.c ****         /* HSE oscillator clock selected as PREDIV1 clock entry */
 244              		.loc 1 286 0
 245 006e 134B     		ldr	r3, .L13
 246 0070 DB6A     		ldr	r3, [r3, #44]
 247 0072 03F00F03 		and	r3, r3, #15
 248 0076 0133     		adds	r3, r3, #1
 249 0078 3B60     		str	r3, [r7]
 288:Drivers/CMSIS/Device/ST/STM32F3xx/Source/Templates/system_stm32f3xx.c ****       }
 250              		.loc 1 288 0
 251 007a 124A     		ldr	r2, .L13+8
 252 007c 3B68     		ldr	r3, [r7]
 253 007e B2FBF3F3 		udiv	r3, r2, r3
 254 0082 BA68     		ldr	r2, [r7, #8]
 255 0084 02FB03F2 		mul	r2, r2, r3
 256 0088 0D4B     		ldr	r3, .L13+4
 257 008a 1A60     		str	r2, [r3]
 258              		.loc 1 291 0
 259 008c 03E0     		b	.L9
 260              	.L12:
 292:Drivers/CMSIS/Device/ST/STM32F3xx/Source/Templates/system_stm32f3xx.c ****     default: /* HSI used as system clock */
 293:Drivers/CMSIS/Device/ST/STM32F3xx/Source/Templates/system_stm32f3xx.c ****       SystemCoreClock = HSI_VALUE;
 261              		.loc 1 293 0
 262 008e 0C4B     		ldr	r3, .L13+4
 263 0090 0C4A     		ldr	r2, .L13+8
 264 0092 1A60     		str	r2, [r3]
 294:Drivers/CMSIS/Device/ST/STM32F3xx/Source/Templates/system_stm32f3xx.c ****       break;
 265              		.loc 1 294 0
 266 0094 00BF     		nop
 267              	.L9:
 295:Drivers/CMSIS/Device/ST/STM32F3xx/Source/Templates/system_stm32f3xx.c ****   }
 296:Drivers/CMSIS/Device/ST/STM32F3xx/Source/Templates/system_stm32f3xx.c ****   /* Compute HCLK clock frequency ----------------*/
 297:Drivers/CMSIS/Device/ST/STM32F3xx/Source/Templates/system_stm32f3xx.c ****   /* Get HCLK prescaler */
 298:Drivers/CMSIS/Device/ST/STM32F3xx/Source/Templates/system_stm32f3xx.c ****   tmp = AHBPrescTable[((RCC->CFGR & RCC_CFGR_HPRE) >> 4)];
 268              		.loc 1 298 0
 269 0096 094B     		ldr	r3, .L13
 270 0098 5B68     		ldr	r3, [r3, #4]
 271 009a 03F0F003 		and	r3, r3, #240
 272 009e 1B09     		lsrs	r3, r3, #4
 273 00a0 0A4A     		ldr	r2, .L13+16
 274 00a2 D35C     		ldrb	r3, [r2, r3]	@ zero_extendqisi2
 275 00a4 FB60     		str	r3, [r7, #12]
 299:Drivers/CMSIS/Device/ST/STM32F3xx/Source/Templates/system_stm32f3xx.c ****   /* HCLK clock frequency */
 300:Drivers/CMSIS/Device/ST/STM32F3xx/Source/Templates/system_stm32f3xx.c ****   SystemCoreClock >>= tmp;
 276              		.loc 1 300 0
 277 00a6 064B     		ldr	r3, .L13+4
ARM GAS  /tmp/ccfFTvAb.s 			page 11


 278 00a8 1A68     		ldr	r2, [r3]
 279 00aa FB68     		ldr	r3, [r7, #12]
 280 00ac DA40     		lsrs	r2, r2, r3
 281 00ae 044B     		ldr	r3, .L13+4
 282 00b0 1A60     		str	r2, [r3]
 301:Drivers/CMSIS/Device/ST/STM32F3xx/Source/Templates/system_stm32f3xx.c **** }
 283              		.loc 1 301 0
 284 00b2 1437     		adds	r7, r7, #20
 285 00b4 BD46     		mov	sp, r7
 286              		@ sp needed
 287 00b6 5DF8047B 		ldr	r7, [sp], #4
 288 00ba 7047     		bx	lr
 289              	.L14:
 290              		.align	2
 291              	.L13:
 292 00bc 00100240 		.word	1073876992
 293 00c0 00000000 		.word	SystemCoreClock
 294 00c4 00127A00 		.word	8000000
 295 00c8 00093D00 		.word	4000000
 296 00cc 00000000 		.word	AHBPrescTable
 297              		.cfi_endproc
 298              	.LFE126:
 300              		.text
 301              	.Letext0:
 302              		.file 2 "/usr/include/newlib/machine/_default_types.h"
 303              		.file 3 "/usr/include/newlib/stdint.h"
 304              		.file 4 "Drivers/CMSIS/Include/core_cm4.h"
 305              		.file 5 "Drivers/CMSIS/Device/ST/STM32F3xx/Include/stm32f303xc.h"
ARM GAS  /tmp/ccfFTvAb.s 			page 12


DEFINED SYMBOLS
                            *ABS*:0000000000000000 system_stm32f3xx.c
     /tmp/ccfFTvAb.s:24     .data.SystemCoreClock:0000000000000000 SystemCoreClock
     /tmp/ccfFTvAb.s:21     .data.SystemCoreClock:0000000000000000 $d
     /tmp/ccfFTvAb.s:31     .rodata.AHBPrescTable:0000000000000000 AHBPrescTable
     /tmp/ccfFTvAb.s:28     .rodata.AHBPrescTable:0000000000000000 $d
     /tmp/ccfFTvAb.s:53     .rodata.APBPrescTable:0000000000000000 APBPrescTable
     /tmp/ccfFTvAb.s:50     .rodata.APBPrescTable:0000000000000000 $d
     /tmp/ccfFTvAb.s:63     .text.SystemInit:0000000000000000 $t
     /tmp/ccfFTvAb.s:68     .text.SystemInit:0000000000000000 SystemInit
     /tmp/ccfFTvAb.s:150    .text.SystemInit:0000000000000084 $d
     /tmp/ccfFTvAb.s:158    .text.SystemCoreClockUpdate:0000000000000000 $t
     /tmp/ccfFTvAb.s:163    .text.SystemCoreClockUpdate:0000000000000000 SystemCoreClockUpdate
     /tmp/ccfFTvAb.s:292    .text.SystemCoreClockUpdate:00000000000000bc $d
                     .debug_frame:0000000000000010 $d

NO UNDEFINED SYMBOLS
